     1 00000000                                 [FORMAT "WCOFF"]
     2 00000000                                 [INSTRSET "i486p"]
     3 00000000                                 [OPTIMIZE 1]
     4 00000000                                 [OPTION 1]
     5 00000000                                 [BITS 32]
     6 00000000                                 	EXTERN	_init_gdtidt
     7 00000000                                 	EXTERN	_init_pic
     8 00000000                                 	EXTERN	_io_sti
     9 00000000                                 	EXTERN	_fifo32_init
    10 00000000                                 	EXTERN	_init_pit
    11 00000000                                 	EXTERN	_io_out8
    12 00000000                                 	EXTERN	_timer_alloc
    13 00000000                                 	EXTERN	_timer_init
    14 00000000                                 	EXTERN	_timer_settime
    15 00000000                                 	EXTERN	_init_keyboard
    16 00000000                                 	EXTERN	_enable_mouse
    17 00000000                                 	EXTERN	_memtest
    18 00000000                                 	EXTERN	_memman_init
    19 00000000                                 	EXTERN	_memman_free
    20 00000000                                 	EXTERN	_init_palette
    21 00000000                                 	EXTERN	_shtctl_init
    22 00000000                                 	EXTERN	_sheet_alloc
    23 00000000                                 	EXTERN	_memman_alloc_4k
    24 00000000                                 	EXTERN	_sheet_setbuf
    25 00000000                                 	EXTERN	_init_screen
    26 00000000                                 	EXTERN	_init_mouse_cursor8
    27 00000000                                 	EXTERN	_sheet_slide
    28 00000000                                 	EXTERN	_sheet_updown
    29 00000000                                 	EXTERN	_sprintf
    30 00000000                                 	EXTERN	_putfonts8_asc
    31 00000000                                 	EXTERN	_memman_total
    32 00000000                                 	EXTERN	_sheet_refresh
    33 00000000                                 	EXTERN	_set_segmdesc
    34 00000000                                 	EXTERN	_load_tr
    35 00000000                                 	EXTERN	_io_cli
    36 00000000                                 	EXTERN	_fifo32_status
    37 00000000                                 	EXTERN	_fifo32_get
    38 00000000                                 	EXTERN	_keytable
    39 00000000                                 	EXTERN	_boxfill8
    40 00000000                                 	EXTERN	_taskswitch4
    41 00000000                                 	EXTERN	_mouse_decode
    42 00000000                                 	EXTERN	_io_stihlt
    43 00000000                                 	EXTERN	_io_hlt
    44 00000000                                 [FILE "bootpack.c"]
    45                                          [SECTION .data]
    46 00000000                                 _keytable:
    47 00000000 00                              	DB	0
    48 00000001 00                              	DB	0
    49 00000002 31                              	DB	49
    50 00000003 32                              	DB	50
    51 00000004 33                              	DB	51
    52 00000005 34                              	DB	52
    53 00000006 35                              	DB	53
    54 00000007 36                              	DB	54
    55 00000008 37                              	DB	55
    56 00000009 38                              	DB	56
    57 0000000A 39                              	DB	57
    58 0000000B 30                              	DB	48
    59 0000000C 2D                              	DB	45
    60 0000000D 5E                              	DB	94
    61 0000000E 00                              	DB	0
    62 0000000F 00                              	DB	0
    63 00000010 51                              	DB	81
    64 00000011 57                              	DB	87
    65 00000012 45                              	DB	69
    66 00000013 52                              	DB	82
    67 00000014 54                              	DB	84
    68 00000015 59                              	DB	89
    69 00000016 55                              	DB	85
    70 00000017 49                              	DB	73
    71 00000018 4F                              	DB	79
    72 00000019 50                              	DB	80
    73 0000001A 40                              	DB	64
    74 0000001B 5B                              	DB	91
    75 0000001C 00                              	DB	0
    76 0000001D 00                              	DB	0
    77 0000001E 41                              	DB	65
    78 0000001F 53                              	DB	83
    79 00000020 44                              	DB	68
    80 00000021 46                              	DB	70
    81 00000022 47                              	DB	71
    82 00000023 48                              	DB	72
    83 00000024 4A                              	DB	74
    84 00000025 4B                              	DB	75
    85 00000026 4C                              	DB	76
    86 00000027 3B                              	DB	59
    87 00000028 3A                              	DB	58
    88 00000029 00                              	DB	0
    89 0000002A 00                              	DB	0
    90 0000002B 5D                              	DB	93
    91 0000002C 5A                              	DB	90
    92 0000002D 58                              	DB	88
    93 0000002E 43                              	DB	67
    94 0000002F 56                              	DB	86
    95 00000030 42                              	DB	66
    96 00000031 4E                              	DB	78
    97 00000032 4D                              	DB	77
    98 00000033 2C                              	DB	44
    99 00000034 2E                              	DB	46
   100 00000035 2F                              	DB	47
   101 00000036 00                              	DB	0
   102 00000037 2A                              	DB	42
   103 00000038 00                              	DB	0
   104 00000039 20                              	DB	32
   105 0000003A 00                              	DB	0
   106 0000003B 00                              	DB	0
   107 0000003C 00                              	DB	0
   108 0000003D 00                              	DB	0
   109 0000003E 00                              	DB	0
   110 0000003F 00                              	DB	0
   111 00000040 00                              	DB	0
   112 00000041 00                              	DB	0
   113 00000042 00                              	DB	0
   114 00000043 00                              	DB	0
   115 00000044 00                              	DB	0
   116 00000045 00                              	DB	0
   117 00000046 00                              	DB	0
   118 00000047 37                              	DB	55
   119 00000048 38                              	DB	56
   120 00000049 39                              	DB	57
   121 0000004A 2D                              	DB	45
   122 0000004B 34                              	DB	52
   123 0000004C 35                              	DB	53
   124 0000004D 36                              	DB	54
   125 0000004E 2B                              	DB	43
   126 0000004F 31                              	DB	49
   127 00000050 32                              	DB	50
   128 00000051 33                              	DB	51
   129 00000052 30                              	DB	48
   130 00000053 2E                              	DB	46
   131 00000054                                 	GLOBAL	_binfo
   132 00000054                                 	ALIGNB	4
   133 00000054                                 _binfo:
   134 00000054 00000FF0                        	DD	4080
   135 00000058                                 LC0:
   136 00000058 63 6F 6E 73 6F 6C 65 00         	DB	"console",0x00
   137 00000060                                 LC1:
   138 00000060 28 25 33 64 2C 20 25 33 64 29   	DB	"(%3d, %3d)",0x00
       0000006A 00 
   139 0000006B                                 LC2:
   140 0000006B 6D 65 6D 6F 72 79 20 25 64 4D   	DB	"memory %dMB  free : %dKB, %dx%d",0x00
       00000075 42 20 20 66 72 65 65 20 3A 20 
       0000007F 25 64 4B 42 2C 20 25 64 78 25 
       00000089 64 00 
   141 0000008B                                 LC3:
   142 0000008B 25 30 32 58 00                  	DB	"%02X",0x00
   143 00000090                                 LC6:
   144 00000090 33 5B 73 65 63 5D 00            	DB	"3[sec]",0x00
   145 00000097                                 LC7:
   146 00000097 31 30 5B 73 65 63 5D 00         	DB	"10[sec]",0x00
   147 0000009F                                 LC4:
   148 0000009F 20 00                           	DB	" ",0x00
   149 000000A1                                 LC5:
   150 000000A1 5B 6C 63 72 20 25 34 64 20 25   	DB	"[lcr %4d %4d]",0x00
       000000AB 34 64 5D 00 
   151                                          [SECTION .text]
   152 00000000                                 	GLOBAL	_HariMain
   153 00000000                                 _HariMain:
   154 00000000 55                              	PUSH	EBP
   155 00000001 89 E5                           	MOV	EBP,ESP
   156 00000003 57                              	PUSH	EDI
   157 00000004 56                              	PUSH	ESI
   158 00000005 53                              	PUSH	EBX
   159 00000006 81 EC 00000404                  	SUB	ESP,1028
   160 0000000C C7 85 FFFFFC0C 00000008         	MOV	DWORD [-1012+EBP],8
   161 00000016 C7 85 FFFFFC08 00000007         	MOV	DWORD [-1016+EBP],7
   162 00000020 E8 [00000000]                   	CALL	_init_gdtidt
   163 00000025 E8 [00000000]                   	CALL	_init_pic
   164 0000002A E8 [00000000]                   	CALL	_io_sti
   165 0000002F 8D 85 FFFFFDF4                  	LEA	EAX,DWORD [-524+EBP]
   166 00000035 50                              	PUSH	EAX
   167 00000036 68 00000080                     	PUSH	128
   168 0000003B 68 [00000190]                   	PUSH	_fifo
   169 00000040 E8 [00000000]                   	CALL	_fifo32_init
   170 00000045 E8 [00000000]                   	CALL	_init_pit
   171 0000004A 68 000000F8                     	PUSH	248
   172 0000004F 6A 21                           	PUSH	33
   173 00000051 E8 [00000000]                   	CALL	_io_out8
   174 00000056 68 000000EF                     	PUSH	239
   175 0000005B 68 000000A1                     	PUSH	161
   176 00000060 E8 [00000000]                   	CALL	_io_out8
   177 00000065 6A 00                           	PUSH	0
   178 00000067 68 [00000190]                   	PUSH	_fifo
   179 0000006C E8 00000B16                     	CALL	_set490
   180 00000071 83 C4 24                        	ADD	ESP,36
   181 00000074 E8 [00000000]                   	CALL	_timer_alloc
   182 00000079 6A 0A                           	PUSH	10
   183 0000007B 89 C3                           	MOV	EBX,EAX
   184 0000007D 68 [00000190]                   	PUSH	_fifo
   185 00000082 50                              	PUSH	EAX
   186 00000083 E8 [00000000]                   	CALL	_timer_init
   187 00000088 68 000003E8                     	PUSH	1000
   188 0000008D 53                              	PUSH	EBX
   189 0000008E E8 [00000000]                   	CALL	_timer_settime
   190 00000093 E8 [00000000]                   	CALL	_timer_alloc
   191 00000098 6A 03                           	PUSH	3
   192 0000009A 68 [00000190]                   	PUSH	_fifo
   193 0000009F 89 C3                           	MOV	EBX,EAX
   194 000000A1 50                              	PUSH	EAX
   195 000000A2 E8 [00000000]                   	CALL	_timer_init
   196 000000A7 83 C4 20                        	ADD	ESP,32
   197 000000AA 68 0000012C                     	PUSH	300
   198 000000AF 53                              	PUSH	EBX
   199 000000B0 E8 [00000000]                   	CALL	_timer_settime
   200 000000B5 E8 [00000000]                   	CALL	_timer_alloc
   201 000000BA 6A 01                           	PUSH	1
   202 000000BC 68 [00000190]                   	PUSH	_fifo
   203 000000C1 50                              	PUSH	EAX
   204 000000C2 89 85 FFFFFBF4                  	MOV	DWORD [-1036+EBP],EAX
   205 000000C8 E8 [00000000]                   	CALL	_timer_init
   206 000000CD 6A 32                           	PUSH	50
   207 000000CF FF B5 FFFFFBF4                  	PUSH	DWORD [-1036+EBP]
   208 000000D5 E8 [00000000]                   	CALL	_timer_settime
   209 000000DA 68 00000100                     	PUSH	256
   210 000000DF 68 [00000190]                   	PUSH	_fifo
   211 000000E4 E8 [00000000]                   	CALL	_init_keyboard
   212 000000E9 8D 85 FFFFFD14                  	LEA	EAX,DWORD [-748+EBP]
   213 000000EF 83 C4 24                        	ADD	ESP,36
   214 000000F2 50                              	PUSH	EAX
   215 000000F3 68 00000200                     	PUSH	512
   216 000000F8 68 [00000190]                   	PUSH	_fifo
   217 000000FD E8 [00000000]                   	CALL	_enable_mouse
   218 00000102 68 BFFFFFFF                     	PUSH	-1073741825
   219 00000107 68 00400000                     	PUSH	4194304
   220 0000010C E8 [00000000]                   	CALL	_memtest
   221 00000111 68 003C0000                     	PUSH	3932160
   222 00000116 89 85 FFFFFC04                  	MOV	DWORD [-1020+EBP],EAX
   223 0000011C E8 [00000000]                   	CALL	_memman_init
   224 00000121 68 0009E000                     	PUSH	647168
   225 00000126 68 00001000                     	PUSH	4096
   226 0000012B 68 003C0000                     	PUSH	3932160
   227 00000130 E8 [00000000]                   	CALL	_memman_free
   228 00000135 8B 85 FFFFFC04                  	MOV	EAX,DWORD [-1020+EBP]
   229 0000013B 83 C4 24                        	ADD	ESP,36
   230 0000013E 2D 00400000                     	SUB	EAX,4194304
   231 00000143 50                              	PUSH	EAX
   232 00000144 68 00400000                     	PUSH	4194304
   233 00000149 68 003C0000                     	PUSH	3932160
   234 0000014E E8 [00000000]                   	CALL	_memman_free
   235 00000153 E8 [00000000]                   	CALL	_init_palette
   236 00000158 8B 15 [00000054]                	MOV	EDX,DWORD [_binfo]
   237 0000015E 0F BF 42 06                     	MOVSX	EAX,WORD [6+EDX]
   238 00000162 50                              	PUSH	EAX
   239 00000163 0F BF 42 04                     	MOVSX	EAX,WORD [4+EDX]
   240 00000167 50                              	PUSH	EAX
   241 00000168 FF 72 08                        	PUSH	DWORD [8+EDX]
   242 0000016B 68 003C0000                     	PUSH	3932160
   243 00000170 E8 [00000000]                   	CALL	_shtctl_init
   244 00000175 89 C3                           	MOV	EBX,EAX
   245 00000177 50                              	PUSH	EAX
   246 00000178 E8 [00000000]                   	CALL	_sheet_alloc
   247 0000017D 83 C4 20                        	ADD	ESP,32
   248 00000180 53                              	PUSH	EBX
   249 00000181 89 85 FFFFFC00                  	MOV	DWORD [-1024+EBP],EAX
   250 00000187 E8 [00000000]                   	CALL	_sheet_alloc
   251 0000018C 53                              	PUSH	EBX
   252 0000018D 8D 9D FFFFFC14                  	LEA	EBX,DWORD [-1004+EBP]
   253 00000193 89 85 FFFFFBFC                  	MOV	DWORD [-1028+EBP],EAX
   254 00000199 E8 [00000000]                   	CALL	_sheet_alloc
   255 0000019E 8B 15 [00000054]                	MOV	EDX,DWORD [_binfo]
   256 000001A4 89 85 FFFFFBF8                  	MOV	DWORD [-1032+EBP],EAX
   257 000001AA 0F BF 42 04                     	MOVSX	EAX,WORD [4+EDX]
   258 000001AE 0F BF 52 06                     	MOVSX	EDX,WORD [6+EDX]
   259 000001B2 0F AF C2                        	IMUL	EAX,EDX
   260 000001B5 50                              	PUSH	EAX
   261 000001B6 68 003C0000                     	PUSH	3932160
   262 000001BB E8 [00000000]                   	CALL	_memman_alloc_4k
   263 000001C0 68 00002080                     	PUSH	8320
   264 000001C5 68 003C0000                     	PUSH	3932160
   265 000001CA 89 C6                           	MOV	ESI,EAX
   266 000001CC E8 [00000000]                   	CALL	_memman_alloc_4k
   267 000001D1 8B 15 [00000054]                	MOV	EDX,DWORD [_binfo]
   268 000001D7 6A FF                           	PUSH	-1
   269 000001D9 89 C7                           	MOV	EDI,EAX
   270 000001DB 0F BF 42 06                     	MOVSX	EAX,WORD [6+EDX]
   271 000001DF 50                              	PUSH	EAX
   272 000001E0 0F BF 42 04                     	MOVSX	EAX,WORD [4+EDX]
   273 000001E4 50                              	PUSH	EAX
   274 000001E5 56                              	PUSH	ESI
   275 000001E6 FF B5 FFFFFC00                  	PUSH	DWORD [-1024+EBP]
   276 000001EC E8 [00000000]                   	CALL	_sheet_setbuf
   277 000001F1 83 C4 2C                        	ADD	ESP,44
   278 000001F4 6A 63                           	PUSH	99
   279 000001F6 6A 10                           	PUSH	16
   280 000001F8 6A 10                           	PUSH	16
   281 000001FA 53                              	PUSH	EBX
   282 000001FB FF B5 FFFFFBFC                  	PUSH	DWORD [-1028+EBP]
   283 00000201 E8 [00000000]                   	CALL	_sheet_setbuf
   284 00000206 6A FF                           	PUSH	-1
   285 00000208 6A 34                           	PUSH	52
   286 0000020A 68 000000A0                     	PUSH	160
   287 0000020F 57                              	PUSH	EDI
   288 00000210 FF B5 FFFFFBF8                  	PUSH	DWORD [-1032+EBP]
   289 00000216 E8 [00000000]                   	CALL	_sheet_setbuf
   290 0000021B 8B 15 [00000054]                	MOV	EDX,DWORD [_binfo]
   291 00000221 83 C4 28                        	ADD	ESP,40
   292 00000224 0F BF 42 06                     	MOVSX	EAX,WORD [6+EDX]
   293 00000228 50                              	PUSH	EAX
   294 00000229 0F BF 42 04                     	MOVSX	EAX,WORD [4+EDX]
   295 0000022D 50                              	PUSH	EAX
   296 0000022E 56                              	PUSH	ESI
   297 0000022F E8 [00000000]                   	CALL	_init_screen
   298 00000234 6A 63                           	PUSH	99
   299 00000236 53                              	PUSH	EBX
   300 00000237 E8 [00000000]                   	CALL	_init_mouse_cursor8
   301 0000023C 68 [00000058]                   	PUSH	LC0
   302 00000241 6A 44                           	PUSH	68
   303 00000243 68 000000A0                     	PUSH	160
   304 00000248 57                              	PUSH	EDI
   305 00000249 BF 00000002                     	MOV	EDI,2
   306 0000024E E8 0000060B                     	CALL	_make_window8
   307 00000253 83 C4 24                        	ADD	ESP,36
   308 00000256 6A 00                           	PUSH	0
   309 00000258 6A 00                           	PUSH	0
   310 0000025A FF B5 FFFFFC00                  	PUSH	DWORD [-1024+EBP]
   311 00000260 E8 [00000000]                   	CALL	_sheet_slide
   312 00000265 8B 0D [00000054]                	MOV	ECX,DWORD [_binfo]
   313 0000026B 0F BF 41 04                     	MOVSX	EAX,WORD [4+ECX]
   314 0000026F 8D 58 F0                        	LEA	EBX,DWORD [-16+EAX]
   315 00000272 89 D8                           	MOV	EAX,EBX
   316 00000274 8D 9D FFFFFDC4                  	LEA	EBX,DWORD [-572+EBP]
   317 0000027A 99                              	CDQ
   318 0000027B F7 FF                           	IDIV	EDI
   319 0000027D 89 85 FFFFFC10                  	MOV	DWORD [-1008+EBP],EAX
   320 00000283 0F BF 41 06                     	MOVSX	EAX,WORD [6+ECX]
   321 00000287 8D 48 D4                        	LEA	ECX,DWORD [-44+EAX]
   322 0000028A 89 C8                           	MOV	EAX,ECX
   323 0000028C 99                              	CDQ
   324 0000028D F7 FF                           	IDIV	EDI
   325 0000028F 50                              	PUSH	EAX
   326 00000290 89 C7                           	MOV	EDI,EAX
   327 00000292 FF B5 FFFFFC10                  	PUSH	DWORD [-1008+EBP]
   328 00000298 FF B5 FFFFFBFC                  	PUSH	DWORD [-1028+EBP]
   329 0000029E E8 [00000000]                   	CALL	_sheet_slide
   330 000002A3 6A 48                           	PUSH	72
   331 000002A5 6A 50                           	PUSH	80
   332 000002A7 FF B5 FFFFFBF8                  	PUSH	DWORD [-1032+EBP]
   333 000002AD E8 [00000000]                   	CALL	_sheet_slide
   334 000002B2 83 C4 24                        	ADD	ESP,36
   335 000002B5 6A 00                           	PUSH	0
   336 000002B7 FF B5 FFFFFC00                  	PUSH	DWORD [-1024+EBP]
   337 000002BD E8 [00000000]                   	CALL	_sheet_updown
   338 000002C2 6A 01                           	PUSH	1
   339 000002C4 FF B5 FFFFFBF8                  	PUSH	DWORD [-1032+EBP]
   340 000002CA E8 [00000000]                   	CALL	_sheet_updown
   341 000002CF 6A 02                           	PUSH	2
   342 000002D1 FF B5 FFFFFBFC                  	PUSH	DWORD [-1028+EBP]
   343 000002D7 E8 [00000000]                   	CALL	_sheet_updown
   344 000002DC 57                              	PUSH	EDI
   345 000002DD FF B5 FFFFFC10                  	PUSH	DWORD [-1008+EBP]
   346 000002E3 68 [00000060]                   	PUSH	LC1
   347 000002E8 53                              	PUSH	EBX
   348 000002E9 E8 [00000000]                   	CALL	_sprintf
   349 000002EE A1 [00000054]                   	MOV	EAX,DWORD [_binfo]
   350 000002F3 83 C4 28                        	ADD	ESP,40
   351 000002F6 53                              	PUSH	EBX
   352 000002F7 6A 07                           	PUSH	7
   353 000002F9 6A 00                           	PUSH	0
   354 000002FB 6A 00                           	PUSH	0
   355 000002FD 0F BF 40 04                     	MOVSX	EAX,WORD [4+EAX]
   356 00000301 50                              	PUSH	EAX
   357 00000302 56                              	PUSH	ESI
   358 00000303 E8 [00000000]                   	CALL	_putfonts8_asc
   359 00000308 8B 15 [00000054]                	MOV	EDX,DWORD [_binfo]
   360 0000030E 0F BF 42 06                     	MOVSX	EAX,WORD [6+EDX]
   361 00000312 50                              	PUSH	EAX
   362 00000313 0F BF 42 04                     	MOVSX	EAX,WORD [4+EDX]
   363 00000317 50                              	PUSH	EAX
   364 00000318 68 003C0000                     	PUSH	3932160
   365 0000031D E8 [00000000]                   	CALL	_memman_total
   366 00000322 C1 AD FFFFFC04 14               	SHR	DWORD [-1020+EBP],20
   367 00000329 C1 E8 0A                        	SHR	EAX,10
   368 0000032C 89 04 24                        	MOV	DWORD [ESP],EAX
   369 0000032F FF B5 FFFFFC04                  	PUSH	DWORD [-1020+EBP]
   370 00000335 68 [0000006B]                   	PUSH	LC2
   371 0000033A 53                              	PUSH	EBX
   372 0000033B E8 [00000000]                   	CALL	_sprintf
   373 00000340 A1 [00000054]                   	MOV	EAX,DWORD [_binfo]
   374 00000345 83 C4 30                        	ADD	ESP,48
   375 00000348 53                              	PUSH	EBX
   376 00000349 6A 07                           	PUSH	7
   377 0000034B 6A 20                           	PUSH	32
   378 0000034D 6A 00                           	PUSH	0
   379 0000034F 0F BF 40 04                     	MOVSX	EAX,WORD [4+EAX]
   380 00000353 50                              	PUSH	EAX
   381 00000354 56                              	PUSH	ESI
   382 00000355 E8 [00000000]                   	CALL	_putfonts8_asc
   383 0000035A A1 [00000054]                   	MOV	EAX,DWORD [_binfo]
   384 0000035F 6A 30                           	PUSH	48
   385 00000361 0F BF 40 04                     	MOVSX	EAX,WORD [4+EAX]
   386 00000365 50                              	PUSH	EAX
   387 00000366 6A 00                           	PUSH	0
   388 00000368 6A 00                           	PUSH	0
   389 0000036A FF B5 FFFFFC00                  	PUSH	DWORD [-1024+EBP]
   390 00000370 E8 [00000000]                   	CALL	_sheet_refresh
   391 00000375 83 C4 2C                        	ADD	ESP,44
   392 00000378 C7 05 [00000210] 00000000       	MOV	DWORD [_tss_a+96],0
   393 00000382 68 00000089                     	PUSH	137
   394 00000387 68 [000001B0]                   	PUSH	_tss_a
   395 0000038C 6A 67                           	PUSH	103
   396 0000038E 68 00270018                     	PUSH	2555928
   397 00000393 C7 05 [00000214] 40000000       	MOV	DWORD [_tss_a+100],1073741824
   398 0000039D C7 05 [00000280] 00000000       	MOV	DWORD [_tss_b+96],0
   399 000003A7 C7 05 [00000284] 40000000       	MOV	DWORD [_tss_b+100],1073741824
   400 000003B1 E8 [00000000]                   	CALL	_set_segmdesc
   401 000003B6 68 00000089                     	PUSH	137
   402 000003BB 68 [00000220]                   	PUSH	_tss_b
   403 000003C0 6A 67                           	PUSH	103
   404 000003C2 68 00270020                     	PUSH	2555936
   405 000003C7 E8 [00000000]                   	CALL	_set_segmdesc
   406 000003CC 83 C4 20                        	ADD	ESP,32
   407 000003CF 6A 18                           	PUSH	24
   408 000003D1 E8 [00000000]                   	CALL	_load_tr
   409 000003D6 68 00010000                     	PUSH	65536
   410 000003DB 68 003C0000                     	PUSH	3932160
   411 000003E0 E8 [00000000]                   	CALL	_memman_alloc_4k
   412 000003E5 83 C4 0C                        	ADD	ESP,12
   413 000003E8 05 00010000                     	ADD	EAX,65536
   414 000003ED C7 05 [00000240] [00000BCF]     	MOV	DWORD [_tss_b+32],_task_b_main
   415 000003F7 C7 05 [00000244] 00000202       	MOV	DWORD [_tss_b+36],514
   416 00000401 C7 05 [00000248] 00000000       	MOV	DWORD [_tss_b+40],0
   417 0000040B C7 05 [0000024C] 00000000       	MOV	DWORD [_tss_b+44],0
   418 00000415 C7 05 [00000250] 00000000       	MOV	DWORD [_tss_b+48],0
   419 0000041F A3 [00000258]                   	MOV	DWORD [_tss_b+56],EAX
   420 00000424 C7 05 [0000025C] 00000000       	MOV	DWORD [_tss_b+60],0
   421 0000042E C7 05 [00000260] 00000000       	MOV	DWORD [_tss_b+64],0
   422 00000438 C7 05 [00000264] 00000000       	MOV	DWORD [_tss_b+68],0
   423 00000442 C7 05 [00000268] 00000008       	MOV	DWORD [_tss_b+72],8
   424 0000044C C7 05 [0000026C] 00000010       	MOV	DWORD [_tss_b+76],16
   425 00000456 C7 05 [00000270] 00000008       	MOV	DWORD [_tss_b+80],8
   426 00000460 C7 05 [00000274] 00000008       	MOV	DWORD [_tss_b+84],8
   427 0000046A C7 05 [00000278] 00000008       	MOV	DWORD [_tss_b+88],8
   428 00000474 C7 05 [0000027C] 00000008       	MOV	DWORD [_tss_b+92],8
   429 0000047E                                 L2:
   430 0000047E E8 [00000000]                   	CALL	_io_cli
   431 00000483 68 [00000190]                   	PUSH	_fifo
   432 00000488 E8 [00000000]                   	CALL	_fifo32_status
   433 0000048D 59                              	POP	ECX
   434 0000048E 85 C0                           	TEST	EAX,EAX
   435 00000490 0F 84 000003BE                  	JE	L32
   436 00000496 68 [00000190]                   	PUSH	_fifo
   437 0000049B E8 [00000000]                   	CALL	_fifo32_get
   438 000004A0 89 C3                           	MOV	EBX,EAX
   439 000004A2 E8 [00000000]                   	CALL	_io_sti
   440 000004A7 5A                              	POP	EDX
   441 000004A8 8D 83 FFFFFF00                  	LEA	EAX,DWORD [-256+EBX]
   442 000004AE 3D 000000FF                     	CMP	EAX,255
   443 000004B3 0F 87 00000237                  	JA	L7
   444 000004B9 50                              	PUSH	EAX
   445 000004BA 8D B5 FFFFFDC4                  	LEA	ESI,DWORD [-572+EBP]
   446 000004C0 68 [0000008B]                   	PUSH	LC3
   447 000004C5 56                              	PUSH	ESI
   448 000004C6 E8 [00000000]                   	CALL	_sprintf
   449 000004CB 6A 02                           	PUSH	2
   450 000004CD 56                              	PUSH	ESI
   451 000004CE 6A 0E                           	PUSH	14
   452 000004D0 6A 07                           	PUSH	7
   453 000004D2 6A 10                           	PUSH	16
   454 000004D4 6A 00                           	PUSH	0
   455 000004D6 FF B5 FFFFFC00                  	PUSH	DWORD [-1024+EBP]
   456 000004DC E8 0000061F                     	CALL	_putfonts8_asc_sht
   457 000004E1 83 C4 28                        	ADD	ESP,40
   458 000004E4 81 FB 00000153                  	CMP	EBX,339
   459 000004EA 7F 47                           	JG	L8
   460 000004EC 8A 83 [FFFFFF00]                	MOV	AL,BYTE [_keytable-256+EBX]
   461 000004F2 84 C0                           	TEST	AL,AL
   462 000004F4 74 3D                           	JE	L8
   463 000004F6 81 BD FFFFFC0C 0000008F         	CMP	DWORD [-1012+EBP],143
   464 00000500 7F 31                           	JG	L8
   465 00000502 6A 01                           	PUSH	1
   466 00000504 88 85 FFFFFDC4                  	MOV	BYTE [-572+EBP],AL
   467 0000050A 56                              	PUSH	ESI
   468 0000050B 6A 08                           	PUSH	8
   469 0000050D 6A 00                           	PUSH	0
   470 0000050F 6A 1C                           	PUSH	28
   471 00000511 FF B5 FFFFFC0C                  	PUSH	DWORD [-1012+EBP]
   472 00000517 FF B5 FFFFFBF8                  	PUSH	DWORD [-1032+EBP]
   473 0000051D C6 85 FFFFFDC5 00               	MOV	BYTE [-571+EBP],0
   474 00000524 E8 000005D7                     	CALL	_putfonts8_asc_sht
   475 00000529 83 C4 1C                        	ADD	ESP,28
   476 0000052C 83 85 FFFFFC0C 08               	ADD	DWORD [-1012+EBP],8
   477 00000533                                 L8:
   478 00000533 81 FB 0000010E                  	CMP	EBX,270
   479 00000539 0F 84 00000177                  	JE	L33
   480 0000053F                                 L10:
   481 0000053F 8B 85 FFFFFC0C                  	MOV	EAX,DWORD [-1012+EBP]
   482 00000545 6A 2B                           	PUSH	43
   483 00000547 83 C0 07                        	ADD	EAX,7
   484 0000054A 8B 95 FFFFFBF8                  	MOV	EDX,DWORD [-1032+EBP]
   485 00000550 50                              	PUSH	EAX
   486 00000551 6A 1C                           	PUSH	28
   487 00000553 FF B5 FFFFFC0C                  	PUSH	DWORD [-1012+EBP]
   488 00000559 FF B5 FFFFFC08                  	PUSH	DWORD [-1016+EBP]
   489 0000055F FF 72 04                        	PUSH	DWORD [4+EDX]
   490 00000562 FF 32                           	PUSH	DWORD [EDX]
   491 00000564 E8 [00000000]                   	CALL	_boxfill8
   492 00000569 8B 85 FFFFFC0C                  	MOV	EAX,DWORD [-1012+EBP]
   493 0000056F 6A 2C                           	PUSH	44
   494 00000571 83 C0 08                        	ADD	EAX,8
   495 00000574 50                              	PUSH	EAX
   496 00000575 6A 1C                           	PUSH	28
   497 00000577 FF B5 FFFFFC0C                  	PUSH	DWORD [-1012+EBP]
   498 0000057D FF B5 FFFFFBF8                  	PUSH	DWORD [-1032+EBP]
   499 00000583 E8 [00000000]                   	CALL	_sheet_refresh
   500 00000588 83 C4 30                        	ADD	ESP,48
   501 0000058B                                 L11:
   502 0000058B 83 FB 01                        	CMP	EBX,1
   503 0000058E 75 79                           	JNE	L34
   504 00000590 6A 00                           	PUSH	0
   505 00000592 68 [00000190]                   	PUSH	_fifo
   506 00000597 FF B5 FFFFFBF4                  	PUSH	DWORD [-1036+EBP]
   507 0000059D E8 [00000000]                   	CALL	_timer_init
   508 000005A2 6A 32                           	PUSH	50
   509 000005A4 FF B5 FFFFFBF4                  	PUSH	DWORD [-1036+EBP]
   510 000005AA C7 85 FFFFFC08 00000000         	MOV	DWORD [-1016+EBP],0
   511 000005B4 E8 [00000000]                   	CALL	_timer_settime
   512 000005B9 8B 85 FFFFFC0C                  	MOV	EAX,DWORD [-1012+EBP]
   513 000005BF 6A 2B                           	PUSH	43
   514 000005C1 83 C0 07                        	ADD	EAX,7
   515 000005C4 50                              	PUSH	EAX
   516 000005C5 8B 85 FFFFFBF8                  	MOV	EAX,DWORD [-1032+EBP]
   517 000005CB 6A 1C                           	PUSH	28
   518 000005CD FF B5 FFFFFC0C                  	PUSH	DWORD [-1012+EBP]
   519 000005D3 6A 00                           	PUSH	0
   520 000005D5 FF 70 04                        	PUSH	DWORD [4+EAX]
   521 000005D8 FF 30                           	PUSH	DWORD [EAX]
   522 000005DA                                 L31:
   523 000005DA E8 [00000000]                   	CALL	_boxfill8
   524 000005DF 8B 85 FFFFFC0C                  	MOV	EAX,DWORD [-1012+EBP]
   525 000005E5 83 C4 30                        	ADD	ESP,48
   526 000005E8 83 C0 08                        	ADD	EAX,8
   527 000005EB 6A 2C                           	PUSH	44
   528 000005ED 50                              	PUSH	EAX
   529 000005EE 6A 1C                           	PUSH	28
   530 000005F0 FF B5 FFFFFC0C                  	PUSH	DWORD [-1012+EBP]
   531 000005F6 FF B5 FFFFFBF8                  	PUSH	DWORD [-1032+EBP]
   532 000005FC E8 [00000000]                   	CALL	_sheet_refresh
   533 00000601 83 C4 14                        	ADD	ESP,20
   534 00000604 E9 FFFFFE75                     	JMP	L2
   535 00000609                                 L34:
   536 00000609 83 FB 01                        	CMP	EBX,1
   537 0000060C 7E 51                           	JLE	L35
   538 0000060E 83 FB 03                        	CMP	EBX,3
   539 00000611 75 22                           	JNE	L36
   540 00000613 6A 06                           	PUSH	6
   541 00000615 68 [00000090]                   	PUSH	LC6
   542 0000061A 6A 0E                           	PUSH	14
   543 0000061C 6A 07                           	PUSH	7
   544 0000061E 6A 50                           	PUSH	80
   545 00000620 6A 00                           	PUSH	0
   546 00000622 FF B5 FFFFFC00                  	PUSH	DWORD [-1024+EBP]
   547 00000628 E8 000004D3                     	CALL	_putfonts8_asc_sht
   548 0000062D                                 L30:
   549 0000062D 83 C4 1C                        	ADD	ESP,28
   550 00000630 E9 FFFFFE49                     	JMP	L2
   551 00000635                                 L36:
   552 00000635 83 FB 0A                        	CMP	EBX,10
   553 00000638 0F 85 FFFFFE40                  	JNE	L2
   554 0000063E 6A 07                           	PUSH	7
   555 00000640 68 [00000097]                   	PUSH	LC7
   556 00000645 6A 0E                           	PUSH	14
   557 00000647 6A 07                           	PUSH	7
   558 00000649 6A 40                           	PUSH	64
   559 0000064B 6A 00                           	PUSH	0
   560 0000064D FF B5 FFFFFC00                  	PUSH	DWORD [-1024+EBP]
   561 00000653 E8 000004A8                     	CALL	_putfonts8_asc_sht
   562 00000658 E8 [00000000]                   	CALL	_taskswitch4
   563 0000065D EB CE                           	JMP	L30
   564 0000065F                                 L35:
   565 0000065F 85 DB                           	TEST	EBX,EBX
   566 00000661 0F 85 FFFFFE17                  	JNE	L2
   567 00000667 6A 01                           	PUSH	1
   568 00000669 68 [00000190]                   	PUSH	_fifo
   569 0000066E FF B5 FFFFFBF4                  	PUSH	DWORD [-1036+EBP]
   570 00000674 E8 [00000000]                   	CALL	_timer_init
   571 00000679 6A 32                           	PUSH	50
   572 0000067B FF B5 FFFFFBF4                  	PUSH	DWORD [-1036+EBP]
   573 00000681 C7 85 FFFFFC08 00000007         	MOV	DWORD [-1016+EBP],7
   574 0000068B E8 [00000000]                   	CALL	_timer_settime
   575 00000690 8B 95 FFFFFBF8                  	MOV	EDX,DWORD [-1032+EBP]
   576 00000696 8B 85 FFFFFC0C                  	MOV	EAX,DWORD [-1012+EBP]
   577 0000069C 6A 2B                           	PUSH	43
   578 0000069E 83 C0 07                        	ADD	EAX,7
   579 000006A1 50                              	PUSH	EAX
   580 000006A2 6A 1C                           	PUSH	28
   581 000006A4 FF B5 FFFFFC0C                  	PUSH	DWORD [-1012+EBP]
   582 000006AA 6A 07                           	PUSH	7
   583 000006AC FF 72 04                        	PUSH	DWORD [4+EDX]
   584 000006AF FF 32                           	PUSH	DWORD [EDX]
   585 000006B1 E9 FFFFFF24                     	JMP	L31
   586 000006B6                                 L33:
   587 000006B6 83 BD FFFFFC0C 08               	CMP	DWORD [-1012+EBP],8
   588 000006BD 0F 8E FFFFFE7C                  	JLE	L10
   589 000006C3 6A 01                           	PUSH	1
   590 000006C5 68 [0000009F]                   	PUSH	LC4
   591 000006CA 6A 08                           	PUSH	8
   592 000006CC 6A 00                           	PUSH	0
   593 000006CE 6A 1C                           	PUSH	28
   594 000006D0 FF B5 FFFFFC0C                  	PUSH	DWORD [-1012+EBP]
   595 000006D6 FF B5 FFFFFBF8                  	PUSH	DWORD [-1032+EBP]
   596 000006DC E8 0000041F                     	CALL	_putfonts8_asc_sht
   597 000006E1 83 C4 1C                        	ADD	ESP,28
   598 000006E4 83 AD FFFFFC0C 08               	SUB	DWORD [-1012+EBP],8
   599 000006EB E9 FFFFFE4F                     	JMP	L10
   600 000006F0                                 L7:
   601 000006F0 8D 83 FFFFFE00                  	LEA	EAX,DWORD [-512+EBX]
   602 000006F6 3D 000000FF                     	CMP	EAX,255
   603 000006FB 0F 87 FFFFFE8A                  	JA	L11
   604 00000701 0F B6 C3                        	MOVZX	EAX,BL
   605 00000704 50                              	PUSH	EAX
   606 00000705 8D 85 FFFFFD14                  	LEA	EAX,DWORD [-748+EBP]
   607 0000070B 50                              	PUSH	EAX
   608 0000070C FF 35 [00000054]                	PUSH	DWORD [_binfo]
   609 00000712 E8 [00000000]                   	CALL	_mouse_decode
   610 00000717 83 C4 0C                        	ADD	ESP,12
   611 0000071A 85 C0                           	TEST	EAX,EAX
   612 0000071C 0F 84 FFFFFE69                  	JE	L11
   613 00000722 FF B5 FFFFFD1C                  	PUSH	DWORD [-740+EBP]
   614 00000728 FF B5 FFFFFD18                  	PUSH	DWORD [-744+EBP]
   615 0000072E 68 [000000A1]                   	PUSH	LC5
   616 00000733 8D B5 FFFFFDC4                  	LEA	ESI,DWORD [-572+EBP]
   617 00000739 56                              	PUSH	ESI
   618 0000073A E8 [00000000]                   	CALL	_sprintf
   619 0000073F 83 C4 10                        	ADD	ESP,16
   620 00000742 8B 85 FFFFFD20                  	MOV	EAX,DWORD [-736+EBP]
   621 00000748 A9 00000001                     	TEST	EAX,1
   622 0000074D 74 07                           	JE	L14
   623 0000074F C6 85 FFFFFDC5 4C               	MOV	BYTE [-571+EBP],76
   624 00000756                                 L14:
   625 00000756 A9 00000002                     	TEST	EAX,2
   626 0000075B 74 07                           	JE	L15
   627 0000075D C6 85 FFFFFDC7 52               	MOV	BYTE [-569+EBP],82
   628 00000764                                 L15:
   629 00000764 83 E0 04                        	AND	EAX,4
   630 00000767 74 07                           	JE	L16
   631 00000769 C6 85 FFFFFDC6 43               	MOV	BYTE [-570+EBP],67
   632 00000770                                 L16:
   633 00000770 6A 0F                           	PUSH	15
   634 00000772 56                              	PUSH	ESI
   635 00000773 6A 0E                           	PUSH	14
   636 00000775 6A 07                           	PUSH	7
   637 00000777 6A 10                           	PUSH	16
   638 00000779 6A 20                           	PUSH	32
   639 0000077B FF B5 FFFFFC00                  	PUSH	DWORD [-1024+EBP]
   640 00000781 E8 0000037A                     	CALL	_putfonts8_asc_sht
   641 00000786 8B 85 FFFFFD18                  	MOV	EAX,DWORD [-744+EBP]
   642 0000078C 03 BD FFFFFD1C                  	ADD	EDI,DWORD [-740+EBP]
   643 00000792 83 C4 1C                        	ADD	ESP,28
   644 00000795 01 85 FFFFFC10                  	ADD	DWORD [-1008+EBP],EAX
   645 0000079B 0F 88 000000A4                  	JS	L39
   646 000007A1                                 L17:
   647 000007A1 85 FF                           	TEST	EDI,EDI
   648 000007A3 0F 88 00000095                  	JS	L40
   649 000007A9                                 L18:
   650 000007A9 8B 15 [00000054]                	MOV	EDX,DWORD [_binfo]
   651 000007AF 0F BF 42 04                     	MOVSX	EAX,WORD [4+EDX]
   652 000007B3 48                              	DEC	EAX
   653 000007B4 39 85 FFFFFC10                  	CMP	DWORD [-1008+EBP],EAX
   654 000007BA 7E 06                           	JLE	L19
   655 000007BC 89 85 FFFFFC10                  	MOV	DWORD [-1008+EBP],EAX
   656 000007C2                                 L19:
   657 000007C2 0F BF 42 06                     	MOVSX	EAX,WORD [6+EDX]
   658 000007C6 48                              	DEC	EAX
   659 000007C7 39 C7                           	CMP	EDI,EAX
   660 000007C9 7E 02                           	JLE	L20
   661 000007CB 89 C7                           	MOV	EDI,EAX
   662 000007CD                                 L20:
   663 000007CD 57                              	PUSH	EDI
   664 000007CE FF B5 FFFFFC10                  	PUSH	DWORD [-1008+EBP]
   665 000007D4 68 [00000060]                   	PUSH	LC1
   666 000007D9 56                              	PUSH	ESI
   667 000007DA E8 [00000000]                   	CALL	_sprintf
   668 000007DF 6A 0A                           	PUSH	10
   669 000007E1 56                              	PUSH	ESI
   670 000007E2 6A 0E                           	PUSH	14
   671 000007E4 6A 07                           	PUSH	7
   672 000007E6 6A 00                           	PUSH	0
   673 000007E8 6A 00                           	PUSH	0
   674 000007EA FF B5 FFFFFC00                  	PUSH	DWORD [-1024+EBP]
   675 000007F0 E8 0000030B                     	CALL	_putfonts8_asc_sht
   676 000007F5 83 C4 2C                        	ADD	ESP,44
   677 000007F8 57                              	PUSH	EDI
   678 000007F9 FF B5 FFFFFC10                  	PUSH	DWORD [-1008+EBP]
   679 000007FF FF B5 FFFFFBFC                  	PUSH	DWORD [-1028+EBP]
   680 00000805 E8 [00000000]                   	CALL	_sheet_slide
   681 0000080A 83 C4 0C                        	ADD	ESP,12
   682 0000080D F7 85 FFFFFD20 00000001         	TEST	DWORD [-736+EBP],1
   683 00000817 0F 84 FFFFFD6E                  	JE	L11
   684 0000081D 8D 47 F8                        	LEA	EAX,DWORD [-8+EDI]
   685 00000820 50                              	PUSH	EAX
   686 00000821 8B 85 FFFFFC10                  	MOV	EAX,DWORD [-1008+EBP]
   687 00000827 83 E8 50                        	SUB	EAX,80
   688 0000082A 50                              	PUSH	EAX
   689 0000082B FF B5 FFFFFBF8                  	PUSH	DWORD [-1032+EBP]
   690 00000831 E8 [00000000]                   	CALL	_sheet_slide
   691 00000836 83 C4 0C                        	ADD	ESP,12
   692 00000839 E9 FFFFFD4D                     	JMP	L11
   693 0000083E                                 L40:
   694 0000083E 31 FF                           	XOR	EDI,EDI
   695 00000840 E9 FFFFFF64                     	JMP	L18
   696 00000845                                 L39:
   697 00000845 C7 85 FFFFFC10 00000000         	MOV	DWORD [-1008+EBP],0
   698 0000084F E9 FFFFFF4D                     	JMP	L17
   699 00000854                                 L32:
   700 00000854 E8 [00000000]                   	CALL	_io_stihlt
   701 00000859 E9 FFFFFC20                     	JMP	L2
   702                                          [SECTION .data]
   703 000000AF                                 _closebtn.0:
   704 000000AF 4F 4F 4F 4F 4F 4F 4F 4F 4F 4F   	DB	"OOOOOOOOOOOOOOO@"
       000000B9 4F 4F 4F 4F 4F 40 
   705 000000BF 4F 51 51 51 51 51 51 51 51 51   	DB	"OQQQQQQQQQQQQQ$@"
       000000C9 51 51 51 51 24 40 
   706 000000CF 4F 51 51 51 51 51 51 51 51 51   	DB	"OQQQQQQQQQQQQQ$@"
       000000D9 51 51 51 51 24 40 
   707 000000DF 4F 51 51 51 40 40 51 51 51 51   	DB	"OQQQ@@QQQQ@@QQ$@"
       000000E9 40 40 51 51 24 40 
   708 000000EF 4F 51 51 51 51 40 40 51 51 40   	DB	"OQQQQ@@QQ@@QQQ$@"
       000000F9 40 51 51 51 24 40 
   709 000000FF 4F 51 51 51 51 51 40 40 40 40   	DB	"OQQQQQ@@@@QQQQ$@"
       00000109 51 51 51 51 24 40 
   710 0000010F 4F 51 51 51 51 51 51 40 40 51   	DB	"OQQQQQQ@@QQQQQ$@"
       00000119 51 51 51 51 24 40 
   711 0000011F 4F 51 51 51 51 51 40 40 40 40   	DB	"OQQQQQ@@@@QQQQ$@"
       00000129 51 51 51 51 24 40 
   712 0000012F 4F 51 51 51 51 40 40 51 51 40   	DB	"OQQQQ@@QQ@@QQQ$@"
       00000139 40 51 51 51 24 40 
   713 0000013F 4F 51 51 51 40 40 51 51 51 51   	DB	"OQQQ@@QQQQ@@QQ$@"
       00000149 40 40 51 51 24 40 
   714 0000014F 4F 51 51 51 51 51 51 51 51 51   	DB	"OQQQQQQQQQQQQQ$@"
       00000159 51 51 51 51 24 40 
   715 0000015F 4F 51 51 51 51 51 51 51 51 51   	DB	"OQQQQQQQQQQQQQ$@"
       00000169 51 51 51 51 24 40 
   716 0000016F 4F 24 24 24 24 24 24 24 24 24   	DB	"O$$$$$$$$$$$$$$@"
       00000179 24 24 24 24 24 40 
   717 0000017F 40 40 40 40 40 40 40 40 40 40   	DB	"@@@@@@@@@@@@@@@@"
       00000189 40 40 40 40 40 40 
   718                                          [SECTION .text]
   719 0000085E                                 	GLOBAL	_make_window8
   720 0000085E                                 _make_window8:
   721 0000085E 55                              	PUSH	EBP
   722 0000085F 89 E5                           	MOV	EBP,ESP
   723 00000861 57                              	PUSH	EDI
   724 00000862 56                              	PUSH	ESI
   725 00000863 53                              	PUSH	EBX
   726 00000864 83 EC 14                        	SUB	ESP,20
   727 00000867 8B 5D 0C                        	MOV	EBX,DWORD [12+EBP]
   728 0000086A 6A 00                           	PUSH	0
   729 0000086C 8D 43 FF                        	LEA	EAX,DWORD [-1+EBX]
   730 0000086F 8D 7B FE                        	LEA	EDI,DWORD [-2+EBX]
   731 00000872 50                              	PUSH	EAX
   732 00000873 89 45 EC                        	MOV	DWORD [-20+EBP],EAX
   733 00000876 6A 00                           	PUSH	0
   734 00000878 6A 00                           	PUSH	0
   735 0000087A 6A 08                           	PUSH	8
   736 0000087C 53                              	PUSH	EBX
   737 0000087D FF 75 08                        	PUSH	DWORD [8+EBP]
   738 00000880 E8 [00000000]                   	CALL	_boxfill8
   739 00000885 6A 01                           	PUSH	1
   740 00000887 57                              	PUSH	EDI
   741 00000888 6A 01                           	PUSH	1
   742 0000088A 6A 01                           	PUSH	1
   743 0000088C 6A 07                           	PUSH	7
   744 0000088E 53                              	PUSH	EBX
   745 0000088F FF 75 08                        	PUSH	DWORD [8+EBP]
   746 00000892 E8 [00000000]                   	CALL	_boxfill8
   747 00000897 8B 55 10                        	MOV	EDX,DWORD [16+EBP]
   748 0000089A 83 C4 38                        	ADD	ESP,56
   749 0000089D 4A                              	DEC	EDX
   750 0000089E 89 55 E8                        	MOV	DWORD [-24+EBP],EDX
   751 000008A1 52                              	PUSH	EDX
   752 000008A2 6A 00                           	PUSH	0
   753 000008A4 6A 00                           	PUSH	0
   754 000008A6 6A 00                           	PUSH	0
   755 000008A8 6A 08                           	PUSH	8
   756 000008AA 53                              	PUSH	EBX
   757 000008AB FF 75 08                        	PUSH	DWORD [8+EBP]
   758 000008AE E8 [00000000]                   	CALL	_boxfill8
   759 000008B3 8B 75 10                        	MOV	ESI,DWORD [16+EBP]
   760 000008B6 83 EE 02                        	SUB	ESI,2
   761 000008B9 56                              	PUSH	ESI
   762 000008BA 6A 01                           	PUSH	1
   763 000008BC 6A 01                           	PUSH	1
   764 000008BE 6A 01                           	PUSH	1
   765 000008C0 6A 07                           	PUSH	7
   766 000008C2 53                              	PUSH	EBX
   767 000008C3 FF 75 08                        	PUSH	DWORD [8+EBP]
   768 000008C6 E8 [00000000]                   	CALL	_boxfill8
   769 000008CB 83 C4 38                        	ADD	ESP,56
   770 000008CE 56                              	PUSH	ESI
   771 000008CF 57                              	PUSH	EDI
   772 000008D0 6A 01                           	PUSH	1
   773 000008D2 57                              	PUSH	EDI
   774 000008D3 6A 0F                           	PUSH	15
   775 000008D5 53                              	PUSH	EBX
   776 000008D6 FF 75 08                        	PUSH	DWORD [8+EBP]
   777 000008D9 E8 [00000000]                   	CALL	_boxfill8
   778 000008DE FF 75 E8                        	PUSH	DWORD [-24+EBP]
   779 000008E1 FF 75 EC                        	PUSH	DWORD [-20+EBP]
   780 000008E4 6A 00                           	PUSH	0
   781 000008E6 FF 75 EC                        	PUSH	DWORD [-20+EBP]
   782 000008E9 6A 00                           	PUSH	0
   783 000008EB 53                              	PUSH	EBX
   784 000008EC FF 75 08                        	PUSH	DWORD [8+EBP]
   785 000008EF E8 [00000000]                   	CALL	_boxfill8
   786 000008F4 8B 45 10                        	MOV	EAX,DWORD [16+EBP]
   787 000008F7 83 C4 38                        	ADD	ESP,56
   788 000008FA 83 E8 03                        	SUB	EAX,3
   789 000008FD 50                              	PUSH	EAX
   790 000008FE 8D 43 FD                        	LEA	EAX,DWORD [-3+EBX]
   791 00000901 50                              	PUSH	EAX
   792 00000902 6A 02                           	PUSH	2
   793 00000904 6A 02                           	PUSH	2
   794 00000906 6A 08                           	PUSH	8
   795 00000908 53                              	PUSH	EBX
   796 00000909 FF 75 08                        	PUSH	DWORD [8+EBP]
   797 0000090C E8 [00000000]                   	CALL	_boxfill8
   798 00000911 8D 43 FC                        	LEA	EAX,DWORD [-4+EBX]
   799 00000914 6A 14                           	PUSH	20
   800 00000916 50                              	PUSH	EAX
   801 00000917 6A 03                           	PUSH	3
   802 00000919 6A 03                           	PUSH	3
   803 0000091B 6A 0C                           	PUSH	12
   804 0000091D 53                              	PUSH	EBX
   805 0000091E FF 75 08                        	PUSH	DWORD [8+EBP]
   806 00000921 E8 [00000000]                   	CALL	_boxfill8
   807 00000926 83 C4 38                        	ADD	ESP,56
   808 00000929 56                              	PUSH	ESI
   809 0000092A 57                              	PUSH	EDI
   810 0000092B 56                              	PUSH	ESI
   811 0000092C 6A 01                           	PUSH	1
   812 0000092E 6A 0F                           	PUSH	15
   813 00000930 53                              	PUSH	EBX
   814 00000931 FF 75 08                        	PUSH	DWORD [8+EBP]
   815 00000934 E8 [00000000]                   	CALL	_boxfill8
   816 00000939 FF 75 E8                        	PUSH	DWORD [-24+EBP]
   817 0000093C FF 75 EC                        	PUSH	DWORD [-20+EBP]
   818 0000093F FF 75 E8                        	PUSH	DWORD [-24+EBP]
   819 00000942 6A 00                           	PUSH	0
   820 00000944 6A 00                           	PUSH	0
   821 00000946 6B F3 05                        	IMUL	ESI,EBX,5
   822 00000949 53                              	PUSH	EBX
   823 0000094A FF 75 08                        	PUSH	DWORD [8+EBP]
   824 0000094D E8 [00000000]                   	CALL	_boxfill8
   825 00000952 83 C4 38                        	ADD	ESP,56
   826 00000955 FF 75 14                        	PUSH	DWORD [20+EBP]
   827 00000958 6A 07                           	PUSH	7
   828 0000095A 6A 04                           	PUSH	4
   829 0000095C 6A 18                           	PUSH	24
   830 0000095E 53                              	PUSH	EBX
   831 0000095F FF 75 08                        	PUSH	DWORD [8+EBP]
   832 00000962 E8 [00000000]                   	CALL	_putfonts8_asc
   833 00000967 83 C4 18                        	ADD	ESP,24
   834 0000096A C7 45 F0 00000000               	MOV	DWORD [-16+EBP],0
   835 00000971 C7 45 E0 00000000               	MOV	DWORD [-32+EBP],0
   836 00000978                                 L57:
   837 00000978 8D 04 1E                        	LEA	EAX,DWORD [ESI+EBX*1]
   838 0000097B 8B 55 08                        	MOV	EDX,DWORD [8+EBP]
   839 0000097E 31 FF                           	XOR	EDI,EDI
   840 00000980 8D 4C 02 EB                     	LEA	ECX,DWORD [-21+EDX+EAX*1]
   841 00000984                                 L56:
   842 00000984 8B 45 E0                        	MOV	EAX,DWORD [-32+EBP]
   843 00000987 8A 94 07 [000000AF]             	MOV	DL,BYTE [_closebtn.0+EDI+EAX*1]
   844 0000098E 80 FA 40                        	CMP	DL,64
   845 00000991 74 33                           	JE	L62
   846 00000993 80 FA 24                        	CMP	DL,36
   847 00000996 74 2A                           	JE	L63
   848 00000998 80 FA 51                        	CMP	DL,81
   849 0000099B B2 08                           	MOV	DL,8
   850 0000099D 0F 95 C0                        	SETNE	AL
   851 000009A0 28 C2                           	SUB	DL,AL
   852 000009A2                                 L51:
   853 000009A2 47                              	INC	EDI
   854 000009A3 88 11                           	MOV	BYTE [ECX],DL
   855 000009A5 41                              	INC	ECX
   856 000009A6 83 FF 0F                        	CMP	EDI,15
   857 000009A9 7E D9                           	JLE	L56
   858 000009AB FF 45 F0                        	INC	DWORD [-16+EBP]
   859 000009AE 01 DE                           	ADD	ESI,EBX
   860 000009B0 83 45 E0 10                     	ADD	DWORD [-32+EBP],16
   861 000009B4 83 7D F0 0D                     	CMP	DWORD [-16+EBP],13
   862 000009B8 7E BE                           	JLE	L57
   863 000009BA 8D 65 F4                        	LEA	ESP,DWORD [-12+EBP]
   864 000009BD 5B                              	POP	EBX
   865 000009BE 5E                              	POP	ESI
   866 000009BF 5F                              	POP	EDI
   867 000009C0 5D                              	POP	EBP
   868 000009C1 C3                              	RET
   869 000009C2                                 L63:
   870 000009C2 B2 0F                           	MOV	DL,15
   871 000009C4 EB DC                           	JMP	L51
   872 000009C6                                 L62:
   873 000009C6 31 D2                           	XOR	EDX,EDX
   874 000009C8 EB D8                           	JMP	L51
   875 000009CA                                 	GLOBAL	_make_textbox8
   876 000009CA                                 _make_textbox8:
   877 000009CA 55                              	PUSH	EBP
   878 000009CB 89 E5                           	MOV	EBP,ESP
   879 000009CD 57                              	PUSH	EDI
   880 000009CE 56                              	PUSH	ESI
   881 000009CF 53                              	PUSH	EBX
   882 000009D0 83 EC 14                        	SUB	ESP,20
   883 000009D3 8B 45 0C                        	MOV	EAX,DWORD [12+EBP]
   884 000009D6 8B 75 10                        	MOV	ESI,DWORD [16+EBP]
   885 000009D9 03 45 14                        	ADD	EAX,DWORD [20+EBP]
   886 000009DC 83 EE 03                        	SUB	ESI,3
   887 000009DF 56                              	PUSH	ESI
   888 000009E0 89 45 F0                        	MOV	DWORD [-16+EBP],EAX
   889 000009E3 8B 45 10                        	MOV	EAX,DWORD [16+EBP]
   890 000009E6 03 45 18                        	ADD	EAX,DWORD [24+EBP]
   891 000009E9 89 45 EC                        	MOV	DWORD [-20+EBP],EAX
   892 000009EC 8B 45 F0                        	MOV	EAX,DWORD [-16+EBP]
   893 000009EF 40                              	INC	EAX
   894 000009F0 50                              	PUSH	EAX
   895 000009F1 89 45 E8                        	MOV	DWORD [-24+EBP],EAX
   896 000009F4 8B 45 0C                        	MOV	EAX,DWORD [12+EBP]
   897 000009F7 56                              	PUSH	ESI
   898 000009F8 83 E8 02                        	SUB	EAX,2
   899 000009FB 50                              	PUSH	EAX
   900 000009FC 89 45 E4                        	MOV	DWORD [-28+EBP],EAX
   901 000009FF 8B 45 08                        	MOV	EAX,DWORD [8+EBP]
   902 00000A02 6A 0F                           	PUSH	15
   903 00000A04 FF 70 04                        	PUSH	DWORD [4+EAX]
   904 00000A07 FF 30                           	PUSH	DWORD [EAX]
   905 00000A09 E8 [00000000]                   	CALL	_boxfill8
   906 00000A0E 8B 7D 0C                        	MOV	EDI,DWORD [12+EBP]
   907 00000A11 8B 45 EC                        	MOV	EAX,DWORD [-20+EBP]
   908 00000A14 83 EF 03                        	SUB	EDI,3
   909 00000A17 40                              	INC	EAX
   910 00000A18 50                              	PUSH	EAX
   911 00000A19 89 45 E0                        	MOV	DWORD [-32+EBP],EAX
   912 00000A1C 57                              	PUSH	EDI
   913 00000A1D 8B 45 08                        	MOV	EAX,DWORD [8+EBP]
   914 00000A20 56                              	PUSH	ESI
   915 00000A21 57                              	PUSH	EDI
   916 00000A22 6A 0F                           	PUSH	15
   917 00000A24 FF 70 04                        	PUSH	DWORD [4+EAX]
   918 00000A27 FF 30                           	PUSH	DWORD [EAX]
   919 00000A29 E8 [00000000]                   	CALL	_boxfill8
   920 00000A2E 8B 45 08                        	MOV	EAX,DWORD [8+EBP]
   921 00000A31 83 C4 38                        	ADD	ESP,56
   922 00000A34 8B 5D EC                        	MOV	EBX,DWORD [-20+EBP]
   923 00000A37 83 C3 02                        	ADD	EBX,2
   924 00000A3A 53                              	PUSH	EBX
   925 00000A3B FF 75 E8                        	PUSH	DWORD [-24+EBP]
   926 00000A3E 53                              	PUSH	EBX
   927 00000A3F 57                              	PUSH	EDI
   928 00000A40 6A 07                           	PUSH	7
   929 00000A42 FF 70 04                        	PUSH	DWORD [4+EAX]
   930 00000A45 FF 30                           	PUSH	DWORD [EAX]
   931 00000A47 E8 [00000000]                   	CALL	_boxfill8
   932 00000A4C 8B 45 F0                        	MOV	EAX,DWORD [-16+EBP]
   933 00000A4F 53                              	PUSH	EBX
   934 00000A50 83 C0 02                        	ADD	EAX,2
   935 00000A53 50                              	PUSH	EAX
   936 00000A54 56                              	PUSH	ESI
   937 00000A55 50                              	PUSH	EAX
   938 00000A56 8B 45 08                        	MOV	EAX,DWORD [8+EBP]
   939 00000A59 6A 07                           	PUSH	7
   940 00000A5B FF 70 04                        	PUSH	DWORD [4+EAX]
   941 00000A5E FF 30                           	PUSH	DWORD [EAX]
   942 00000A60 E8 [00000000]                   	CALL	_boxfill8
   943 00000A65 8B 45 08                        	MOV	EAX,DWORD [8+EBP]
   944 00000A68 83 C4 38                        	ADD	ESP,56
   945 00000A6B 8B 5D 10                        	MOV	EBX,DWORD [16+EBP]
   946 00000A6E 83 EB 02                        	SUB	EBX,2
   947 00000A71 8B 7D 0C                        	MOV	EDI,DWORD [12+EBP]
   948 00000A74 53                              	PUSH	EBX
   949 00000A75 4F                              	DEC	EDI
   950 00000A76 FF 75 F0                        	PUSH	DWORD [-16+EBP]
   951 00000A79 53                              	PUSH	EBX
   952 00000A7A 57                              	PUSH	EDI
   953 00000A7B 6A 00                           	PUSH	0
   954 00000A7D FF 70 04                        	PUSH	DWORD [4+EAX]
   955 00000A80 FF 30                           	PUSH	DWORD [EAX]
   956 00000A82 E8 [00000000]                   	CALL	_boxfill8
   957 00000A87 8B 45 08                        	MOV	EAX,DWORD [8+EBP]
   958 00000A8A FF 75 EC                        	PUSH	DWORD [-20+EBP]
   959 00000A8D FF 75 E4                        	PUSH	DWORD [-28+EBP]
   960 00000A90 53                              	PUSH	EBX
   961 00000A91 FF 75 E4                        	PUSH	DWORD [-28+EBP]
   962 00000A94 6A 00                           	PUSH	0
   963 00000A96 FF 70 04                        	PUSH	DWORD [4+EAX]
   964 00000A99 FF 30                           	PUSH	DWORD [EAX]
   965 00000A9B E8 [00000000]                   	CALL	_boxfill8
   966 00000AA0 8B 45 08                        	MOV	EAX,DWORD [8+EBP]
   967 00000AA3 83 C4 38                        	ADD	ESP,56
   968 00000AA6 FF 75 E0                        	PUSH	DWORD [-32+EBP]
   969 00000AA9 FF 75 F0                        	PUSH	DWORD [-16+EBP]
   970 00000AAC FF 75 E0                        	PUSH	DWORD [-32+EBP]
   971 00000AAF FF 75 E4                        	PUSH	DWORD [-28+EBP]
   972 00000AB2 6A 08                           	PUSH	8
   973 00000AB4 FF 70 04                        	PUSH	DWORD [4+EAX]
   974 00000AB7 FF 30                           	PUSH	DWORD [EAX]
   975 00000AB9 E8 [00000000]                   	CALL	_boxfill8
   976 00000ABE 8B 45 08                        	MOV	EAX,DWORD [8+EBP]
   977 00000AC1 FF 75 E0                        	PUSH	DWORD [-32+EBP]
   978 00000AC4 FF 75 E8                        	PUSH	DWORD [-24+EBP]
   979 00000AC7 53                              	PUSH	EBX
   980 00000AC8 FF 75 E8                        	PUSH	DWORD [-24+EBP]
   981 00000ACB 6A 08                           	PUSH	8
   982 00000ACD FF 70 04                        	PUSH	DWORD [4+EAX]
   983 00000AD0 FF 30                           	PUSH	DWORD [EAX]
   984 00000AD2 E8 [00000000]                   	CALL	_boxfill8
   985 00000AD7 8B 45 10                        	MOV	EAX,DWORD [16+EBP]
   986 00000ADA 83 C4 38                        	ADD	ESP,56
   987 00000ADD 48                              	DEC	EAX
   988 00000ADE FF 75 EC                        	PUSH	DWORD [-20+EBP]
   989 00000AE1 FF 75 F0                        	PUSH	DWORD [-16+EBP]
   990 00000AE4 50                              	PUSH	EAX
   991 00000AE5 57                              	PUSH	EDI
   992 00000AE6 0F B6 45 1C                     	MOVZX	EAX,BYTE [28+EBP]
   993 00000AEA 50                              	PUSH	EAX
   994 00000AEB 8B 45 08                        	MOV	EAX,DWORD [8+EBP]
   995 00000AEE FF 70 04                        	PUSH	DWORD [4+EAX]
   996 00000AF1 FF 30                           	PUSH	DWORD [EAX]
   997 00000AF3 E8 [00000000]                   	CALL	_boxfill8
   998 00000AF8 8D 65 F4                        	LEA	ESP,DWORD [-12+EBP]
   999 00000AFB 5B                              	POP	EBX
  1000 00000AFC 5E                              	POP	ESI
  1001 00000AFD 5F                              	POP	EDI
  1002 00000AFE 5D                              	POP	EBP
  1003 00000AFF C3                              	RET
  1004 00000B00                                 	GLOBAL	_putfonts8_asc_sht
  1005 00000B00                                 _putfonts8_asc_sht:
  1006 00000B00 55                              	PUSH	EBP
  1007 00000B01 89 E5                           	MOV	EBP,ESP
  1008 00000B03 57                              	PUSH	EDI
  1009 00000B04 56                              	PUSH	ESI
  1010 00000B05 53                              	PUSH	EBX
  1011 00000B06 83 EC 0C                        	SUB	ESP,12
  1012 00000B09 8B 45 08                        	MOV	EAX,DWORD [8+EBP]
  1013 00000B0C 8B 7D 10                        	MOV	EDI,DWORD [16+EBP]
  1014 00000B0F 89 45 F0                        	MOV	DWORD [-16+EBP],EAX
  1015 00000B12 8B 5D 14                        	MOV	EBX,DWORD [20+EBP]
  1016 00000B15 8B 45 0C                        	MOV	EAX,DWORD [12+EBP]
  1017 00000B18 89 45 EC                        	MOV	DWORD [-20+EBP],EAX
  1018 00000B1B 8B 45 1C                        	MOV	EAX,DWORD [28+EBP]
  1019 00000B1E 89 45 E8                        	MOV	DWORD [-24+EBP],EAX
  1020 00000B21 8D 47 0F                        	LEA	EAX,DWORD [15+EDI]
  1021 00000B24 50                              	PUSH	EAX
  1022 00000B25 8B 45 EC                        	MOV	EAX,DWORD [-20+EBP]
  1023 00000B28 8B 75 20                        	MOV	ESI,DWORD [32+EBP]
  1024 00000B2B 0F BE DB                        	MOVSX	EBX,BL
  1025 00000B2E 8D 34 F0                        	LEA	ESI,DWORD [EAX+ESI*8]
  1026 00000B31 8D 46 FF                        	LEA	EAX,DWORD [-1+ESI]
  1027 00000B34 50                              	PUSH	EAX
  1028 00000B35 57                              	PUSH	EDI
  1029 00000B36 FF 75 EC                        	PUSH	DWORD [-20+EBP]
  1030 00000B39 0F B6 45 18                     	MOVZX	EAX,BYTE [24+EBP]
  1031 00000B3D 50                              	PUSH	EAX
  1032 00000B3E 8B 45 F0                        	MOV	EAX,DWORD [-16+EBP]
  1033 00000B41 FF 70 04                        	PUSH	DWORD [4+EAX]
  1034 00000B44 FF 30                           	PUSH	DWORD [EAX]
  1035 00000B46 E8 [00000000]                   	CALL	_boxfill8
  1036 00000B4B FF 75 E8                        	PUSH	DWORD [-24+EBP]
  1037 00000B4E 53                              	PUSH	EBX
  1038 00000B4F 57                              	PUSH	EDI
  1039 00000B50 FF 75 EC                        	PUSH	DWORD [-20+EBP]
  1040 00000B53 8B 45 F0                        	MOV	EAX,DWORD [-16+EBP]
  1041 00000B56 FF 70 04                        	PUSH	DWORD [4+EAX]
  1042 00000B59 FF 30                           	PUSH	DWORD [EAX]
  1043 00000B5B E8 [00000000]                   	CALL	_putfonts8_asc
  1044 00000B60 89 7D 10                        	MOV	DWORD [16+EBP],EDI
  1045 00000B63 8D 47 10                        	LEA	EAX,DWORD [16+EDI]
  1046 00000B66 89 75 14                        	MOV	DWORD [20+EBP],ESI
  1047 00000B69 89 45 18                        	MOV	DWORD [24+EBP],EAX
  1048 00000B6C 83 C4 34                        	ADD	ESP,52
  1049 00000B6F 8B 45 EC                        	MOV	EAX,DWORD [-20+EBP]
  1050 00000B72 89 45 0C                        	MOV	DWORD [12+EBP],EAX
  1051 00000B75 8B 45 F0                        	MOV	EAX,DWORD [-16+EBP]
  1052 00000B78 89 45 08                        	MOV	DWORD [8+EBP],EAX
  1053 00000B7B 8D 65 F4                        	LEA	ESP,DWORD [-12+EBP]
  1054 00000B7E 5B                              	POP	EBX
  1055 00000B7F 5E                              	POP	ESI
  1056 00000B80 5F                              	POP	EDI
  1057 00000B81 5D                              	POP	EBP
  1058 00000B82 E9 [00000000]                   	JMP	_sheet_refresh
  1059 00000B87                                 	GLOBAL	_set490
  1060 00000B87                                 _set490:
  1061 00000B87 55                              	PUSH	EBP
  1062 00000B88 89 E5                           	MOV	EBP,ESP
  1063 00000B8A 57                              	PUSH	EDI
  1064 00000B8B 56                              	PUSH	ESI
  1065 00000B8C 53                              	PUSH	EBX
  1066 00000B8D 83 7D 0C 00                     	CMP	DWORD [12+EBP],0
  1067 00000B91 74 34                           	JE	L66
  1068 00000B93 31 F6                           	XOR	ESI,ESI
  1069 00000B95 BF 19BFCC00                     	MOV	EDI,432000000
  1070 00000B9A                                 L72:
  1071 00000B9A E8 [00000000]                   	CALL	_timer_alloc
  1072 00000B9F 89 C3                           	MOV	EBX,EAX
  1073 00000BA1 8D 86 00000400                  	LEA	EAX,DWORD [1024+ESI]
  1074 00000BA7 50                              	PUSH	EAX
  1075 00000BA8 46                              	INC	ESI
  1076 00000BA9 FF 75 08                        	PUSH	DWORD [8+EBP]
  1077 00000BAC 53                              	PUSH	EBX
  1078 00000BAD E8 [00000000]                   	CALL	_timer_init
  1079 00000BB2 57                              	PUSH	EDI
  1080 00000BB3 53                              	PUSH	EBX
  1081 00000BB4 83 C7 64                        	ADD	EDI,100
  1082 00000BB7 E8 [00000000]                   	CALL	_timer_settime
  1083 00000BBC 83 C4 14                        	ADD	ESP,20
  1084 00000BBF 81 FE 000001E9                  	CMP	ESI,489
  1085 00000BC5 7E D3                           	JLE	L72
  1086 00000BC7                                 L66:
  1087 00000BC7 8D 65 F4                        	LEA	ESP,DWORD [-12+EBP]
  1088 00000BCA 5B                              	POP	EBX
  1089 00000BCB 5E                              	POP	ESI
  1090 00000BCC 5F                              	POP	EDI
  1091 00000BCD 5D                              	POP	EBP
  1092 00000BCE C3                              	RET
  1093 00000BCF                                 	GLOBAL	_task_b_main
  1094 00000BCF                                 _task_b_main:
  1095 00000BCF 55                              	PUSH	EBP
  1096 00000BD0 89 E5                           	MOV	EBP,ESP
  1097 00000BD2                                 L75:
  1098 00000BD2 E8 [00000000]                   	CALL	_io_hlt
  1099 00000BD7 EB F9                           	JMP	L75
  1100 00000BD9                                 	GLOBAL	_fifo
  1101                                          [SECTION .data]
  1102 0000018F 00                              	ALIGNB	16
  1103 00000190                                 _fifo:
  1104 00000190 00 00 00 00 00 00 00 00 00 00   	RESB	24
       0000019A 00 00 00 00 00 00 00 00 00 00 
       000001A4 00 00 00 00 
  1105 000001A8                                 	GLOBAL	_tss_a
  1106                                          [SECTION .data]
  1107 000001A8 00 00 00 00 00 00 00 00         	ALIGNB	16
  1108 000001B0                                 _tss_a:
  1109 000001B0 00 00 00 00 00 00 00 00 00 00   	RESB	104
       000001BA 00 00 00 00 00 00 00 00 00 00 
       000001C4 00 00 00 00 00 00 00 00 00 00 
       000001CE 00 00 00 00 00 00 00 00 00 00 
       000001D8 00 00 00 00 00 00 00 00 00 00 
       000001E2 00 00 00 00 00 00 00 00 00 00 
       000001EC 00 00 00 00 00 00 00 00 00 00 
       000001F6 00 00 00 00 00 00 00 00 00 00 
       00000200 00 00 00 00 00 00 00 00 00 00 
       0000020A 00 00 00 00 00 00 00 00 00 00 
       00000214 00 00 00 00 
  1110 00000218                                 	GLOBAL	_tss_b
  1111                                          [SECTION .data]
  1112 00000218 00 00 00 00 00 00 00 00         	ALIGNB	16
  1113 00000220                                 _tss_b:
  1114 00000220 00 00 00 00 00 00 00 00 00 00   	RESB	104
       0000022A 00 00 00 00 00 00 00 00 00 00 
       00000234 00 00 00 00 00 00 00 00 00 00 
       0000023E 00 00 00 00 00 00 00 00 00 00 
       00000248 00 00 00 00 00 00 00 00 00 00 
       00000252 00 00 00 00 00 00 00 00 00 00 
       0000025C 00 00 00 00 00 00 00 00 00 00 
       00000266 00 00 00 00 00 00 00 00 00 00 
       00000270 00 00 00 00 00 00 00 00 00 00 
       0000027A 00 00 00 00 00 00 00 00 00 00 
       00000284 00 00 00 00 
