     1 00000000                                 [FORMAT "WCOFF"]
     2 00000000                                 [INSTRSET "i486p"]
     3 00000000                                 [OPTIMIZE 1]
     4 00000000                                 [OPTION 1]
     5 00000000                                 [BITS 32]
     6 00000000                                 	EXTERN	_table_rgb.0
     7 00000000                                 	EXTERN	_io_load_eflags
     8 00000000                                 	EXTERN	_io_cli
     9 00000000                                 	EXTERN	_io_out8
    10 00000000                                 	EXTERN	_io_store_eflags
    11 00000000                                 	EXTERN	_hankaku
    12 00000000                                 [FILE "graphic.c"]
    13                                          [SECTION .data]
    14 00000000                                 _keytable:
    15 00000000 00                              	DB	0
    16 00000001 00                              	DB	0
    17 00000002 31                              	DB	49
    18 00000003 32                              	DB	50
    19 00000004 33                              	DB	51
    20 00000005 34                              	DB	52
    21 00000006 35                              	DB	53
    22 00000007 36                              	DB	54
    23 00000008 37                              	DB	55
    24 00000009 38                              	DB	56
    25 0000000A 39                              	DB	57
    26 0000000B 30                              	DB	48
    27 0000000C 2D                              	DB	45
    28 0000000D 5E                              	DB	94
    29 0000000E 00                              	DB	0
    30 0000000F 00                              	DB	0
    31 00000010 51                              	DB	81
    32 00000011 57                              	DB	87
    33 00000012 45                              	DB	69
    34 00000013 52                              	DB	82
    35 00000014 54                              	DB	84
    36 00000015 59                              	DB	89
    37 00000016 55                              	DB	85
    38 00000017 49                              	DB	73
    39 00000018 4F                              	DB	79
    40 00000019 50                              	DB	80
    41 0000001A 40                              	DB	64
    42 0000001B 5B                              	DB	91
    43 0000001C 00                              	DB	0
    44 0000001D 00                              	DB	0
    45 0000001E 41                              	DB	65
    46 0000001F 53                              	DB	83
    47 00000020 44                              	DB	68
    48 00000021 46                              	DB	70
    49 00000022 47                              	DB	71
    50 00000023 48                              	DB	72
    51 00000024 4A                              	DB	74
    52 00000025 4B                              	DB	75
    53 00000026 4C                              	DB	76
    54 00000027 3B                              	DB	59
    55 00000028 3A                              	DB	58
    56 00000029 00                              	DB	0
    57 0000002A 00                              	DB	0
    58 0000002B 5D                              	DB	93
    59 0000002C 5A                              	DB	90
    60 0000002D 58                              	DB	88
    61 0000002E 43                              	DB	67
    62 0000002F 56                              	DB	86
    63 00000030 42                              	DB	66
    64 00000031 4E                              	DB	78
    65 00000032 4D                              	DB	77
    66 00000033 2C                              	DB	44
    67 00000034 2E                              	DB	46
    68 00000035 2F                              	DB	47
    69 00000036 00                              	DB	0
    70 00000037 2A                              	DB	42
    71 00000038 00                              	DB	0
    72 00000039 20                              	DB	32
    73 0000003A 00                              	DB	0
    74 0000003B 00                              	DB	0
    75 0000003C 00                              	DB	0
    76 0000003D 00                              	DB	0
    77 0000003E 00                              	DB	0
    78 0000003F 00                              	DB	0
    79 00000040 00                              	DB	0
    80 00000041 00                              	DB	0
    81 00000042 00                              	DB	0
    82 00000043 00                              	DB	0
    83 00000044 00                              	DB	0
    84 00000045 00                              	DB	0
    85 00000046 00                              	DB	0
    86 00000047 37                              	DB	55
    87 00000048 38                              	DB	56
    88 00000049 39                              	DB	57
    89 0000004A 2D                              	DB	45
    90 0000004B 34                              	DB	52
    91 0000004C 35                              	DB	53
    92 0000004D 36                              	DB	54
    93 0000004E 2B                              	DB	43
    94 0000004F 31                              	DB	49
    95 00000050 32                              	DB	50
    96 00000051 33                              	DB	51
    97 00000052 30                              	DB	48
    98 00000053 2E                              	DB	46
    99 00000054                                 _table_rgb.0:
   100 00000054 00                              	DB	0
   101 00000055 00                              	DB	0
   102 00000056 00                              	DB	0
   103 00000057 FF                              	DB	-1
   104 00000058 00                              	DB	0
   105 00000059 00                              	DB	0
   106 0000005A 00                              	DB	0
   107 0000005B FF                              	DB	-1
   108 0000005C 00                              	DB	0
   109 0000005D FF                              	DB	-1
   110 0000005E FF                              	DB	-1
   111 0000005F 00                              	DB	0
   112 00000060 00                              	DB	0
   113 00000061 00                              	DB	0
   114 00000062 FF                              	DB	-1
   115 00000063 FF                              	DB	-1
   116 00000064 00                              	DB	0
   117 00000065 FF                              	DB	-1
   118 00000066 00                              	DB	0
   119 00000067 FF                              	DB	-1
   120 00000068 FF                              	DB	-1
   121 00000069 FF                              	DB	-1
   122 0000006A FF                              	DB	-1
   123 0000006B FF                              	DB	-1
   124 0000006C C6                              	DB	-58
   125 0000006D C6                              	DB	-58
   126 0000006E C6                              	DB	-58
   127 0000006F 84                              	DB	-124
   128 00000070 00                              	DB	0
   129 00000071 00                              	DB	0
   130 00000072 00                              	DB	0
   131 00000073 84                              	DB	-124
   132 00000074 00                              	DB	0
   133 00000075 84                              	DB	-124
   134 00000076 84                              	DB	-124
   135 00000077 00                              	DB	0
   136 00000078 00                              	DB	0
   137 00000079 00                              	DB	0
   138 0000007A 84                              	DB	-124
   139 0000007B 84                              	DB	-124
   140 0000007C 00                              	DB	0
   141 0000007D 84                              	DB	-124
   142 0000007E 00                              	DB	0
   143 0000007F 84                              	DB	-124
   144 00000080 84                              	DB	-124
   145 00000081 84                              	DB	-124
   146 00000082 84                              	DB	-124
   147 00000083 84                              	DB	-124
   148                                          [SECTION .text]
   149 00000000                                 	GLOBAL	_init_palette
   150 00000000                                 _init_palette:
   151 00000000 55                              	PUSH	EBP
   152 00000001 89 E5                           	MOV	EBP,ESP
   153 00000003 68 [00000054]                   	PUSH	_table_rgb.0
   154 00000008 6A 0F                           	PUSH	15
   155 0000000A 6A 00                           	PUSH	0
   156 0000000C E8 00000002                     	CALL	_set_palette
   157 00000011 C9                              	LEAVE
   158 00000012 C3                              	RET
   159 00000013                                 	GLOBAL	_set_palette
   160 00000013                                 _set_palette:
   161 00000013 55                              	PUSH	EBP
   162 00000014 89 E5                           	MOV	EBP,ESP
   163 00000016 57                              	PUSH	EDI
   164 00000017 56                              	PUSH	ESI
   165 00000018 53                              	PUSH	EBX
   166 00000019 51                              	PUSH	ECX
   167 0000001A 8B 5D 08                        	MOV	EBX,DWORD [8+EBP]
   168 0000001D 8B 7D 0C                        	MOV	EDI,DWORD [12+EBP]
   169 00000020 8B 75 10                        	MOV	ESI,DWORD [16+EBP]
   170 00000023 E8 [00000000]                   	CALL	_io_load_eflags
   171 00000028 89 45 F0                        	MOV	DWORD [-16+EBP],EAX
   172 0000002B E8 [00000000]                   	CALL	_io_cli
   173 00000030 53                              	PUSH	EBX
   174 00000031 68 000003C8                     	PUSH	968
   175 00000036 E8 [00000000]                   	CALL	_io_out8
   176 0000003B 39 FB                           	CMP	EBX,EDI
   177 0000003D 58                              	POP	EAX
   178 0000003E 5A                              	POP	EDX
   179 0000003F 7E 12                           	JLE	L7
   180 00000041                                 L9:
   181 00000041 8B 45 F0                        	MOV	EAX,DWORD [-16+EBP]
   182 00000044 89 45 08                        	MOV	DWORD [8+EBP],EAX
   183 00000047 8D 65 F4                        	LEA	ESP,DWORD [-12+EBP]
   184 0000004A 5B                              	POP	EBX
   185 0000004B 5E                              	POP	ESI
   186 0000004C 5F                              	POP	EDI
   187 0000004D 5D                              	POP	EBP
   188 0000004E E9 [00000000]                   	JMP	_io_store_eflags
   189 00000053                                 L7:
   190 00000053 8A 06                           	MOV	AL,BYTE [ESI]
   191 00000055 43                              	INC	EBX
   192 00000056 C0 E8 02                        	SHR	AL,2
   193 00000059 0F B6 C0                        	MOVZX	EAX,AL
   194 0000005C 50                              	PUSH	EAX
   195 0000005D 68 000003C9                     	PUSH	969
   196 00000062 E8 [00000000]                   	CALL	_io_out8
   197 00000067 8A 46 01                        	MOV	AL,BYTE [1+ESI]
   198 0000006A C0 E8 02                        	SHR	AL,2
   199 0000006D 0F B6 C0                        	MOVZX	EAX,AL
   200 00000070 50                              	PUSH	EAX
   201 00000071 68 000003C9                     	PUSH	969
   202 00000076 E8 [00000000]                   	CALL	_io_out8
   203 0000007B 8A 46 02                        	MOV	AL,BYTE [2+ESI]
   204 0000007E C0 E8 02                        	SHR	AL,2
   205 00000081 83 C6 03                        	ADD	ESI,3
   206 00000084 0F B6 C0                        	MOVZX	EAX,AL
   207 00000087 50                              	PUSH	EAX
   208 00000088 68 000003C9                     	PUSH	969
   209 0000008D E8 [00000000]                   	CALL	_io_out8
   210 00000092 83 C4 18                        	ADD	ESP,24
   211 00000095 39 FB                           	CMP	EBX,EDI
   212 00000097 7E BA                           	JLE	L7
   213 00000099 EB A6                           	JMP	L9
   214 0000009B                                 	GLOBAL	_boxfill8
   215 0000009B                                 _boxfill8:
   216 0000009B 55                              	PUSH	EBP
   217 0000009C 89 E5                           	MOV	EBP,ESP
   218 0000009E 57                              	PUSH	EDI
   219 0000009F 56                              	PUSH	ESI
   220 000000A0 53                              	PUSH	EBX
   221 000000A1 57                              	PUSH	EDI
   222 000000A2 57                              	PUSH	EDI
   223 000000A3 8A 45 10                        	MOV	AL,BYTE [16+EBP]
   224 000000A6 8B 4D 18                        	MOV	ECX,DWORD [24+EBP]
   225 000000A9 8B 7D 1C                        	MOV	EDI,DWORD [28+EBP]
   226 000000AC 88 45 F3                        	MOV	BYTE [-13+EBP],AL
   227 000000AF 3B 4D 20                        	CMP	ECX,DWORD [32+EBP]
   228 000000B2 7F 31                           	JG	L22
   229 000000B4 8B 5D 0C                        	MOV	EBX,DWORD [12+EBP]
   230 000000B7 0F AF D9                        	IMUL	EBX,ECX
   231 000000BA                                 L20:
   232 000000BA 8B 55 14                        	MOV	EDX,DWORD [20+EBP]
   233 000000BD 39 FA                           	CMP	EDX,EDI
   234 000000BF 7F 1B                           	JG	L24
   235 000000C1 8B 75 08                        	MOV	ESI,DWORD [8+EBP]
   236 000000C4 01 DE                           	ADD	ESI,EBX
   237 000000C6 01 D6                           	ADD	ESI,EDX
   238 000000C8 89 75 EC                        	MOV	DWORD [-20+EBP],ESI
   239 000000CB                                 L19:
   240 000000CB 8B 75 EC                        	MOV	ESI,DWORD [-20+EBP]
   241 000000CE 8A 45 F3                        	MOV	AL,BYTE [-13+EBP]
   242 000000D1 42                              	INC	EDX
   243 000000D2 88 06                           	MOV	BYTE [ESI],AL
   244 000000D4 46                              	INC	ESI
   245 000000D5 89 75 EC                        	MOV	DWORD [-20+EBP],ESI
   246 000000D8 39 FA                           	CMP	EDX,EDI
   247 000000DA 7E EF                           	JLE	L19
   248 000000DC                                 L24:
   249 000000DC 41                              	INC	ECX
   250 000000DD 03 5D 0C                        	ADD	EBX,DWORD [12+EBP]
   251 000000E0 3B 4D 20                        	CMP	ECX,DWORD [32+EBP]
   252 000000E3 7E D5                           	JLE	L20
   253 000000E5                                 L22:
   254 000000E5 5B                              	POP	EBX
   255 000000E6 5E                              	POP	ESI
   256 000000E7 5B                              	POP	EBX
   257 000000E8 5E                              	POP	ESI
   258 000000E9 5F                              	POP	EDI
   259 000000EA 5D                              	POP	EBP
   260 000000EB C3                              	RET
   261 000000EC                                 	GLOBAL	_init_screen
   262 000000EC                                 _init_screen:
   263 000000EC 55                              	PUSH	EBP
   264 000000ED 89 E5                           	MOV	EBP,ESP
   265 000000EF 57                              	PUSH	EDI
   266 000000F0 56                              	PUSH	ESI
   267 000000F1 53                              	PUSH	EBX
   268 000000F2 83 EC 10                        	SUB	ESP,16
   269 000000F5 8B 45 10                        	MOV	EAX,DWORD [16+EBP]
   270 000000F8 8B 75 0C                        	MOV	ESI,DWORD [12+EBP]
   271 000000FB 83 E8 1D                        	SUB	EAX,29
   272 000000FE 4E                              	DEC	ESI
   273 000000FF 50                              	PUSH	EAX
   274 00000100 56                              	PUSH	ESI
   275 00000101 6A 00                           	PUSH	0
   276 00000103 6A 00                           	PUSH	0
   277 00000105 6A 0E                           	PUSH	14
   278 00000107 FF 75 0C                        	PUSH	DWORD [12+EBP]
   279 0000010A FF 75 08                        	PUSH	DWORD [8+EBP]
   280 0000010D E8 FFFFFF89                     	CALL	_boxfill8
   281 00000112 8B 45 10                        	MOV	EAX,DWORD [16+EBP]
   282 00000115 83 E8 1C                        	SUB	EAX,28
   283 00000118 50                              	PUSH	EAX
   284 00000119 56                              	PUSH	ESI
   285 0000011A 50                              	PUSH	EAX
   286 0000011B 6A 00                           	PUSH	0
   287 0000011D 6A 08                           	PUSH	8
   288 0000011F FF 75 0C                        	PUSH	DWORD [12+EBP]
   289 00000122 FF 75 08                        	PUSH	DWORD [8+EBP]
   290 00000125 E8 FFFFFF71                     	CALL	_boxfill8
   291 0000012A 8B 45 10                        	MOV	EAX,DWORD [16+EBP]
   292 0000012D 83 C4 38                        	ADD	ESP,56
   293 00000130 83 E8 1B                        	SUB	EAX,27
   294 00000133 50                              	PUSH	EAX
   295 00000134 56                              	PUSH	ESI
   296 00000135 50                              	PUSH	EAX
   297 00000136 6A 00                           	PUSH	0
   298 00000138 6A 07                           	PUSH	7
   299 0000013A FF 75 0C                        	PUSH	DWORD [12+EBP]
   300 0000013D FF 75 08                        	PUSH	DWORD [8+EBP]
   301 00000140 E8 FFFFFF56                     	CALL	_boxfill8
   302 00000145 8B 45 10                        	MOV	EAX,DWORD [16+EBP]
   303 00000148 48                              	DEC	EAX
   304 00000149 50                              	PUSH	EAX
   305 0000014A 8B 45 10                        	MOV	EAX,DWORD [16+EBP]
   306 0000014D 56                              	PUSH	ESI
   307 0000014E 83 E8 1A                        	SUB	EAX,26
   308 00000151 50                              	PUSH	EAX
   309 00000152 6A 00                           	PUSH	0
   310 00000154 6A 08                           	PUSH	8
   311 00000156 FF 75 0C                        	PUSH	DWORD [12+EBP]
   312 00000159 FF 75 08                        	PUSH	DWORD [8+EBP]
   313 0000015C E8 FFFFFF3A                     	CALL	_boxfill8
   314 00000161 8B 75 0C                        	MOV	ESI,DWORD [12+EBP]
   315 00000164 83 C4 38                        	ADD	ESP,56
   316 00000167 8B 7D 10                        	MOV	EDI,DWORD [16+EBP]
   317 0000016A 83 EF 18                        	SUB	EDI,24
   318 0000016D 8B 45 0C                        	MOV	EAX,DWORD [12+EBP]
   319 00000170 57                              	PUSH	EDI
   320 00000171 83 E8 04                        	SUB	EAX,4
   321 00000174 50                              	PUSH	EAX
   322 00000175 83 EE 2F                        	SUB	ESI,47
   323 00000178 57                              	PUSH	EDI
   324 00000179 89 45 F0                        	MOV	DWORD [-16+EBP],EAX
   325 0000017C 56                              	PUSH	ESI
   326 0000017D 6A 0F                           	PUSH	15
   327 0000017F FF 75 0C                        	PUSH	DWORD [12+EBP]
   328 00000182 FF 75 08                        	PUSH	DWORD [8+EBP]
   329 00000185 E8 FFFFFF11                     	CALL	_boxfill8
   330 0000018A 8B 45 10                        	MOV	EAX,DWORD [16+EBP]
   331 0000018D 83 E8 04                        	SUB	EAX,4
   332 00000190 50                              	PUSH	EAX
   333 00000191 89 45 EC                        	MOV	DWORD [-20+EBP],EAX
   334 00000194 8B 45 10                        	MOV	EAX,DWORD [16+EBP]
   335 00000197 56                              	PUSH	ESI
   336 00000198 83 E8 17                        	SUB	EAX,23
   337 0000019B 50                              	PUSH	EAX
   338 0000019C 89 45 E8                        	MOV	DWORD [-24+EBP],EAX
   339 0000019F 56                              	PUSH	ESI
   340 000001A0 6A 0F                           	PUSH	15
   341 000001A2 FF 75 0C                        	PUSH	DWORD [12+EBP]
   342 000001A5 FF 75 08                        	PUSH	DWORD [8+EBP]
   343 000001A8 E8 FFFFFEEE                     	CALL	_boxfill8
   344 000001AD 8B 5D 10                        	MOV	EBX,DWORD [16+EBP]
   345 000001B0 83 C4 38                        	ADD	ESP,56
   346 000001B3 83 EB 03                        	SUB	EBX,3
   347 000001B6 53                              	PUSH	EBX
   348 000001B7 FF 75 F0                        	PUSH	DWORD [-16+EBP]
   349 000001BA 53                              	PUSH	EBX
   350 000001BB 56                              	PUSH	ESI
   351 000001BC 6A 07                           	PUSH	7
   352 000001BE FF 75 0C                        	PUSH	DWORD [12+EBP]
   353 000001C1 FF 75 08                        	PUSH	DWORD [8+EBP]
   354 000001C4 E8 FFFFFED2                     	CALL	_boxfill8
   355 000001C9 8B 45 0C                        	MOV	EAX,DWORD [12+EBP]
   356 000001CC 53                              	PUSH	EBX
   357 000001CD 83 E8 03                        	SUB	EAX,3
   358 000001D0 50                              	PUSH	EAX
   359 000001D1 57                              	PUSH	EDI
   360 000001D2 50                              	PUSH	EAX
   361 000001D3 6A 07                           	PUSH	7
   362 000001D5 FF 75 0C                        	PUSH	DWORD [12+EBP]
   363 000001D8 FF 75 08                        	PUSH	DWORD [8+EBP]
   364 000001DB E8 FFFFFEBB                     	CALL	_boxfill8
   365 000001E0 83 C4 38                        	ADD	ESP,56
   366 000001E3 57                              	PUSH	EDI
   367 000001E4 6A 3B                           	PUSH	59
   368 000001E6 57                              	PUSH	EDI
   369 000001E7 6A 03                           	PUSH	3
   370 000001E9 6A 07                           	PUSH	7
   371 000001EB FF 75 0C                        	PUSH	DWORD [12+EBP]
   372 000001EE FF 75 08                        	PUSH	DWORD [8+EBP]
   373 000001F1 E8 FFFFFEA5                     	CALL	_boxfill8
   374 000001F6 FF 75 EC                        	PUSH	DWORD [-20+EBP]
   375 000001F9 6A 02                           	PUSH	2
   376 000001FB 57                              	PUSH	EDI
   377 000001FC 6A 02                           	PUSH	2
   378 000001FE 6A 07                           	PUSH	7
   379 00000200 FF 75 0C                        	PUSH	DWORD [12+EBP]
   380 00000203 FF 75 08                        	PUSH	DWORD [8+EBP]
   381 00000206 E8 FFFFFE90                     	CALL	_boxfill8
   382 0000020B 83 C4 38                        	ADD	ESP,56
   383 0000020E FF 75 EC                        	PUSH	DWORD [-20+EBP]
   384 00000211 6A 3B                           	PUSH	59
   385 00000213 FF 75 EC                        	PUSH	DWORD [-20+EBP]
   386 00000216 6A 03                           	PUSH	3
   387 00000218 6A 0F                           	PUSH	15
   388 0000021A FF 75 0C                        	PUSH	DWORD [12+EBP]
   389 0000021D FF 75 08                        	PUSH	DWORD [8+EBP]
   390 00000220 E8 FFFFFE76                     	CALL	_boxfill8
   391 00000225 8B 45 10                        	MOV	EAX,DWORD [16+EBP]
   392 00000228 83 E8 05                        	SUB	EAX,5
   393 0000022B 50                              	PUSH	EAX
   394 0000022C 6A 3B                           	PUSH	59
   395 0000022E FF 75 E8                        	PUSH	DWORD [-24+EBP]
   396 00000231 6A 3B                           	PUSH	59
   397 00000233 6A 0F                           	PUSH	15
   398 00000235 FF 75 0C                        	PUSH	DWORD [12+EBP]
   399 00000238 FF 75 08                        	PUSH	DWORD [8+EBP]
   400 0000023B E8 FFFFFE5B                     	CALL	_boxfill8
   401 00000240 83 C4 38                        	ADD	ESP,56
   402 00000243 53                              	PUSH	EBX
   403 00000244 6A 3B                           	PUSH	59
   404 00000246 53                              	PUSH	EBX
   405 00000247 6A 02                           	PUSH	2
   406 00000249 6A 00                           	PUSH	0
   407 0000024B FF 75 0C                        	PUSH	DWORD [12+EBP]
   408 0000024E FF 75 08                        	PUSH	DWORD [8+EBP]
   409 00000251 E8 FFFFFE45                     	CALL	_boxfill8
   410 00000256 53                              	PUSH	EBX
   411 00000257 6A 3C                           	PUSH	60
   412 00000259 57                              	PUSH	EDI
   413 0000025A 6A 3C                           	PUSH	60
   414 0000025C 6A 00                           	PUSH	0
   415 0000025E FF 75 0C                        	PUSH	DWORD [12+EBP]
   416 00000261 FF 75 08                        	PUSH	DWORD [8+EBP]
   417 00000264 E8 FFFFFE32                     	CALL	_boxfill8
   418 00000269 8D 65 F4                        	LEA	ESP,DWORD [-12+EBP]
   419 0000026C 5B                              	POP	EBX
   420 0000026D 5E                              	POP	ESI
   421 0000026E 5F                              	POP	EDI
   422 0000026F 5D                              	POP	EBP
   423 00000270 C3                              	RET
   424 00000271                                 	GLOBAL	_putfont8
   425 00000271                                 _putfont8:
   426 00000271 55                              	PUSH	EBP
   427 00000272 89 E5                           	MOV	EBP,ESP
   428 00000274 57                              	PUSH	EDI
   429 00000275 56                              	PUSH	ESI
   430 00000276 31 F6                           	XOR	ESI,ESI
   431 00000278 53                              	PUSH	EBX
   432 00000279 8B 7D 1C                        	MOV	EDI,DWORD [28+EBP]
   433 0000027C 8A 5D 18                        	MOV	BL,BYTE [24+EBP]
   434 0000027F                                 L39:
   435 0000027F 8B 45 14                        	MOV	EAX,DWORD [20+EBP]
   436 00000282 8B 55 10                        	MOV	EDX,DWORD [16+EBP]
   437 00000285 01 F0                           	ADD	EAX,ESI
   438 00000287 0F AF 45 0C                     	IMUL	EAX,DWORD [12+EBP]
   439 0000028B 03 45 08                        	ADD	EAX,DWORD [8+EBP]
   440 0000028E 8D 0C 02                        	LEA	ECX,DWORD [EDX+EAX*1]
   441 00000291 8A 14 3E                        	MOV	DL,BYTE [ESI+EDI*1]
   442 00000294 84 D2                           	TEST	DL,DL
   443 00000296 79 02                           	JNS	L31
   444 00000298 88 19                           	MOV	BYTE [ECX],BL
   445 0000029A                                 L31:
   446 0000029A 88 D0                           	MOV	AL,DL
   447 0000029C 83 E0 40                        	AND	EAX,64
   448 0000029F 84 C0                           	TEST	AL,AL
   449 000002A1 74 03                           	JE	L32
   450 000002A3 88 59 01                        	MOV	BYTE [1+ECX],BL
   451 000002A6                                 L32:
   452 000002A6 88 D0                           	MOV	AL,DL
   453 000002A8 83 E0 20                        	AND	EAX,32
   454 000002AB 84 C0                           	TEST	AL,AL
   455 000002AD 74 03                           	JE	L33
   456 000002AF 88 59 02                        	MOV	BYTE [2+ECX],BL
   457 000002B2                                 L33:
   458 000002B2 88 D0                           	MOV	AL,DL
   459 000002B4 83 E0 10                        	AND	EAX,16
   460 000002B7 84 C0                           	TEST	AL,AL
   461 000002B9 74 03                           	JE	L34
   462 000002BB 88 59 03                        	MOV	BYTE [3+ECX],BL
   463 000002BE                                 L34:
   464 000002BE 88 D0                           	MOV	AL,DL
   465 000002C0 83 E0 08                        	AND	EAX,8
   466 000002C3 84 C0                           	TEST	AL,AL
   467 000002C5 74 03                           	JE	L35
   468 000002C7 88 59 04                        	MOV	BYTE [4+ECX],BL
   469 000002CA                                 L35:
   470 000002CA 88 D0                           	MOV	AL,DL
   471 000002CC 83 E0 04                        	AND	EAX,4
   472 000002CF 84 C0                           	TEST	AL,AL
   473 000002D1 74 03                           	JE	L36
   474 000002D3 88 59 05                        	MOV	BYTE [5+ECX],BL
   475 000002D6                                 L36:
   476 000002D6 88 D0                           	MOV	AL,DL
   477 000002D8 83 E0 02                        	AND	EAX,2
   478 000002DB 84 C0                           	TEST	AL,AL
   479 000002DD 74 03                           	JE	L37
   480 000002DF 88 59 06                        	MOV	BYTE [6+ECX],BL
   481 000002E2                                 L37:
   482 000002E2 83 E2 01                        	AND	EDX,1
   483 000002E5 84 D2                           	TEST	DL,DL
   484 000002E7 74 03                           	JE	L29
   485 000002E9 88 59 07                        	MOV	BYTE [7+ECX],BL
   486 000002EC                                 L29:
   487 000002EC 46                              	INC	ESI
   488 000002ED 83 FE 0F                        	CMP	ESI,15
   489 000002F0 7E 8D                           	JLE	L39
   490 000002F2 5B                              	POP	EBX
   491 000002F3 5E                              	POP	ESI
   492 000002F4 5F                              	POP	EDI
   493 000002F5 5D                              	POP	EBP
   494 000002F6 C3                              	RET
   495 000002F7                                 	GLOBAL	_putfonts8_asc
   496 000002F7                                 _putfonts8_asc:
   497 000002F7 55                              	PUSH	EBP
   498 000002F8 89 E5                           	MOV	EBP,ESP
   499 000002FA 57                              	PUSH	EDI
   500 000002FB 56                              	PUSH	ESI
   501 000002FC 53                              	PUSH	EBX
   502 000002FD 50                              	PUSH	EAX
   503 000002FE 8B 5D 1C                        	MOV	EBX,DWORD [28+EBP]
   504 00000301 8A 45 18                        	MOV	AL,BYTE [24+EBP]
   505 00000304 88 45 F3                        	MOV	BYTE [-13+EBP],AL
   506 00000307 8B 75 10                        	MOV	ESI,DWORD [16+EBP]
   507 0000030A 8B 7D 14                        	MOV	EDI,DWORD [20+EBP]
   508 0000030D 80 3B 00                        	CMP	BYTE [EBX],0
   509 00000310 75 08                           	JNE	L47
   510 00000312                                 L49:
   511 00000312 8D 65 F4                        	LEA	ESP,DWORD [-12+EBP]
   512 00000315 5B                              	POP	EBX
   513 00000316 5E                              	POP	ESI
   514 00000317 5F                              	POP	EDI
   515 00000318 5D                              	POP	EBP
   516 00000319 C3                              	RET
   517 0000031A                                 L47:
   518 0000031A 0F BE 03                        	MOVSX	EAX,BYTE [EBX]
   519 0000031D C1 E0 04                        	SAL	EAX,4
   520 00000320 43                              	INC	EBX
   521 00000321 05 [00000000]                   	ADD	EAX,_hankaku
   522 00000326 50                              	PUSH	EAX
   523 00000327 0F BE 45 F3                     	MOVSX	EAX,BYTE [-13+EBP]
   524 0000032B 50                              	PUSH	EAX
   525 0000032C 57                              	PUSH	EDI
   526 0000032D 56                              	PUSH	ESI
   527 0000032E 83 C6 08                        	ADD	ESI,8
   528 00000331 FF 75 0C                        	PUSH	DWORD [12+EBP]
   529 00000334 FF 75 08                        	PUSH	DWORD [8+EBP]
   530 00000337 E8 FFFFFF35                     	CALL	_putfont8
   531 0000033C 83 C4 18                        	ADD	ESP,24
   532 0000033F 80 3B 00                        	CMP	BYTE [EBX],0
   533 00000342 75 D6                           	JNE	L47
   534 00000344 EB CC                           	JMP	L49
   535                                          [SECTION .data]
   536 00000084                                 _cursor.1:
   537 00000084 2A 2A 2A 2A 2A 2A 2A 2A 2A 2A   	DB	"************...."
       0000008E 2A 2A 2E 2E 2E 2E 
   538 00000094 2A 6F 6F 6F 6F 6F 6F 6F 6F 6F   	DB	"*ooooooooo*....."
       0000009E 2A 2E 2E 2E 2E 2E 
   539 000000A4 2A 6F 6F 6F 6F 6F 6F 6F 6F 2A   	DB	"*oooooooo*......"
       000000AE 2E 2E 2E 2E 2E 2E 
   540 000000B4 2A 6F 6F 6F 6F 6F 6F 6F 2A 2E   	DB	"*ooooooo*......."
       000000BE 2E 2E 2E 2E 2E 2E 
   541 000000C4 2A 6F 6F 6F 6F 6F 6F 6F 2A 2E   	DB	"*ooooooo*......."
       000000CE 2E 2E 2E 2E 2E 2E 
   542 000000D4 2A 6F 6F 6F 6F 6F 6F 6F 6F 2A   	DB	"*oooooooo*......"
       000000DE 2E 2E 2E 2E 2E 2E 
   543 000000E4 2A 6F 6F 6F 2A 2A 6F 6F 6F 6F   	DB	"*ooo**oooo*....."
       000000EE 2A 2E 2E 2E 2E 2E 
   544 000000F4 2A 6F 6F 2A 2E 2E 2A 6F 6F 6F   	DB	"*oo*..*oooo*...."
       000000FE 6F 2A 2E 2E 2E 2E 
   545 00000104 2A 6F 2A 2E 2E 2E 2E 2A 6F 6F   	DB	"*o*....*oooo*..."
       0000010E 6F 6F 2A 2E 2E 2E 
   546 00000114 2A 2E 2E 2E 2E 2E 2E 2E 2A 6F   	DB	"*.......*oooo*.."
       0000011E 6F 6F 6F 2A 2E 2E 
   547 00000124 2A 2E 2E 2E 2E 2E 2E 2E 2E 2A   	DB	"*........*oooo*."
       0000012E 6F 6F 6F 6F 2A 2E 
   548 00000134 2E 2E 2E 2E 2E 2E 2E 2E 2E 2E   	DB	"..........*ooo*."
       0000013E 2A 6F 6F 6F 2A 2E 
   549 00000144 2E 2E 2E 2E 2E 2E 2E 2E 2E 2E   	DB	"...........*oo*."
       0000014E 2E 2A 6F 6F 2A 2E 
   550 00000154 2E 2E 2E 2E 2E 2E 2E 2E 2E 2E   	DB	"............*o*."
       0000015E 2E 2E 2A 6F 2A 2E 
   551 00000164 2E 2E 2E 2E 2E 2E 2E 2E 2E 2E   	DB	".............**."
       0000016E 2E 2E 2E 2A 2A 2E 
   552 00000174 2E 2E 2E 2E 2E 2E 2E 2E 2E 2E   	DB	"................"
       0000017E 2E 2E 2E 2E 2E 2E 
   553                                          [SECTION .text]
   554 00000346                                 	GLOBAL	_init_mouse_cursor8
   555 00000346                                 _init_mouse_cursor8:
   556 00000346 55                              	PUSH	EBP
   557 00000347 89 E5                           	MOV	EBP,ESP
   558 00000349 57                              	PUSH	EDI
   559 0000034A 56                              	PUSH	ESI
   560 0000034B 31 FF                           	XOR	EDI,EDI
   561 0000034D 53                              	PUSH	EBX
   562 0000034E 31 DB                           	XOR	EBX,EBX
   563 00000350 50                              	PUSH	EAX
   564 00000351 8A 45 0C                        	MOV	AL,BYTE [12+EBP]
   565 00000354 8B 75 08                        	MOV	ESI,DWORD [8+EBP]
   566 00000357 88 45 F3                        	MOV	BYTE [-13+EBP],AL
   567 0000035A                                 L63:
   568 0000035A 31 D2                           	XOR	EDX,EDX
   569 0000035C                                 L62:
   570 0000035C 8D 04 3A                        	LEA	EAX,DWORD [EDX+EDI*1]
   571 0000035F 80 B8 [00000084] 2A             	CMP	BYTE [_cursor.1+EAX],42
   572 00000366 74 35                           	JE	L68
   573 00000368                                 L59:
   574 00000368 80 B8 [00000084] 6F             	CMP	BYTE [_cursor.1+EAX],111
   575 0000036F 74 26                           	JE	L69
   576 00000371                                 L60:
   577 00000371 80 B8 [00000084] 2E             	CMP	BYTE [_cursor.1+EAX],46
   578 00000378 74 15                           	JE	L70
   579 0000037A                                 L57:
   580 0000037A 42                              	INC	EDX
   581 0000037B 83 FA 0F                        	CMP	EDX,15
   582 0000037E 7E DC                           	JLE	L62
   583 00000380 43                              	INC	EBX
   584 00000381 83 C7 10                        	ADD	EDI,16
   585 00000384 83 FB 0F                        	CMP	EBX,15
   586 00000387 7E D1                           	JLE	L63
   587 00000389 58                              	POP	EAX
   588 0000038A 5B                              	POP	EBX
   589 0000038B 5E                              	POP	ESI
   590 0000038C 5F                              	POP	EDI
   591 0000038D 5D                              	POP	EBP
   592 0000038E C3                              	RET
   593 0000038F                                 L70:
   594 0000038F 8A 4D F3                        	MOV	CL,BYTE [-13+EBP]
   595 00000392 88 0C 30                        	MOV	BYTE [EAX+ESI*1],CL
   596 00000395 EB E3                           	JMP	L57
   597 00000397                                 L69:
   598 00000397 C6 04 30 07                     	MOV	BYTE [EAX+ESI*1],7
   599 0000039B EB D4                           	JMP	L60
   600 0000039D                                 L68:
   601 0000039D C6 04 30 00                     	MOV	BYTE [EAX+ESI*1],0
   602 000003A1 EB C5                           	JMP	L59
   603 000003A3                                 	GLOBAL	_putblock8_8
   604 000003A3                                 _putblock8_8:
   605 000003A3 55                              	PUSH	EBP
   606 000003A4 89 E5                           	MOV	EBP,ESP
   607 000003A6 57                              	PUSH	EDI
   608 000003A7 56                              	PUSH	ESI
   609 000003A8 31 F6                           	XOR	ESI,ESI
   610 000003AA 53                              	PUSH	EBX
   611 000003AB 83 EC 0C                        	SUB	ESP,12
   612 000003AE 3B 75 14                        	CMP	ESI,DWORD [20+EBP]
   613 000003B1 7D 3E                           	JGE	L83
   614 000003B3 31 FF                           	XOR	EDI,EDI
   615 000003B5                                 L81:
   616 000003B5 31 DB                           	XOR	EBX,EBX
   617 000003B7 3B 5D 10                        	CMP	EBX,DWORD [16+EBP]
   618 000003BA 7D 2C                           	JGE	L85
   619 000003BC 8B 45 20                        	MOV	EAX,DWORD [32+EBP]
   620 000003BF 01 F8                           	ADD	EAX,EDI
   621 000003C1 89 45 EC                        	MOV	DWORD [-20+EBP],EAX
   622 000003C4                                 L80:
   623 000003C4 8B 45 1C                        	MOV	EAX,DWORD [28+EBP]
   624 000003C7 8B 55 18                        	MOV	EDX,DWORD [24+EBP]
   625 000003CA 01 F0                           	ADD	EAX,ESI
   626 000003CC 01 DA                           	ADD	EDX,EBX
   627 000003CE 0F AF 45 0C                     	IMUL	EAX,DWORD [12+EBP]
   628 000003D2 01 D0                           	ADD	EAX,EDX
   629 000003D4 8B 4D 08                        	MOV	ECX,DWORD [8+EBP]
   630 000003D7 8B 55 EC                        	MOV	EDX,DWORD [-20+EBP]
   631 000003DA 43                              	INC	EBX
   632 000003DB 8A 12                           	MOV	DL,BYTE [EDX]
   633 000003DD 88 14 08                        	MOV	BYTE [EAX+ECX*1],DL
   634 000003E0 FF 45 EC                        	INC	DWORD [-20+EBP]
   635 000003E3 3B 5D 10                        	CMP	EBX,DWORD [16+EBP]
   636 000003E6 7C DC                           	JL	L80
   637 000003E8                                 L85:
   638 000003E8 46                              	INC	ESI
   639 000003E9 03 7D 24                        	ADD	EDI,DWORD [36+EBP]
   640 000003EC 3B 75 14                        	CMP	ESI,DWORD [20+EBP]
   641 000003EF 7C C4                           	JL	L81
   642 000003F1                                 L83:
   643 000003F1 83 C4 0C                        	ADD	ESP,12
   644 000003F4 5B                              	POP	EBX
   645 000003F5 5E                              	POP	ESI
   646 000003F6 5F                              	POP	EDI
   647 000003F7 5D                              	POP	EBP
   648 000003F8 C3                              	RET
