     1 00000000                                 [FORMAT "WCOFF"]
     2 00000000                                 [INSTRSET "i486p"]
     3 00000000                                 [OPTIMIZE 1]
     4 00000000                                 [OPTION 1]
     5 00000000                                 [BITS 32]
     6 00000000                                 	EXTERN	_memman_alloc_4k
     7 00000000                                 	EXTERN	_memman_free_4k
     8 00000000                                 [FILE "sheet.c"]
     9                                          [SECTION .text]
    10 00000000                                 	GLOBAL	_shtctl_init
    11 00000000                                 _shtctl_init:
    12 00000000 55                              	PUSH	EBP
    13 00000001 89 E5                           	MOV	EBP,ESP
    14 00000003 57                              	PUSH	EDI
    15 00000004 56                              	PUSH	ESI
    16 00000005 53                              	PUSH	EBX
    17 00000006 8B 75 08                        	MOV	ESI,DWORD [8+EBP]
    18 00000009 68 00002814                     	PUSH	10260
    19 0000000E 8B 7D 10                        	MOV	EDI,DWORD [16+EBP]
    20 00000011 56                              	PUSH	ESI
    21 00000012 E8 [00000000]                   	CALL	_memman_alloc_4k
    22 00000017 89 C3                           	MOV	EBX,EAX
    23 00000019 58                              	POP	EAX
    24 0000001A 5A                              	POP	EDX
    25 0000001B 85 DB                           	TEST	EBX,EBX
    26 0000001D 74 4A                           	JE	L3
    27 0000001F 8B 45 14                        	MOV	EAX,DWORD [20+EBP]
    28 00000022 0F AF C7                        	IMUL	EAX,EDI
    29 00000025 50                              	PUSH	EAX
    30 00000026 56                              	PUSH	ESI
    31 00000027 E8 [00000000]                   	CALL	_memman_alloc_4k
    32 0000002C 85 C0                           	TEST	EAX,EAX
    33 0000002E 89 43 04                        	MOV	DWORD [4+EBX],EAX
    34 00000031 5A                              	POP	EDX
    35 00000032 59                              	POP	ECX
    36 00000033 74 3E                           	JE	L11
    37 00000035 8B 45 0C                        	MOV	EAX,DWORD [12+EBP]
    38 00000038 89 7B 08                        	MOV	DWORD [8+EBX],EDI
    39 0000003B 89 03                           	MOV	DWORD [EBX],EAX
    40 0000003D 8D 93 000023DC                  	LEA	EDX,DWORD [9180+EBX]
    41 00000043 8B 45 14                        	MOV	EAX,DWORD [20+EBP]
    42 00000046 89 43 0C                        	MOV	DWORD [12+EBX],EAX
    43 00000049 89 D8                           	MOV	EAX,EBX
    44 0000004B C7 43 10 00000001               	MOV	DWORD [16+EBX],1
    45 00000052                                 L9:
    46 00000052 C7 80 00000430 00000000         	MOV	DWORD [1072+EAX],0
    47 0000005C 89 98 00000434                  	MOV	DWORD [1076+EAX],EBX
    48 00000062 83 C0 24                        	ADD	EAX,36
    49 00000065 39 D0                           	CMP	EAX,EDX
    50 00000067 7E E9                           	JLE	L9
    51 00000069                                 L3:
    52 00000069 8D 65 F4                        	LEA	ESP,DWORD [-12+EBP]
    53 0000006C 89 D8                           	MOV	EAX,EBX
    54 0000006E 5B                              	POP	EBX
    55 0000006F 5E                              	POP	ESI
    56 00000070 5F                              	POP	EDI
    57 00000071 5D                              	POP	EBP
    58 00000072 C3                              	RET
    59 00000073                                 L11:
    60 00000073 68 00002814                     	PUSH	10260
    61 00000078 53                              	PUSH	EBX
    62 00000079 56                              	PUSH	ESI
    63 0000007A E8 [00000000]                   	CALL	_memman_free_4k
    64 0000007F 83 C4 0C                        	ADD	ESP,12
    65 00000082 EB E5                           	JMP	L3
    66 00000084                                 	GLOBAL	_sheet_alloc
    67 00000084                                 _sheet_alloc:
    68 00000084 55                              	PUSH	EBP
    69 00000085 31 D2                           	XOR	EDX,EDX
    70 00000087 89 E5                           	MOV	EBP,ESP
    71 00000089 8B 45 08                        	MOV	EAX,DWORD [8+EBP]
    72 0000008C 05 00000414                     	ADD	EAX,1044
    73 00000091                                 L18:
    74 00000091 83 78 1C 00                     	CMP	DWORD [28+EAX],0
    75 00000095 74 10                           	JE	L21
    76 00000097 42                              	INC	EDX
    77 00000098 83 C0 24                        	ADD	EAX,36
    78 0000009B 81 FA 000000FF                  	CMP	EDX,255
    79 000000A1 7E EE                           	JLE	L18
    80 000000A3 31 C0                           	XOR	EAX,EAX
    81 000000A5                                 L12:
    82 000000A5 5D                              	POP	EBP
    83 000000A6 C3                              	RET
    84 000000A7                                 L21:
    85 000000A7 C7 40 1C 00000001               	MOV	DWORD [28+EAX],1
    86 000000AE C7 40 18 FFFFFFFF               	MOV	DWORD [24+EAX],-1
    87 000000B5 EB EE                           	JMP	L12
    88 000000B7                                 	GLOBAL	_sheet_setbuf
    89 000000B7                                 _sheet_setbuf:
    90 000000B7 55                              	PUSH	EBP
    91 000000B8 89 E5                           	MOV	EBP,ESP
    92 000000BA 8B 55 08                        	MOV	EDX,DWORD [8+EBP]
    93 000000BD 8B 45 0C                        	MOV	EAX,DWORD [12+EBP]
    94 000000C0 89 02                           	MOV	DWORD [EDX],EAX
    95 000000C2 8B 45 10                        	MOV	EAX,DWORD [16+EBP]
    96 000000C5 89 42 04                        	MOV	DWORD [4+EDX],EAX
    97 000000C8 8B 45 14                        	MOV	EAX,DWORD [20+EBP]
    98 000000CB 89 42 08                        	MOV	DWORD [8+EDX],EAX
    99 000000CE 8B 45 18                        	MOV	EAX,DWORD [24+EBP]
   100 000000D1 89 42 14                        	MOV	DWORD [20+EDX],EAX
   101 000000D4 5D                              	POP	EBP
   102 000000D5 C3                              	RET
   103 000000D6                                 	GLOBAL	_sheet_updown
   104 000000D6                                 _sheet_updown:
   105 000000D6 55                              	PUSH	EBP
   106 000000D7 89 E5                           	MOV	EBP,ESP
   107 000000D9 57                              	PUSH	EDI
   108 000000DA 56                              	PUSH	ESI
   109 000000DB 53                              	PUSH	EBX
   110 000000DC 51                              	PUSH	ECX
   111 000000DD 8B 7D 08                        	MOV	EDI,DWORD [8+EBP]
   112 000000E0 8B 5D 0C                        	MOV	EBX,DWORD [12+EBP]
   113 000000E3 8B 77 20                        	MOV	ESI,DWORD [32+EDI]
   114 000000E6 8B 47 18                        	MOV	EAX,DWORD [24+EDI]
   115 000000E9 89 45 F0                        	MOV	DWORD [-16+EBP],EAX
   116 000000EC 8B 46 10                        	MOV	EAX,DWORD [16+ESI]
   117 000000EF 40                              	INC	EAX
   118 000000F0 39 C3                           	CMP	EBX,EAX
   119 000000F2 7E 02                           	JLE	L24
   120 000000F4 89 C3                           	MOV	EBX,EAX
   121 000000F6                                 L24:
   122 000000F6 83 FB FF                        	CMP	EBX,-1
   123 000000F9 7D 03                           	JGE	L25
   124 000000FB 83 CB FF                        	OR	EBX,-1
   125 000000FE                                 L25:
   126 000000FE 89 5F 18                        	MOV	DWORD [24+EDI],EBX
   127 00000101 39 5D F0                        	CMP	DWORD [-16+EBP],EBX
   128 00000104 0F 8E 000000C9                  	JLE	L26
   129 0000010A 85 DB                           	TEST	EBX,EBX
   130 0000010C 0F 88 0000009C                  	JS	L27
   131 00000112 8B 4D F0                        	MOV	ECX,DWORD [-16+EBP]
   132 00000115                                 L32:
   133 00000115 8B 44 8E 10                     	MOV	EAX,DWORD [16+ESI+ECX*4]
   134 00000119 89 44 8E 14                     	MOV	DWORD [20+ESI+ECX*4],EAX
   135 0000011D 89 48 18                        	MOV	DWORD [24+EAX],ECX
   136 00000120 49                              	DEC	ECX
   137 00000121 39 D9                           	CMP	ECX,EBX
   138 00000123 7F F0                           	JG	L32
   139 00000125 89 7C 9E 14                     	MOV	DWORD [20+ESI+EBX*4],EDI
   140 00000129 43                              	INC	EBX
   141 0000012A 53                              	PUSH	EBX
   142 0000012B 8B 4F 10                        	MOV	ECX,DWORD [16+EDI]
   143 0000012E 89 C8                           	MOV	EAX,ECX
   144 00000130 03 47 08                        	ADD	EAX,DWORD [8+EDI]
   145 00000133 50                              	PUSH	EAX
   146 00000134 8B 57 0C                        	MOV	EDX,DWORD [12+EDI]
   147 00000137 89 D0                           	MOV	EAX,EDX
   148 00000139 03 47 04                        	ADD	EAX,DWORD [4+EDI]
   149 0000013C 50                              	PUSH	EAX
   150 0000013D 51                              	PUSH	ECX
   151 0000013E 52                              	PUSH	EDX
   152 0000013F 56                              	PUSH	ESI
   153 00000140 E8 00000362                     	CALL	_sheet_refreshmap
   154 00000145 FF 75 F0                        	PUSH	DWORD [-16+EBP]
   155 00000148 53                              	PUSH	EBX
   156 00000149 8B 4F 10                        	MOV	ECX,DWORD [16+EDI]
   157 0000014C 89 C8                           	MOV	EAX,ECX
   158 0000014E 03 47 08                        	ADD	EAX,DWORD [8+EDI]
   159 00000151 50                              	PUSH	EAX
   160 00000152 8B 57 0C                        	MOV	EDX,DWORD [12+EDI]
   161 00000155 89 D0                           	MOV	EAX,EDX
   162 00000157 03 47 04                        	ADD	EAX,DWORD [4+EDI]
   163 0000015A 50                              	PUSH	EAX
   164 0000015B 51                              	PUSH	ECX
   165 0000015C 52                              	PUSH	EDX
   166 0000015D 56                              	PUSH	ESI
   167 0000015E E8 000001DD                     	CALL	_sheet_refreshsub
   168 00000163 83 C4 34                        	ADD	ESP,52
   169 00000166                                 L33:
   170 00000166 6A 00                           	PUSH	0
   171 00000168 8B 4F 10                        	MOV	ECX,DWORD [16+EDI]
   172 0000016B 89 C8                           	MOV	EAX,ECX
   173 0000016D 03 47 08                        	ADD	EAX,DWORD [8+EDI]
   174 00000170 50                              	PUSH	EAX
   175 00000171 8B 57 0C                        	MOV	EDX,DWORD [12+EDI]
   176 00000174 89 D0                           	MOV	EAX,EDX
   177 00000176 03 47 04                        	ADD	EAX,DWORD [4+EDI]
   178 00000179 50                              	PUSH	EAX
   179 0000017A 51                              	PUSH	ECX
   180 0000017B 52                              	PUSH	EDX
   181 0000017C 56                              	PUSH	ESI
   182 0000017D E8 00000325                     	CALL	_sheet_refreshmap
   183 00000182 8B 45 F0                        	MOV	EAX,DWORD [-16+EBP]
   184 00000185 48                              	DEC	EAX
   185 00000186 50                              	PUSH	EAX
   186 00000187 6A 00                           	PUSH	0
   187 00000189                                 L61:
   188 00000189 8B 4F 10                        	MOV	ECX,DWORD [16+EDI]
   189 0000018C 89 C8                           	MOV	EAX,ECX
   190 0000018E 03 47 08                        	ADD	EAX,DWORD [8+EDI]
   191 00000191 50                              	PUSH	EAX
   192 00000192 8B 57 0C                        	MOV	EDX,DWORD [12+EDI]
   193 00000195 89 D0                           	MOV	EAX,EDX
   194 00000197 03 47 04                        	ADD	EAX,DWORD [4+EDI]
   195 0000019A 50                              	PUSH	EAX
   196 0000019B 51                              	PUSH	ECX
   197 0000019C 52                              	PUSH	EDX
   198 0000019D 56                              	PUSH	ESI
   199 0000019E E8 0000019D                     	CALL	_sheet_refreshsub
   200 000001A3 83 C4 34                        	ADD	ESP,52
   201 000001A6                                 L23:
   202 000001A6 8D 65 F4                        	LEA	ESP,DWORD [-12+EBP]
   203 000001A9 5B                              	POP	EBX
   204 000001AA 5E                              	POP	ESI
   205 000001AB 5F                              	POP	EDI
   206 000001AC 5D                              	POP	EBP
   207 000001AD C3                              	RET
   208 000001AE                                 L27:
   209 000001AE 8B 46 10                        	MOV	EAX,DWORD [16+ESI]
   210 000001B1 3B 45 F0                        	CMP	EAX,DWORD [-16+EBP]
   211 000001B4 7E 18                           	JLE	L34
   212 000001B6 8B 4D F0                        	MOV	ECX,DWORD [-16+EBP]
   213 000001B9 39 C1                           	CMP	ECX,EAX
   214 000001BB 7D 11                           	JGE	L34
   215 000001BD                                 L39:
   216 000001BD 8B 44 8E 18                     	MOV	EAX,DWORD [24+ESI+ECX*4]
   217 000001C1 89 44 8E 14                     	MOV	DWORD [20+ESI+ECX*4],EAX
   218 000001C5 89 48 18                        	MOV	DWORD [24+EAX],ECX
   219 000001C8 41                              	INC	ECX
   220 000001C9 3B 4E 10                        	CMP	ECX,DWORD [16+ESI]
   221 000001CC 7C EF                           	JL	L39
   222 000001CE                                 L34:
   223 000001CE FF 4E 10                        	DEC	DWORD [16+ESI]
   224 000001D1 EB 93                           	JMP	L33
   225 000001D3                                 L26:
   226 000001D3 39 5D F0                        	CMP	DWORD [-16+EBP],EBX
   227 000001D6 7D CE                           	JGE	L23
   228 000001D8 83 7D F0 00                     	CMP	DWORD [-16+EBP],0
   229 000001DC 78 3D                           	JS	L42
   230 000001DE 8B 4D F0                        	MOV	ECX,DWORD [-16+EBP]
   231 000001E1 39 D9                           	CMP	ECX,EBX
   232 000001E3 7D 10                           	JGE	L58
   233 000001E5                                 L47:
   234 000001E5 8B 44 8E 18                     	MOV	EAX,DWORD [24+ESI+ECX*4]
   235 000001E9 89 44 8E 14                     	MOV	DWORD [20+ESI+ECX*4],EAX
   236 000001ED 89 48 18                        	MOV	DWORD [24+EAX],ECX
   237 000001F0 41                              	INC	ECX
   238 000001F1 39 D9                           	CMP	ECX,EBX
   239 000001F3 7C F0                           	JL	L47
   240 000001F5                                 L58:
   241 000001F5 89 7C 9E 14                     	MOV	DWORD [20+ESI+EBX*4],EDI
   242 000001F9                                 L48:
   243 000001F9 53                              	PUSH	EBX
   244 000001FA 8B 4F 10                        	MOV	ECX,DWORD [16+EDI]
   245 000001FD 89 C8                           	MOV	EAX,ECX
   246 000001FF 03 47 08                        	ADD	EAX,DWORD [8+EDI]
   247 00000202 50                              	PUSH	EAX
   248 00000203 8B 57 0C                        	MOV	EDX,DWORD [12+EDI]
   249 00000206 89 D0                           	MOV	EAX,EDX
   250 00000208 03 47 04                        	ADD	EAX,DWORD [4+EDI]
   251 0000020B 50                              	PUSH	EAX
   252 0000020C 51                              	PUSH	ECX
   253 0000020D 52                              	PUSH	EDX
   254 0000020E 56                              	PUSH	ESI
   255 0000020F E8 00000293                     	CALL	_sheet_refreshmap
   256 00000214 53                              	PUSH	EBX
   257 00000215 53                              	PUSH	EBX
   258 00000216 E9 FFFFFF6E                     	JMP	L61
   259 0000021B                                 L42:
   260 0000021B 8B 4E 10                        	MOV	ECX,DWORD [16+ESI]
   261 0000021E 39 D9                           	CMP	ECX,EBX
   262 00000220 7C 13                           	JL	L60
   263 00000222                                 L53:
   264 00000222 8B 54 8E 14                     	MOV	EDX,DWORD [20+ESI+ECX*4]
   265 00000226 8D 41 01                        	LEA	EAX,DWORD [1+ECX]
   266 00000229 89 54 8E 18                     	MOV	DWORD [24+ESI+ECX*4],EDX
   267 0000022D 49                              	DEC	ECX
   268 0000022E 89 42 18                        	MOV	DWORD [24+EDX],EAX
   269 00000231 39 D9                           	CMP	ECX,EBX
   270 00000233 7D ED                           	JGE	L53
   271 00000235                                 L60:
   272 00000235 89 7C 9E 14                     	MOV	DWORD [20+ESI+EBX*4],EDI
   273 00000239 FF 46 10                        	INC	DWORD [16+ESI]
   274 0000023C EB BB                           	JMP	L48
   275 0000023E                                 	GLOBAL	_sheet_refresh
   276 0000023E                                 _sheet_refresh:
   277 0000023E 55                              	PUSH	EBP
   278 0000023F 89 E5                           	MOV	EBP,ESP
   279 00000241 53                              	PUSH	EBX
   280 00000242 8B 5D 08                        	MOV	EBX,DWORD [8+EBP]
   281 00000245 8B 43 18                        	MOV	EAX,DWORD [24+EBX]
   282 00000248 85 C0                           	TEST	EAX,EAX
   283 0000024A 78 27                           	JS	L62
   284 0000024C 50                              	PUSH	EAX
   285 0000024D 50                              	PUSH	EAX
   286 0000024E 8B 4B 10                        	MOV	ECX,DWORD [16+EBX]
   287 00000251 89 C8                           	MOV	EAX,ECX
   288 00000253 03 4D 10                        	ADD	ECX,DWORD [16+EBP]
   289 00000256 03 45 18                        	ADD	EAX,DWORD [24+EBP]
   290 00000259 50                              	PUSH	EAX
   291 0000025A 8B 53 0C                        	MOV	EDX,DWORD [12+EBX]
   292 0000025D 89 D0                           	MOV	EAX,EDX
   293 0000025F 03 55 0C                        	ADD	EDX,DWORD [12+EBP]
   294 00000262 03 45 14                        	ADD	EAX,DWORD [20+EBP]
   295 00000265 50                              	PUSH	EAX
   296 00000266 51                              	PUSH	ECX
   297 00000267 52                              	PUSH	EDX
   298 00000268 FF 73 20                        	PUSH	DWORD [32+EBX]
   299 0000026B E8 000000D0                     	CALL	_sheet_refreshsub
   300 00000270 83 C4 1C                        	ADD	ESP,28
   301 00000273                                 L62:
   302 00000273 8B 5D FC                        	MOV	EBX,DWORD [-4+EBP]
   303 00000276 C9                              	LEAVE
   304 00000277 C3                              	RET
   305 00000278                                 	GLOBAL	_sheet_slide
   306 00000278                                 _sheet_slide:
   307 00000278 55                              	PUSH	EBP
   308 00000279 89 E5                           	MOV	EBP,ESP
   309 0000027B 57                              	PUSH	EDI
   310 0000027C 56                              	PUSH	ESI
   311 0000027D 53                              	PUSH	EBX
   312 0000027E 8B 45 0C                        	MOV	EAX,DWORD [12+EBP]
   313 00000281 8B 5D 08                        	MOV	EBX,DWORD [8+EBP]
   314 00000284 8B 7B 0C                        	MOV	EDI,DWORD [12+EBX]
   315 00000287 8B 73 10                        	MOV	ESI,DWORD [16+EBX]
   316 0000028A 89 43 0C                        	MOV	DWORD [12+EBX],EAX
   317 0000028D 8B 45 10                        	MOV	EAX,DWORD [16+EBP]
   318 00000290 89 43 10                        	MOV	DWORD [16+EBX],EAX
   319 00000293 83 7B 18 00                     	CMP	DWORD [24+EBX],0
   320 00000297 78 7C                           	JS	L64
   321 00000299 6A 00                           	PUSH	0
   322 0000029B 89 F0                           	MOV	EAX,ESI
   323 0000029D 03 43 08                        	ADD	EAX,DWORD [8+EBX]
   324 000002A0 50                              	PUSH	EAX
   325 000002A1 89 F8                           	MOV	EAX,EDI
   326 000002A3 03 43 04                        	ADD	EAX,DWORD [4+EBX]
   327 000002A6 50                              	PUSH	EAX
   328 000002A7 56                              	PUSH	ESI
   329 000002A8 57                              	PUSH	EDI
   330 000002A9 FF 73 20                        	PUSH	DWORD [32+EBX]
   331 000002AC E8 000001F6                     	CALL	_sheet_refreshmap
   332 000002B1 8B 45 10                        	MOV	EAX,DWORD [16+EBP]
   333 000002B4 FF 73 18                        	PUSH	DWORD [24+EBX]
   334 000002B7 03 43 08                        	ADD	EAX,DWORD [8+EBX]
   335 000002BA 50                              	PUSH	EAX
   336 000002BB 8B 45 0C                        	MOV	EAX,DWORD [12+EBP]
   337 000002BE 03 43 04                        	ADD	EAX,DWORD [4+EBX]
   338 000002C1 50                              	PUSH	EAX
   339 000002C2 FF 75 10                        	PUSH	DWORD [16+EBP]
   340 000002C5 FF 75 0C                        	PUSH	DWORD [12+EBP]
   341 000002C8 FF 73 20                        	PUSH	DWORD [32+EBX]
   342 000002CB E8 000001D7                     	CALL	_sheet_refreshmap
   343 000002D0 8B 43 18                        	MOV	EAX,DWORD [24+EBX]
   344 000002D3 83 C4 30                        	ADD	ESP,48
   345 000002D6 48                              	DEC	EAX
   346 000002D7 50                              	PUSH	EAX
   347 000002D8 89 F0                           	MOV	EAX,ESI
   348 000002DA 6A 00                           	PUSH	0
   349 000002DC 03 43 08                        	ADD	EAX,DWORD [8+EBX]
   350 000002DF 50                              	PUSH	EAX
   351 000002E0 89 F8                           	MOV	EAX,EDI
   352 000002E2 03 43 04                        	ADD	EAX,DWORD [4+EBX]
   353 000002E5 50                              	PUSH	EAX
   354 000002E6 56                              	PUSH	ESI
   355 000002E7 57                              	PUSH	EDI
   356 000002E8 FF 73 20                        	PUSH	DWORD [32+EBX]
   357 000002EB E8 00000050                     	CALL	_sheet_refreshsub
   358 000002F0 8B 45 10                        	MOV	EAX,DWORD [16+EBP]
   359 000002F3 FF 73 18                        	PUSH	DWORD [24+EBX]
   360 000002F6 FF 73 18                        	PUSH	DWORD [24+EBX]
   361 000002F9 03 43 08                        	ADD	EAX,DWORD [8+EBX]
   362 000002FC 50                              	PUSH	EAX
   363 000002FD 8B 45 0C                        	MOV	EAX,DWORD [12+EBP]
   364 00000300 03 43 04                        	ADD	EAX,DWORD [4+EBX]
   365 00000303 50                              	PUSH	EAX
   366 00000304 FF 75 10                        	PUSH	DWORD [16+EBP]
   367 00000307 FF 75 0C                        	PUSH	DWORD [12+EBP]
   368 0000030A FF 73 20                        	PUSH	DWORD [32+EBX]
   369 0000030D E8 0000002E                     	CALL	_sheet_refreshsub
   370 00000312 83 C4 38                        	ADD	ESP,56
   371 00000315                                 L64:
   372 00000315 8D 65 F4                        	LEA	ESP,DWORD [-12+EBP]
   373 00000318 5B                              	POP	EBX
   374 00000319 5E                              	POP	ESI
   375 0000031A 5F                              	POP	EDI
   376 0000031B 5D                              	POP	EBP
   377 0000031C C3                              	RET
   378 0000031D                                 	GLOBAL	_sheet_free
   379 0000031D                                 _sheet_free:
   380 0000031D 55                              	PUSH	EBP
   381 0000031E 89 E5                           	MOV	EBP,ESP
   382 00000320 53                              	PUSH	EBX
   383 00000321 8B 5D 08                        	MOV	EBX,DWORD [8+EBP]
   384 00000324 83 7B 18 00                     	CMP	DWORD [24+EBX],0
   385 00000328 78 0A                           	JS	L67
   386 0000032A 6A FF                           	PUSH	-1
   387 0000032C 53                              	PUSH	EBX
   388 0000032D E8 FFFFFDA4                     	CALL	_sheet_updown
   389 00000332 58                              	POP	EAX
   390 00000333 5A                              	POP	EDX
   391 00000334                                 L67:
   392 00000334 C7 43 1C 00000000               	MOV	DWORD [28+EBX],0
   393 0000033B 8B 5D FC                        	MOV	EBX,DWORD [-4+EBP]
   394 0000033E C9                              	LEAVE
   395 0000033F C3                              	RET
   396 00000340                                 	GLOBAL	_sheet_refreshsub
   397 00000340                                 _sheet_refreshsub:
   398 00000340 55                              	PUSH	EBP
   399 00000341 89 E5                           	MOV	EBP,ESP
   400 00000343 57                              	PUSH	EDI
   401 00000344 56                              	PUSH	ESI
   402 00000345 53                              	PUSH	EBX
   403 00000346 83 EC 2C                        	SUB	ESP,44
   404 00000349 8B 45 08                        	MOV	EAX,DWORD [8+EBP]
   405 0000034C 8B 55 08                        	MOV	EDX,DWORD [8+EBP]
   406 0000034F 83 7D 0C 00                     	CMP	DWORD [12+EBP],0
   407 00000353 8B 00                           	MOV	EAX,DWORD [EAX]
   408 00000355 8B 52 04                        	MOV	EDX,DWORD [4+EDX]
   409 00000358 89 45 DC                        	MOV	DWORD [-36+EBP],EAX
   410 0000035B 89 55 D8                        	MOV	DWORD [-40+EBP],EDX
   411 0000035E 0F 88 00000137                  	JS	L99
   412 00000364                                 L69:
   413 00000364 83 7D 10 00                     	CMP	DWORD [16+EBP],0
   414 00000368 0F 88 00000121                  	JS	L100
   415 0000036E                                 L70:
   416 0000036E 8B 75 08                        	MOV	ESI,DWORD [8+EBP]
   417 00000371 8B 46 08                        	MOV	EAX,DWORD [8+ESI]
   418 00000374 39 45 14                        	CMP	DWORD [20+EBP],EAX
   419 00000377 7E 03                           	JLE	L71
   420 00000379 89 45 14                        	MOV	DWORD [20+EBP],EAX
   421 0000037C                                 L71:
   422 0000037C 8B 7D 08                        	MOV	EDI,DWORD [8+EBP]
   423 0000037F 8B 47 0C                        	MOV	EAX,DWORD [12+EDI]
   424 00000382 39 45 18                        	CMP	DWORD [24+EBP],EAX
   425 00000385 7E 03                           	JLE	L72
   426 00000387 89 45 18                        	MOV	DWORD [24+EBP],EAX
   427 0000038A                                 L72:
   428 0000038A 8B 55 08                        	MOV	EDX,DWORD [8+EBP]
   429 0000038D 8B 45 1C                        	MOV	EAX,DWORD [28+EBP]
   430 00000390 89 45 F0                        	MOV	DWORD [-16+EBP],EAX
   431 00000393 3B 42 10                        	CMP	EAX,DWORD [16+EDX]
   432 00000396 0F 8F 000000BF                  	JG	L94
   433 0000039C                                 L92:
   434 0000039C 8B 7D 08                        	MOV	EDI,DWORD [8+EBP]
   435 0000039F 8B 75 F0                        	MOV	ESI,DWORD [-16+EBP]
   436 000003A2 8B 4D 10                        	MOV	ECX,DWORD [16+EBP]
   437 000003A5 8B 5C B7 14                     	MOV	EBX,DWORD [20+EDI+ESI*4]
   438 000003A9 8B 75 14                        	MOV	ESI,DWORD [20+EBP]
   439 000003AC 8B 03                           	MOV	EAX,DWORD [EBX]
   440 000003AE 8B 53 10                        	MOV	EDX,DWORD [16+EBX]
   441 000003B1 89 45 E0                        	MOV	DWORD [-32+EBP],EAX
   442 000003B4 29 D1                           	SUB	ECX,EDX
   443 000003B6 89 D8                           	MOV	EAX,EBX
   444 000003B8 29 F8                           	SUB	EAX,EDI
   445 000003BA 8B 7D 18                        	MOV	EDI,DWORD [24+EBP]
   446 000003BD 2D 00000414                     	SUB	EAX,1044
   447 000003C2 29 D7                           	SUB	EDI,EDX
   448 000003C4 C1 F8 02                        	SAR	EAX,2
   449 000003C7 8B 55 0C                        	MOV	EDX,DWORD [12+EBP]
   450 000003CA 69 C0 38E38E39                  	IMUL	EAX,EAX,954437177
   451 000003D0 88 45 D7                        	MOV	BYTE [-41+EBP],AL
   452 000003D3 89 7D C8                        	MOV	DWORD [-56+EBP],EDI
   453 000003D6 8B 43 0C                        	MOV	EAX,DWORD [12+EBX]
   454 000003D9 29 C6                           	SUB	ESI,EAX
   455 000003DB 29 C2                           	SUB	EDX,EAX
   456 000003DD 89 75 E4                        	MOV	DWORD [-28+EBP],ESI
   457 000003E0 89 55 E8                        	MOV	DWORD [-24+EBP],EDX
   458 000003E3 0F 88 0000009A                  	JS	L101
   459 000003E9                                 L77:
   460 000003E9 85 C9                           	TEST	ECX,ECX
   461 000003EB 0F 88 0000008B                  	JS	L102
   462 000003F1                                 L78:
   463 000003F1 8B 43 04                        	MOV	EAX,DWORD [4+EBX]
   464 000003F4 39 45 E4                        	CMP	DWORD [-28+EBP],EAX
   465 000003F7 7E 03                           	JLE	L79
   466 000003F9 89 45 E4                        	MOV	DWORD [-28+EBP],EAX
   467 000003FC                                 L79:
   468 000003FC 8B 43 08                        	MOV	EAX,DWORD [8+EBX]
   469 000003FF 39 45 C8                        	CMP	DWORD [-56+EBP],EAX
   470 00000402 7E 03                           	JLE	L80
   471 00000404 89 45 C8                        	MOV	DWORD [-56+EBP],EAX
   472 00000407                                 L80:
   473 00000407 89 CE                           	MOV	ESI,ECX
   474 00000409 3B 4D C8                        	CMP	ECX,DWORD [-56+EBP]
   475 0000040C 7D 3B                           	JGE	L96
   476 0000040E                                 L91:
   477 0000040E 8B 7B 10                        	MOV	EDI,DWORD [16+EBX]
   478 00000411 8B 4D E8                        	MOV	ECX,DWORD [-24+EBP]
   479 00000414 01 F7                           	ADD	EDI,ESI
   480 00000416 3B 4D E4                        	CMP	ECX,DWORD [-28+EBP]
   481 00000419 89 7D EC                        	MOV	DWORD [-20+EBP],EDI
   482 0000041C 7D 25                           	JGE	L98
   483 0000041E                                 L90:
   484 0000041E 8B 55 08                        	MOV	EDX,DWORD [8+EBP]
   485 00000421 8B 7D EC                        	MOV	EDI,DWORD [-20+EBP]
   486 00000424 8B 43 0C                        	MOV	EAX,DWORD [12+EBX]
   487 00000427 0F AF 7A 08                     	IMUL	EDI,DWORD [8+EDX]
   488 0000042B 01 C8                           	ADD	EAX,ECX
   489 0000042D 8A 55 D7                        	MOV	DL,BYTE [-41+EBP]
   490 00000430 01 F8                           	ADD	EAX,EDI
   491 00000432 8B 7D D8                        	MOV	EDI,DWORD [-40+EBP]
   492 00000435 89 45 CC                        	MOV	DWORD [-52+EBP],EAX
   493 00000438 38 14 38                        	CMP	BYTE [EAX+EDI*1],DL
   494 0000043B 74 26                           	JE	L103
   495 0000043D                                 L87:
   496 0000043D 41                              	INC	ECX
   497 0000043E 3B 4D E4                        	CMP	ECX,DWORD [-28+EBP]
   498 00000441 7C DB                           	JL	L90
   499 00000443                                 L98:
   500 00000443 46                              	INC	ESI
   501 00000444 3B 75 C8                        	CMP	ESI,DWORD [-56+EBP]
   502 00000447 7C C5                           	JL	L91
   503 00000449                                 L96:
   504 00000449 8B 7D 08                        	MOV	EDI,DWORD [8+EBP]
   505 0000044C FF 45 F0                        	INC	DWORD [-16+EBP]
   506 0000044F 8B 75 F0                        	MOV	ESI,DWORD [-16+EBP]
   507 00000452 3B 77 10                        	CMP	ESI,DWORD [16+EDI]
   508 00000455 0F 8E FFFFFF41                  	JLE	L92
   509 0000045B                                 L94:
   510 0000045B 83 C4 2C                        	ADD	ESP,44
   511 0000045E 5B                              	POP	EBX
   512 0000045F 5E                              	POP	ESI
   513 00000460 5F                              	POP	EDI
   514 00000461 5D                              	POP	EBP
   515 00000462 C3                              	RET
   516 00000463                                 L103:
   517 00000463 89 F0                           	MOV	EAX,ESI
   518 00000465 8B 55 E0                        	MOV	EDX,DWORD [-32+EBP]
   519 00000468 0F AF 43 04                     	IMUL	EAX,DWORD [4+EBX]
   520 0000046C 01 C8                           	ADD	EAX,ECX
   521 0000046E 8B 7D DC                        	MOV	EDI,DWORD [-36+EBP]
   522 00000471 8A 04 10                        	MOV	AL,BYTE [EAX+EDX*1]
   523 00000474 8B 55 CC                        	MOV	EDX,DWORD [-52+EBP]
   524 00000477 88 04 3A                        	MOV	BYTE [EDX+EDI*1],AL
   525 0000047A EB C1                           	JMP	L87
   526 0000047C                                 L102:
   527 0000047C 31 C9                           	XOR	ECX,ECX
   528 0000047E E9 FFFFFF6E                     	JMP	L78
   529 00000483                                 L101:
   530 00000483 C7 45 E8 00000000               	MOV	DWORD [-24+EBP],0
   531 0000048A E9 FFFFFF5A                     	JMP	L77
   532 0000048F                                 L100:
   533 0000048F C7 45 10 00000000               	MOV	DWORD [16+EBP],0
   534 00000496 E9 FFFFFED3                     	JMP	L70
   535 0000049B                                 L99:
   536 0000049B C7 45 0C 00000000               	MOV	DWORD [12+EBP],0
   537 000004A2 E9 FFFFFEBD                     	JMP	L69
   538 000004A7                                 	GLOBAL	_sheet_refreshmap
   539 000004A7                                 _sheet_refreshmap:
   540 000004A7 55                              	PUSH	EBP
   541 000004A8 89 E5                           	MOV	EBP,ESP
   542 000004AA 57                              	PUSH	EDI
   543 000004AB 56                              	PUSH	ESI
   544 000004AC 53                              	PUSH	EBX
   545 000004AD 83 EC 28                        	SUB	ESP,40
   546 000004B0 8B 45 08                        	MOV	EAX,DWORD [8+EBP]
   547 000004B3 83 7D 0C 00                     	CMP	DWORD [12+EBP],0
   548 000004B7 8B 40 04                        	MOV	EAX,DWORD [4+EAX]
   549 000004BA 89 45 D8                        	MOV	DWORD [-40+EBP],EAX
   550 000004BD 0F 88 00000135                  	JS	L135
   551 000004C3                                 L105:
   552 000004C3 83 7D 10 00                     	CMP	DWORD [16+EBP],0
   553 000004C7 0F 88 0000011F                  	JS	L136
   554 000004CD                                 L106:
   555 000004CD 8B 55 08                        	MOV	EDX,DWORD [8+EBP]
   556 000004D0 8B 42 08                        	MOV	EAX,DWORD [8+EDX]
   557 000004D3 39 45 14                        	CMP	DWORD [20+EBP],EAX
   558 000004D6 7E 03                           	JLE	L107
   559 000004D8 89 45 14                        	MOV	DWORD [20+EBP],EAX
   560 000004DB                                 L107:
   561 000004DB 8B 75 08                        	MOV	ESI,DWORD [8+EBP]
   562 000004DE 8B 46 0C                        	MOV	EAX,DWORD [12+ESI]
   563 000004E1 39 45 18                        	CMP	DWORD [24+EBP],EAX
   564 000004E4 7E 03                           	JLE	L108
   565 000004E6 89 45 18                        	MOV	DWORD [24+EBP],EAX
   566 000004E9                                 L108:
   567 000004E9 8B 45 08                        	MOV	EAX,DWORD [8+EBP]
   568 000004EC 8B 7D 1C                        	MOV	EDI,DWORD [28+EBP]
   569 000004EF 89 7D F0                        	MOV	DWORD [-16+EBP],EDI
   570 000004F2 3B 78 10                        	CMP	EDI,DWORD [16+EAX]
   571 000004F5 0F 8F 000000D6                  	JG	L130
   572 000004FB                                 L128:
   573 000004FB 8B 75 08                        	MOV	ESI,DWORD [8+EBP]
   574 000004FE 8B 55 F0                        	MOV	EDX,DWORD [-16+EBP]
   575 00000501 8B 5D 10                        	MOV	EBX,DWORD [16+EBP]
   576 00000504 8B 4C 96 14                     	MOV	ECX,DWORD [20+ESI+EDX*4]
   577 00000508 89 C8                           	MOV	EAX,ECX
   578 0000050A 29 F0                           	SUB	EAX,ESI
   579 0000050C 8B 39                           	MOV	EDI,DWORD [ECX]
   580 0000050E 2D 00000414                     	SUB	EAX,1044
   581 00000513 8B 51 10                        	MOV	EDX,DWORD [16+ECX]
   582 00000516 C1 F8 02                        	SAR	EAX,2
   583 00000519 89 7D E0                        	MOV	DWORD [-32+EBP],EDI
   584 0000051C 69 C0 38E38E39                  	IMUL	EAX,EAX,954437177
   585 00000522 8B 7D 18                        	MOV	EDI,DWORD [24+EBP]
   586 00000525 29 D3                           	SUB	EBX,EDX
   587 00000527 29 D7                           	SUB	EDI,EDX
   588 00000529 88 45 DF                        	MOV	BYTE [-33+EBP],AL
   589 0000052C 8B 75 14                        	MOV	ESI,DWORD [20+EBP]
   590 0000052F 8B 55 0C                        	MOV	EDX,DWORD [12+EBP]
   591 00000532 8B 41 0C                        	MOV	EAX,DWORD [12+ECX]
   592 00000535 89 7D D4                        	MOV	DWORD [-44+EBP],EDI
   593 00000538 29 C6                           	SUB	ESI,EAX
   594 0000053A 29 C2                           	SUB	EDX,EAX
   595 0000053C 89 75 CC                        	MOV	DWORD [-52+EBP],ESI
   596 0000053F 89 55 E4                        	MOV	DWORD [-28+EBP],EDX
   597 00000542 0F 88 00000098                  	JS	L137
   598 00000548                                 L113:
   599 00000548 85 DB                           	TEST	EBX,EBX
   600 0000054A 0F 88 00000089                  	JS	L138
   601 00000550                                 L114:
   602 00000550 8B 41 04                        	MOV	EAX,DWORD [4+ECX]
   603 00000553 39 45 CC                        	CMP	DWORD [-52+EBP],EAX
   604 00000556 7E 03                           	JLE	L115
   605 00000558 89 45 CC                        	MOV	DWORD [-52+EBP],EAX
   606 0000055B                                 L115:
   607 0000055B 8B 41 08                        	MOV	EAX,DWORD [8+ECX]
   608 0000055E 39 45 D4                        	CMP	DWORD [-44+EBP],EAX
   609 00000561 7E 03                           	JLE	L116
   610 00000563 89 45 D4                        	MOV	DWORD [-44+EBP],EAX
   611 00000566                                 L116:
   612 00000566 3B 5D D4                        	CMP	EBX,DWORD [-44+EBP]
   613 00000569 7D 54                           	JGE	L132
   614 0000056B                                 L127:
   615 0000056B 8B 71 10                        	MOV	ESI,DWORD [16+ECX]
   616 0000056E 8B 55 E4                        	MOV	EDX,DWORD [-28+EBP]
   617 00000571 01 DE                           	ADD	ESI,EBX
   618 00000573 3B 55 CC                        	CMP	EDX,DWORD [-52+EBP]
   619 00000576 89 75 E8                        	MOV	DWORD [-24+EBP],ESI
   620 00000579 7D 3E                           	JGE	L134
   621 0000057B                                 L126:
   622 0000057B 89 D8                           	MOV	EAX,EBX
   623 0000057D 8B 79 0C                        	MOV	EDI,DWORD [12+ECX]
   624 00000580 0F AF 41 04                     	IMUL	EAX,DWORD [4+ECX]
   625 00000584 01 D7                           	ADD	EDI,EDX
   626 00000586 8B 75 E0                        	MOV	ESI,DWORD [-32+EBP]
   627 00000589 01 D0                           	ADD	EAX,EDX
   628 0000058B 89 7D EC                        	MOV	DWORD [-20+EBP],EDI
   629 0000058E 0F B6 34 30                     	MOVZX	ESI,BYTE [EAX+ESI*1]
   630 00000592 3B 71 14                        	CMP	ESI,DWORD [20+ECX]
   631 00000595 74 1C                           	JE	L123
   632 00000597 8B 7D 08                        	MOV	EDI,DWORD [8+EBP]
   633 0000059A 8B 45 E8                        	MOV	EAX,DWORD [-24+EBP]
   634 0000059D 8B 75 D8                        	MOV	ESI,DWORD [-40+EBP]
   635 000005A0 0F AF 47 08                     	IMUL	EAX,DWORD [8+EDI]
   636 000005A4 03 45 EC                        	ADD	EAX,DWORD [-20+EBP]
   637 000005A7 89 45 D0                        	MOV	DWORD [-48+EBP],EAX
   638 000005AA 8A 45 DF                        	MOV	AL,BYTE [-33+EBP]
   639 000005AD 8B 7D D0                        	MOV	EDI,DWORD [-48+EBP]
   640 000005B0 88 04 37                        	MOV	BYTE [EDI+ESI*1],AL
   641 000005B3                                 L123:
   642 000005B3 42                              	INC	EDX
   643 000005B4 3B 55 CC                        	CMP	EDX,DWORD [-52+EBP]
   644 000005B7 7C C2                           	JL	L126
   645 000005B9                                 L134:
   646 000005B9 43                              	INC	EBX
   647 000005BA 3B 5D D4                        	CMP	EBX,DWORD [-44+EBP]
   648 000005BD 7C AC                           	JL	L127
   649 000005BF                                 L132:
   650 000005BF 8B 55 08                        	MOV	EDX,DWORD [8+EBP]
   651 000005C2 FF 45 F0                        	INC	DWORD [-16+EBP]
   652 000005C5 8B 45 F0                        	MOV	EAX,DWORD [-16+EBP]
   653 000005C8 3B 42 10                        	CMP	EAX,DWORD [16+EDX]
   654 000005CB 0F 8E FFFFFF2A                  	JLE	L128
   655 000005D1                                 L130:
   656 000005D1 83 C4 28                        	ADD	ESP,40
   657 000005D4 5B                              	POP	EBX
   658 000005D5 5E                              	POP	ESI
   659 000005D6 5F                              	POP	EDI
   660 000005D7 5D                              	POP	EBP
   661 000005D8 C3                              	RET
   662 000005D9                                 L138:
   663 000005D9 31 DB                           	XOR	EBX,EBX
   664 000005DB E9 FFFFFF70                     	JMP	L114
   665 000005E0                                 L137:
   666 000005E0 C7 45 E4 00000000               	MOV	DWORD [-28+EBP],0
   667 000005E7 E9 FFFFFF5C                     	JMP	L113
   668 000005EC                                 L136:
   669 000005EC C7 45 10 00000000               	MOV	DWORD [16+EBP],0
   670 000005F3 E9 FFFFFED5                     	JMP	L106
   671 000005F8                                 L135:
   672 000005F8 C7 45 0C 00000000               	MOV	DWORD [12+EBP],0
   673 000005FF E9 FFFFFEBF                     	JMP	L105
