     1 00000000                                 [FORMAT "WCOFF"]
     2 00000000                                 [INSTRSET "i486p"]
     3 00000000                                 [OPTIMIZE 1]
     4 00000000                                 [OPTION 1]
     5 00000000                                 [BITS 32]
     6 00000000                                 	EXTERN	_io_out8
     7 00000000                                 	EXTERN	_io_load_eflags
     8 00000000                                 	EXTERN	_io_cli
     9 00000000                                 	EXTERN	_io_store_eflags
    10 00000000                                 	EXTERN	_fifo32_put
    11 00000000                                 [FILE "timer.c"]
    12                                          [SECTION .data]
    13 00000000                                 _keytable:
    14 00000000 00                              	DB	0
    15 00000001 00                              	DB	0
    16 00000002 31                              	DB	49
    17 00000003 32                              	DB	50
    18 00000004 33                              	DB	51
    19 00000005 34                              	DB	52
    20 00000006 35                              	DB	53
    21 00000007 36                              	DB	54
    22 00000008 37                              	DB	55
    23 00000009 38                              	DB	56
    24 0000000A 39                              	DB	57
    25 0000000B 30                              	DB	48
    26 0000000C 2D                              	DB	45
    27 0000000D 5E                              	DB	94
    28 0000000E 00                              	DB	0
    29 0000000F 00                              	DB	0
    30 00000010 51                              	DB	81
    31 00000011 57                              	DB	87
    32 00000012 45                              	DB	69
    33 00000013 52                              	DB	82
    34 00000014 54                              	DB	84
    35 00000015 59                              	DB	89
    36 00000016 55                              	DB	85
    37 00000017 49                              	DB	73
    38 00000018 4F                              	DB	79
    39 00000019 50                              	DB	80
    40 0000001A 40                              	DB	64
    41 0000001B 5B                              	DB	91
    42 0000001C 00                              	DB	0
    43 0000001D 00                              	DB	0
    44 0000001E 41                              	DB	65
    45 0000001F 53                              	DB	83
    46 00000020 44                              	DB	68
    47 00000021 46                              	DB	70
    48 00000022 47                              	DB	71
    49 00000023 48                              	DB	72
    50 00000024 4A                              	DB	74
    51 00000025 4B                              	DB	75
    52 00000026 4C                              	DB	76
    53 00000027 3B                              	DB	59
    54 00000028 3A                              	DB	58
    55 00000029 00                              	DB	0
    56 0000002A 00                              	DB	0
    57 0000002B 5D                              	DB	93
    58 0000002C 5A                              	DB	90
    59 0000002D 58                              	DB	88
    60 0000002E 43                              	DB	67
    61 0000002F 56                              	DB	86
    62 00000030 42                              	DB	66
    63 00000031 4E                              	DB	78
    64 00000032 4D                              	DB	77
    65 00000033 2C                              	DB	44
    66 00000034 2E                              	DB	46
    67 00000035 2F                              	DB	47
    68 00000036 00                              	DB	0
    69 00000037 2A                              	DB	42
    70 00000038 00                              	DB	0
    71 00000039 20                              	DB	32
    72 0000003A 00                              	DB	0
    73 0000003B 00                              	DB	0
    74 0000003C 00                              	DB	0
    75 0000003D 00                              	DB	0
    76 0000003E 00                              	DB	0
    77 0000003F 00                              	DB	0
    78 00000040 00                              	DB	0
    79 00000041 00                              	DB	0
    80 00000042 00                              	DB	0
    81 00000043 00                              	DB	0
    82 00000044 00                              	DB	0
    83 00000045 00                              	DB	0
    84 00000046 00                              	DB	0
    85 00000047 37                              	DB	55
    86 00000048 38                              	DB	56
    87 00000049 39                              	DB	57
    88 0000004A 2D                              	DB	45
    89 0000004B 34                              	DB	52
    90 0000004C 35                              	DB	53
    91 0000004D 36                              	DB	54
    92 0000004E 2B                              	DB	43
    93 0000004F 31                              	DB	49
    94 00000050 32                              	DB	50
    95 00000051 33                              	DB	51
    96 00000052 30                              	DB	48
    97 00000053 2E                              	DB	46
    98                                          [SECTION .text]
    99 00000000                                 	GLOBAL	_init_pit
   100 00000000                                 _init_pit:
   101 00000000 55                              	PUSH	EBP
   102 00000001 89 E5                           	MOV	EBP,ESP
   103 00000003 6A 34                           	PUSH	52
   104 00000005 6A 43                           	PUSH	67
   105 00000007 E8 [00000000]                   	CALL	_io_out8
   106 0000000C 68 0000009C                     	PUSH	156
   107 00000011 6A 40                           	PUSH	64
   108 00000013 E8 [00000000]                   	CALL	_io_out8
   109 00000018 6A 2E                           	PUSH	46
   110 0000001A 6A 40                           	PUSH	64
   111 0000001C E8 [00000000]                   	CALL	_io_out8
   112 00000021 BA [00002774]                   	MOV	EDX,_timerctl+10004
   113 00000026 C7 05 [00000060] 00000000       	MOV	DWORD [_timerctl],0
   114 00000030 83 C4 18                        	ADD	ESP,24
   115 00000033 B8 [00000078]                   	MOV	EAX,_timerctl+24
   116 00000038                                 L6:
   117 00000038 C7 00 00000000                  	MOV	DWORD [EAX],0
   118 0000003E 83 C0 14                        	ADD	EAX,20
   119 00000041 39 D0                           	CMP	EAX,EDX
   120 00000043 7E F3                           	JLE	L6
   121 00000045 E8 0000002F                     	CALL	_timer_alloc
   122 0000004A A3 [0000006C]                   	MOV	DWORD [_timerctl+12],EAX
   123 0000004F C7 40 04 FFFFFFFF               	MOV	DWORD [4+EAX],-1
   124 00000056 C7 40 08 00000002               	MOV	DWORD [8+EAX],2
   125 0000005D C7 00 00000000                  	MOV	DWORD [EAX],0
   126 00000063 C7 05 [00000064] FFFFFFFF       	MOV	DWORD [_timerctl+4],-1
   127 0000006D C7 05 [00000068] 00000001       	MOV	DWORD [_timerctl+8],1
   128 00000077 C9                              	LEAVE
   129 00000078 C3                              	RET
   130 00000079                                 	GLOBAL	_timer_alloc
   131 00000079                                 _timer_alloc:
   132 00000079 55                              	PUSH	EBP
   133 0000007A 31 D2                           	XOR	EDX,EDX
   134 0000007C 89 E5                           	MOV	EBP,ESP
   135 0000007E B8 [00000070]                   	MOV	EAX,_timerctl+16
   136 00000083                                 L15:
   137 00000083 83 78 08 00                     	CMP	DWORD [8+EAX],0
   138 00000087 74 10                           	JE	L18
   139 00000089 42                              	INC	EDX
   140 0000008A 83 C0 14                        	ADD	EAX,20
   141 0000008D 81 FA 000001F3                  	CMP	EDX,499
   142 00000093 7E EE                           	JLE	L15
   143 00000095 31 C0                           	XOR	EAX,EAX
   144 00000097                                 L9:
   145 00000097 5D                              	POP	EBP
   146 00000098 C3                              	RET
   147 00000099                                 L18:
   148 00000099 C7 40 08 00000001               	MOV	DWORD [8+EAX],1
   149 000000A0 EB F5                           	JMP	L9
   150 000000A2                                 	GLOBAL	_timer_free
   151 000000A2                                 _timer_free:
   152 000000A2 55                              	PUSH	EBP
   153 000000A3 89 E5                           	MOV	EBP,ESP
   154 000000A5 8B 45 08                        	MOV	EAX,DWORD [8+EBP]
   155 000000A8 C7 40 08 00000000               	MOV	DWORD [8+EAX],0
   156 000000AF 5D                              	POP	EBP
   157 000000B0 C3                              	RET
   158 000000B1                                 	GLOBAL	_timer_init
   159 000000B1                                 _timer_init:
   160 000000B1 55                              	PUSH	EBP
   161 000000B2 89 E5                           	MOV	EBP,ESP
   162 000000B4 8B 45 08                        	MOV	EAX,DWORD [8+EBP]
   163 000000B7 8B 55 0C                        	MOV	EDX,DWORD [12+EBP]
   164 000000BA 89 50 0C                        	MOV	DWORD [12+EAX],EDX
   165 000000BD 8B 55 10                        	MOV	EDX,DWORD [16+EBP]
   166 000000C0 89 50 10                        	MOV	DWORD [16+EAX],EDX
   167 000000C3 5D                              	POP	EBP
   168 000000C4 C3                              	RET
   169 000000C5                                 	GLOBAL	_timer_settime
   170 000000C5                                 _timer_settime:
   171 000000C5 55                              	PUSH	EBP
   172 000000C6 A1 [00000060]                   	MOV	EAX,DWORD [_timerctl]
   173 000000CB 89 E5                           	MOV	EBP,ESP
   174 000000CD 56                              	PUSH	ESI
   175 000000CE 53                              	PUSH	EBX
   176 000000CF 8B 5D 08                        	MOV	EBX,DWORD [8+EBP]
   177 000000D2 03 45 0C                        	ADD	EAX,DWORD [12+EBP]
   178 000000D5 C7 43 08 00000002               	MOV	DWORD [8+EBX],2
   179 000000DC 89 43 04                        	MOV	DWORD [4+EBX],EAX
   180 000000DF E8 [00000000]                   	CALL	_io_load_eflags
   181 000000E4 89 C6                           	MOV	ESI,EAX
   182 000000E6 E8 [00000000]                   	CALL	_io_cli
   183 000000EB A1 [0000006C]                   	MOV	EAX,DWORD [_timerctl+12]
   184 000000F0 FF 05 [00000068]                	INC	DWORD [_timerctl+8]
   185 000000F6 8B 53 04                        	MOV	EDX,DWORD [4+EBX]
   186 000000F9 3B 50 04                        	CMP	EDX,DWORD [4+EAX]
   187 000000FC 76 20                           	JBE	L29
   188 000000FE                                 L23:
   189 000000FE 89 C1                           	MOV	ECX,EAX
   190 00000100 8B 00                           	MOV	EAX,DWORD [EAX]
   191 00000102 85 C0                           	TEST	EAX,EAX
   192 00000104 74 14                           	JE	L21
   193 00000106 3B 50 04                        	CMP	EDX,DWORD [4+EAX]
   194 00000109 77 F3                           	JA	L23
   195 0000010B 89 19                           	MOV	DWORD [ECX],EBX
   196 0000010D 89 03                           	MOV	DWORD [EBX],EAX
   197 0000010F                                 L28:
   198 0000010F 89 75 08                        	MOV	DWORD [8+EBP],ESI
   199 00000112 5B                              	POP	EBX
   200 00000113 5E                              	POP	ESI
   201 00000114 5D                              	POP	EBP
   202 00000115 E9 [00000000]                   	JMP	_io_store_eflags
   203 0000011A                                 L21:
   204 0000011A 5B                              	POP	EBX
   205 0000011B 5E                              	POP	ESI
   206 0000011C 5D                              	POP	EBP
   207 0000011D C3                              	RET
   208 0000011E                                 L29:
   209 0000011E 89 1D [0000006C]                	MOV	DWORD [_timerctl+12],EBX
   210 00000124 89 03                           	MOV	DWORD [EBX],EAX
   211 00000126 89 15 [00000064]                	MOV	DWORD [_timerctl+4],EDX
   212 0000012C EB E1                           	JMP	L28
   213 0000012E                                 	GLOBAL	_inthandler20
   214 0000012E                                 _inthandler20:
   215 0000012E 55                              	PUSH	EBP
   216 0000012F 89 E5                           	MOV	EBP,ESP
   217 00000131 53                              	PUSH	EBX
   218 00000132 6A 60                           	PUSH	96
   219 00000134 6A 20                           	PUSH	32
   220 00000136 E8 [00000000]                   	CALL	_io_out8
   221 0000013B 59                              	POP	ECX
   222 0000013C A1 [00000060]                   	MOV	EAX,DWORD [_timerctl]
   223 00000141 5B                              	POP	EBX
   224 00000142 40                              	INC	EAX
   225 00000143 A3 [00000060]                   	MOV	DWORD [_timerctl],EAX
   226 00000148 39 05 [00000064]                	CMP	DWORD [_timerctl+4],EAX
   227 0000014E 77 34                           	JA	L30
   228 00000150 8B 1D [0000006C]                	MOV	EBX,DWORD [_timerctl+12]
   229 00000156                                 L32:
   230 00000156 8B 43 04                        	MOV	EAX,DWORD [4+EBX]
   231 00000159 3B 05 [00000060]                	CMP	EAX,DWORD [_timerctl]
   232 0000015F 77 18                           	JA	L33
   233 00000161 C7 43 08 00000001               	MOV	DWORD [8+EBX],1
   234 00000168 FF 73 10                        	PUSH	DWORD [16+EBX]
   235 0000016B FF 73 0C                        	PUSH	DWORD [12+EBX]
   236 0000016E E8 [00000000]                   	CALL	_fifo32_put
   237 00000173 58                              	POP	EAX
   238 00000174 8B 1B                           	MOV	EBX,DWORD [EBX]
   239 00000176 5A                              	POP	EDX
   240 00000177 EB DD                           	JMP	L32
   241 00000179                                 L33:
   242 00000179 89 1D [0000006C]                	MOV	DWORD [_timerctl+12],EBX
   243 0000017F A3 [00000064]                   	MOV	DWORD [_timerctl+4],EAX
   244 00000184                                 L30:
   245 00000184 8B 5D FC                        	MOV	EBX,DWORD [-4+EBP]
   246 00000187 C9                              	LEAVE
   247 00000188 C3                              	RET
   248 00000189                                 	GLOBAL	_timerctl
   249                                          [SECTION .data]
   250 00000054 00 00 00 00 00 00 00 00 00 00   	ALIGNB	16
       0000005E 00 00 
   251 00000060                                 _timerctl:
   252 00000060 00 00 00 00 00 00 00 00 00 00   	RESB	10016
       0000006A 00 00 00 00 00 00 00 00 00 00 
       00000074 00 00 00 00 00 00 00 00 00 00 
       0000007E 00 00 00 00 00 00 00 00 00 00 
       00000088 00 00 00 00 00 00 00 00 00 00 
       00000092 00 00 00 00 00 00 00 00 00 00 
       0000009C 00 00 00 00 00 00 00 00 00 00 
       000000A6 00 00 00 00 00 00 00 00 00 00 
       000000B0 00 00 00 00 00 00 00 00 00 00 
       000000BA 00 00 00 00 00 00 00 00 00 00 
       000000C4 00 00 00 00 00 00 00 00 00 00 
       000000CE 00 00 00 00 00 00 00 00 00 00 
       000000D8 00 00 00 00 00 00 00 00 00 00 
       000000E2 00 00 00 00 00 00 00 00 00 00 
       000000EC 00 00 00 00 00 00 00 00 00 00 
       000000F6 00 00 00 00 00 00 00 00 00 00 
       00000100 00 00 00 00 00 00 00 00 00 00 
       0000010A 00 00 00 00 00 00 00 00 00 00 
       00000114 00 00 00 00 00 00 00 00 00 00 
       0000011E 00 00 00 00 00 00 00 00 00 00 
       00000128 00 00 00 00 00 00 00 00 00 00 
       00000132 00 00 00 00 00 00 00 00 00 00 
       0000013C 00 00 00 00 00 00 00 00 00 00 
       00000146 00 00 00 00 00 00 00 00 00 00 
       00000150 00 00 00 00 00 00 00 00 00 00 
       0000015A 00 00 00 00 00 00 00 00 00 00 
       00000164 00 00 00 00 00 00 00 00 00 00 
       0000016E 00 00 00 00 00 00 00 00 00 00 
       00000178 00 00 00 00 00 00 00 00 00 00 
       00000182 00 00 00 00 00 00 00 00 00 00 
       0000018C 00 00 00 00 00 00 00 00 00 00 
       00000196 00 00 00 00 00 00 00 00 00 00 
       000001A0 00 00 00 00 00 00 00 00 00 00 
       000001AA 00 00 00 00 00 00 00 00 00 00 
       000001B4 00 00 00 00 00 00 00 00 00 00 
       000001BE 00 00 00 00 00 00 00 00 00 00 
       000001C8 00 00 00 00 00 00 00 00 00 00 
       000001D2 00 00 00 00 00 00 00 00 00 00 
       000001DC 00 00 00 00 00 00 00 00 00 00 
       000001E6 00 00 00 00 00 00 00 00 00 00 
       000001F0 00 00 00 00 00 00 00 00 00 00 
       000001FA 00 00 00 00 00 00 00 00 00 00 
       00000204 00 00 00 00 00 00 00 00 00 00 
       0000020E 00 00 00 00 00 00 00 00 00 00 
       00000218 00 00 00 00 00 00 00 00 00 00 
       00000222 00 00 00 00 00 00 00 00 00 00 
       0000022C 00 00 00 00 00 00 00 00 00 00 
       00000236 00 00 00 00 00 00 00 00 00 00 
       00000240 00 00 00 00 00 00 00 00 00 00 
       0000024A 00 00 00 00 00 00 00 00 00 00 
       00000254 00 00 00 00 00 00 00 00 00 00 
       0000025E 00 00 00 00 00 00 00 00 00 00 
       00000268 00 00 00 00 00 00 00 00 00 00 
       00000272 00 00 00 00 00 00 00 00 00 00 
       0000027C 00 00 00 00 00 00 00 00 00 00 
       00000286 00 00 00 00 00 00 00 00 00 00 
       00000290 00 00 00 00 00 00 00 00 00 00 
       0000029A 00 00 00 00 00 00 00 00 00 00 
       000002A4 00 00 00 00 00 00 00 00 00 00 
       000002AE 00 00 00 00 00 00 00 00 00 00 
       000002B8 00 00 00 00 00 00 00 00 00 00 
       000002C2 00 00 00 00 00 00 00 00 00 00 
       000002CC 00 00 00 00 00 00 00 00 00 00 
       000002D6 00 00 00 00 00 00 00 00 00 00 
       000002E0 00 00 00 00 00 00 00 00 00 00 
       000002EA 00 00 00 00 00 00 00 00 00 00 
       000002F4 00 00 00 00 00 00 00 00 00 00 
       000002FE 00 00 00 00 00 00 00 00 00 00 
       00000308 00 00 00 00 00 00 00 00 00 00 
       00000312 00 00 00 00 00 00 00 00 00 00 
       0000031C 00 00 00 00 00 00 00 00 00 00 
       00000326 00 00 00 00 00 00 00 00 00 00 
       00000330 00 00 00 00 00 00 00 00 00 00 
       0000033A 00 00 00 00 00 00 00 00 00 00 
       00000344 00 00 00 00 00 00 00 00 00 00 
       0000034E 00 00 00 00 00 00 00 00 00 00 
       00000358 00 00 00 00 00 00 00 00 00 00 
       00000362 00 00 00 00 00 00 00 00 00 00 
       0000036C 00 00 00 00 00 00 00 00 00 00 
       00000376 00 00 00 00 00 00 00 00 00 00 
       00000380 00 00 00 00 00 00 00 00 00 00 
       0000038A 00 00 00 00 00 00 00 00 00 00 
       00000394 00 00 00 00 00 00 00 00 00 00 
       0000039E 00 00 00 00 00 00 00 00 00 00 
       000003A8 00 00 00 00 00 00 00 00 00 00 
       000003B2 00 00 00 00 00 00 00 00 00 00 
       000003BC 00 00 00 00 00 00 00 00 00 00 
       000003C6 00 00 00 00 00 00 00 00 00 00 
       000003D0 00 00 00 00 00 00 00 00 00 00 
       000003DA 00 00 00 00 00 00 00 00 00 00 
       000003E4 00 00 00 00 00 00 00 00 00 00 
       000003EE 00 00 00 00 00 00 00 00 00 00 
       000003F8 00 00 00 00 00 00 00 00 00 00 
       00000402 00 00 00 00 00 00 00 00 00 00 
       0000040C 00 00 00 00 00 00 00 00 00 00 
       00000416 00 00 00 00 00 00 00 00 00 00 
       00000420 00 00 00 00 00 00 00 00 00 00 
       0000042A 00 00 00 00 00 00 00 00 00 00 
       00000434 00 00 00 00 00 00 00 00 00 00 
       0000043E 00 00 00 00 00 00 00 00 00 00 
       00000448 00 00 00 00 00 00 00 00 00 00 
       00000452 00 00 00 00 00 00 00 00 00 00 
       0000045C 00 00 00 00 00 00 00 00 00 00 
       00000466 00 00 00 00 00 00 00 00 00 00 
       00000470 00 00 00 00 00 00 00 00 00 00 
       0000047A 00 00 00 00 00 00 00 00 00 00 
       00000484 00 00 00 00 00 00 00 00 00 00 
       0000048E 00 00 00 00 00 00 00 00 00 00 
       00000498 00 00 00 00 00 00 00 00 00 00 
       000004A2 00 00 00 00 00 00 00 00 00 00 
       000004AC 00 00 00 00 00 00 00 00 00 00 
       000004B6 00 00 00 00 00 00 00 00 00 00 
       000004C0 00 00 00 00 00 00 00 00 00 00 
       000004CA 00 00 00 00 00 00 00 00 00 00 
       000004D4 00 00 00 00 00 00 00 00 00 00 
       000004DE 00 00 00 00 00 00 00 00 00 00 
       000004E8 00 00 00 00 00 00 00 00 00 00 
       000004F2 00 00 00 00 00 00 00 00 00 00 
       000004FC 00 00 00 00 00 00 00 00 00 00 
       00000506 00 00 00 00 00 00 00 00 00 00 
       00000510 00 00 00 00 00 00 00 00 00 00 
       0000051A 00 00 00 00 00 00 00 00 00 00 
       00000524 00 00 00 00 00 00 00 00 00 00 
       0000052E 00 00 00 00 00 00 00 00 00 00 
       00000538 00 00 00 00 00 00 00 00 00 00 
       00000542 00 00 00 00 00 00 00 00 00 00 
       0000054C 00 00 00 00 00 00 00 00 00 00 
       00000556 00 00 00 00 00 00 00 00 00 00 
       00000560 00 00 00 00 00 00 00 00 00 00 
       0000056A 00 00 00 00 00 00 00 00 00 00 
       00000574 00 00 00 00 00 00 00 00 00 00 
       0000057E 00 00 00 00 00 00 00 00 00 00 
       00000588 00 00 00 00 00 00 00 00 00 00 
       00000592 00 00 00 00 00 00 00 00 00 00 
       0000059C 00 00 00 00 00 00 00 00 00 00 
       000005A6 00 00 00 00 00 00 00 00 00 00 
       000005B0 00 00 00 00 00 00 00 00 00 00 
       000005BA 00 00 00 00 00 00 00 00 00 00 
       000005C4 00 00 00 00 00 00 00 00 00 00 
       000005CE 00 00 00 00 00 00 00 00 00 00 
       000005D8 00 00 00 00 00 00 00 00 00 00 
       000005E2 00 00 00 00 00 00 00 00 00 00 
       000005EC 00 00 00 00 00 00 00 00 00 00 
       000005F6 00 00 00 00 00 00 00 00 00 00 
       00000600 00 00 00 00 00 00 00 00 00 00 
       0000060A 00 00 00 00 00 00 00 00 00 00 
       00000614 00 00 00 00 00 00 00 00 00 00 
       0000061E 00 00 00 00 00 00 00 00 00 00 
       00000628 00 00 00 00 00 00 00 00 00 00 
       00000632 00 00 00 00 00 00 00 00 00 00 
       0000063C 00 00 00 00 00 00 00 00 00 00 
       00000646 00 00 00 00 00 00 00 00 00 00 
       00000650 00 00 00 00 00 00 00 00 00 00 
       0000065A 00 00 00 00 00 00 00 00 00 00 
       00000664 00 00 00 00 00 00 00 00 00 00 
       0000066E 00 00 00 00 00 00 00 00 00 00 
       00000678 00 00 00 00 00 00 00 00 00 00 
       00000682 00 00 00 00 00 00 00 00 00 00 
       0000068C 00 00 00 00 00 00 00 00 00 00 
       00000696 00 00 00 00 00 00 00 00 00 00 
       000006A0 00 00 00 00 00 00 00 00 00 00 
       000006AA 00 00 00 00 00 00 00 00 00 00 
       000006B4 00 00 00 00 00 00 00 00 00 00 
       000006BE 00 00 00 00 00 00 00 00 00 00 
       000006C8 00 00 00 00 00 00 00 00 00 00 
       000006D2 00 00 00 00 00 00 00 00 00 00 
       000006DC 00 00 00 00 00 00 00 00 00 00 
       000006E6 00 00 00 00 00 00 00 00 00 00 
       000006F0 00 00 00 00 00 00 00 00 00 00 
       000006FA 00 00 00 00 00 00 00 00 00 00 
       00000704 00 00 00 00 00 00 00 00 00 00 
       0000070E 00 00 00 00 00 00 00 00 00 00 
       00000718 00 00 00 00 00 00 00 00 00 00 
       00000722 00 00 00 00 00 00 00 00 00 00 
       0000072C 00 00 00 00 00 00 00 00 00 00 
       00000736 00 00 00 00 00 00 00 00 00 00 
       00000740 00 00 00 00 00 00 00 00 00 00 
       0000074A 00 00 00 00 00 00 00 00 00 00 
       00000754 00 00 00 00 00 00 00 00 00 00 
       0000075E 00 00 00 00 00 00 00 00 00 00 
       00000768 00 00 00 00 00 00 00 00 00 00 
       00000772 00 00 00 00 00 00 00 00 00 00 
       0000077C 00 00 00 00 00 00 00 00 00 00 
       00000786 00 00 00 00 00 00 00 00 00 00 
       00000790 00 00 00 00 00 00 00 00 00 00 
       0000079A 00 00 00 00 00 00 00 00 00 00 
       000007A4 00 00 00 00 00 00 00 00 00 00 
       000007AE 00 00 00 00 00 00 00 00 00 00 
       000007B8 00 00 00 00 00 00 00 00 00 00 
       000007C2 00 00 00 00 00 00 00 00 00 00 
       000007CC 00 00 00 00 00 00 00 00 00 00 
       000007D6 00 00 00 00 00 00 00 00 00 00 
       000007E0 00 00 00 00 00 00 00 00 00 00 
       000007EA 00 00 00 00 00 00 00 00 00 00 
       000007F4 00 00 00 00 00 00 00 00 00 00 
       000007FE 00 00 00 00 00 00 00 00 00 00 
       00000808 00 00 00 00 00 00 00 00 00 00 
       00000812 00 00 00 00 00 00 00 00 00 00 
       0000081C 00 00 00 00 00 00 00 00 00 00 
       00000826 00 00 00 00 00 00 00 00 00 00 
       00000830 00 00 00 00 00 00 00 00 00 00 
       0000083A 00 00 00 00 00 00 00 00 00 00 
       00000844 00 00 00 00 00 00 00 00 00 00 
       0000084E 00 00 00 00 00 00 00 00 00 00 
       00000858 00 00 00 00 00 00 00 00 00 00 
       00000862 00 00 00 00 00 00 00 00 00 00 
       0000086C 00 00 00 00 00 00 00 00 00 00 
       00000876 00 00 00 00 00 00 00 00 00 00 
       00000880 00 00 00 00 00 00 00 00 00 00 
       0000088A 00 00 00 00 00 00 00 00 00 00 
       00000894 00 00 00 00 00 00 00 00 00 00 
       0000089E 00 00 00 00 00 00 00 00 00 00 
       000008A8 00 00 00 00 00 00 00 00 00 00 
       000008B2 00 00 00 00 00 00 00 00 00 00 
       000008BC 00 00 00 00 00 00 00 00 00 00 
       000008C6 00 00 00 00 00 00 00 00 00 00 
       000008D0 00 00 00 00 00 00 00 00 00 00 
       000008DA 00 00 00 00 00 00 00 00 00 00 
       000008E4 00 00 00 00 00 00 00 00 00 00 
       000008EE 00 00 00 00 00 00 00 00 00 00 
       000008F8 00 00 00 00 00 00 00 00 00 00 
       00000902 00 00 00 00 00 00 00 00 00 00 
       0000090C 00 00 00 00 00 00 00 00 00 00 
       00000916 00 00 00 00 00 00 00 00 00 00 
       00000920 00 00 00 00 00 00 00 00 00 00 
       0000092A 00 00 00 00 00 00 00 00 00 00 
       00000934 00 00 00 00 00 00 00 00 00 00 
       0000093E 00 00 00 00 00 00 00 00 00 00 
       00000948 00 00 00 00 00 00 00 00 00 00 
       00000952 00 00 00 00 00 00 00 00 00 00 
       0000095C 00 00 00 00 00 00 00 00 00 00 
       00000966 00 00 00 00 00 00 00 00 00 00 
       00000970 00 00 00 00 00 00 00 00 00 00 
       0000097A 00 00 00 00 00 00 00 00 00 00 
       00000984 00 00 00 00 00 00 00 00 00 00 
       0000098E 00 00 00 00 00 00 00 00 00 00 
       00000998 00 00 00 00 00 00 00 00 00 00 
       000009A2 00 00 00 00 00 00 00 00 00 00 
       000009AC 00 00 00 00 00 00 00 00 00 00 
       000009B6 00 00 00 00 00 00 00 00 00 00 
       000009C0 00 00 00 00 00 00 00 00 00 00 
       000009CA 00 00 00 00 00 00 00 00 00 00 
       000009D4 00 00 00 00 00 00 00 00 00 00 
       000009DE 00 00 00 00 00 00 00 00 00 00 
       000009E8 00 00 00 00 00 00 00 00 00 00 
       000009F2 00 00 00 00 00 00 00 00 00 00 
       000009FC 00 00 00 00 00 00 00 00 00 00 
       00000A06 00 00 00 00 00 00 00 00 00 00 
       00000A10 00 00 00 00 00 00 00 00 00 00 
       00000A1A 00 00 00 00 00 00 00 00 00 00 
       00000A24 00 00 00 00 00 00 00 00 00 00 
       00000A2E 00 00 00 00 00 00 00 00 00 00 
       00000A38 00 00 00 00 00 00 00 00 00 00 
       00000A42 00 00 00 00 00 00 00 00 00 00 
       00000A4C 00 00 00 00 00 00 00 00 00 00 
       00000A56 00 00 00 00 00 00 00 00 00 00 
       00000A60 00 00 00 00 00 00 00 00 00 00 
       00000A6A 00 00 00 00 00 00 00 00 00 00 
       00000A74 00 00 00 00 00 00 00 00 00 00 
       00000A7E 00 00 00 00 00 00 00 00 00 00 
       00000A88 00 00 00 00 00 00 00 00 00 00 
       00000A92 00 00 00 00 00 00 00 00 00 00 
       00000A9C 00 00 00 00 00 00 00 00 00 00 
       00000AA6 00 00 00 00 00 00 00 00 00 00 
       00000AB0 00 00 00 00 00 00 00 00 00 00 
       00000ABA 00 00 00 00 00 00 00 00 00 00 
       00000AC4 00 00 00 00 00 00 00 00 00 00 
       00000ACE 00 00 00 00 00 00 00 00 00 00 
       00000AD8 00 00 00 00 00 00 00 00 00 00 
       00000AE2 00 00 00 00 00 00 00 00 00 00 
       00000AEC 00 00 00 00 00 00 00 00 00 00 
       00000AF6 00 00 00 00 00 00 00 00 00 00 
       00000B00 00 00 00 00 00 00 00 00 00 00 
       00000B0A 00 00 00 00 00 00 00 00 00 00 
       00000B14 00 00 00 00 00 00 00 00 00 00 
       00000B1E 00 00 00 00 00 00 00 00 00 00 
       00000B28 00 00 00 00 00 00 00 00 00 00 
       00000B32 00 00 00 00 00 00 00 00 00 00 
       00000B3C 00 00 00 00 00 00 00 00 00 00 
       00000B46 00 00 00 00 00 00 00 00 00 00 
       00000B50 00 00 00 00 00 00 00 00 00 00 
       00000B5A 00 00 00 00 00 00 00 00 00 00 
       00000B64 00 00 00 00 00 00 00 00 00 00 
       00000B6E 00 00 00 00 00 00 00 00 00 00 
       00000B78 00 00 00 00 00 00 00 00 00 00 
       00000B82 00 00 00 00 00 00 00 00 00 00 
       00000B8C 00 00 00 00 00 00 00 00 00 00 
       00000B96 00 00 00 00 00 00 00 00 00 00 
       00000BA0 00 00 00 00 00 00 00 00 00 00 
       00000BAA 00 00 00 00 00 00 00 00 00 00 
       00000BB4 00 00 00 00 00 00 00 00 00 00 
       00000BBE 00 00 00 00 00 00 00 00 00 00 
       00000BC8 00 00 00 00 00 00 00 00 00 00 
       00000BD2 00 00 00 00 00 00 00 00 00 00 
       00000BDC 00 00 00 00 00 00 00 00 00 00 
       00000BE6 00 00 00 00 00 00 00 00 00 00 
       00000BF0 00 00 00 00 00 00 00 00 00 00 
       00000BFA 00 00 00 00 00 00 00 00 00 00 
       00000C04 00 00 00 00 00 00 00 00 00 00 
       00000C0E 00 00 00 00 00 00 00 00 00 00 
       00000C18 00 00 00 00 00 00 00 00 00 00 
       00000C22 00 00 00 00 00 00 00 00 00 00 
       00000C2C 00 00 00 00 00 00 00 00 00 00 
       00000C36 00 00 00 00 00 00 00 00 00 00 
       00000C40 00 00 00 00 00 00 00 00 00 00 
       00000C4A 00 00 00 00 00 00 00 00 00 00 
       00000C54 00 00 00 00 00 00 00 00 00 00 
       00000C5E 00 00 00 00 00 00 00 00 00 00 
       00000C68 00 00 00 00 00 00 00 00 00 00 
       00000C72 00 00 00 00 00 00 00 00 00 00 
       00000C7C 00 00 00 00 00 00 00 00 00 00 
       00000C86 00 00 00 00 00 00 00 00 00 00 
       00000C90 00 00 00 00 00 00 00 00 00 00 
       00000C9A 00 00 00 00 00 00 00 00 00 00 
       00000CA4 00 00 00 00 00 00 00 00 00 00 
       00000CAE 00 00 00 00 00 00 00 00 00 00 
       00000CB8 00 00 00 00 00 00 00 00 00 00 
       00000CC2 00 00 00 00 00 00 00 00 00 00 
       00000CCC 00 00 00 00 00 00 00 00 00 00 
       00000CD6 00 00 00 00 00 00 00 00 00 00 
       00000CE0 00 00 00 00 00 00 00 00 00 00 
       00000CEA 00 00 00 00 00 00 00 00 00 00 
       00000CF4 00 00 00 00 00 00 00 00 00 00 
       00000CFE 00 00 00 00 00 00 00 00 00 00 
       00000D08 00 00 00 00 00 00 00 00 00 00 
       00000D12 00 00 00 00 00 00 00 00 00 00 
       00000D1C 00 00 00 00 00 00 00 00 00 00 
       00000D26 00 00 00 00 00 00 00 00 00 00 
       00000D30 00 00 00 00 00 00 00 00 00 00 
       00000D3A 00 00 00 00 00 00 00 00 00 00 
       00000D44 00 00 00 00 00 00 00 00 00 00 
       00000D4E 00 00 00 00 00 00 00 00 00 00 
       00000D58 00 00 00 00 00 00 00 00 00 00 
       00000D62 00 00 00 00 00 00 00 00 00 00 
       00000D6C 00 00 00 00 00 00 00 00 00 00 
       00000D76 00 00 00 00 00 00 00 00 00 00 
       00000D80 00 00 00 00 00 00 00 00 00 00 
       00000D8A 00 00 00 00 00 00 00 00 00 00 
       00000D94 00 00 00 00 00 00 00 00 00 00 
       00000D9E 00 00 00 00 00 00 00 00 00 00 
       00000DA8 00 00 00 00 00 00 00 00 00 00 
       00000DB2 00 00 00 00 00 00 00 00 00 00 
       00000DBC 00 00 00 00 00 00 00 00 00 00 
       00000DC6 00 00 00 00 00 00 00 00 00 00 
       00000DD0 00 00 00 00 00 00 00 00 00 00 
       00000DDA 00 00 00 00 00 00 00 00 00 00 
       00000DE4 00 00 00 00 00 00 00 00 00 00 
       00000DEE 00 00 00 00 00 00 00 00 00 00 
       00000DF8 00 00 00 00 00 00 00 00 00 00 
       00000E02 00 00 00 00 00 00 00 00 00 00 
       00000E0C 00 00 00 00 00 00 00 00 00 00 
       00000E16 00 00 00 00 00 00 00 00 00 00 
       00000E20 00 00 00 00 00 00 00 00 00 00 
       00000E2A 00 00 00 00 00 00 00 00 00 00 
       00000E34 00 00 00 00 00 00 00 00 00 00 
       00000E3E 00 00 00 00 00 00 00 00 00 00 
       00000E48 00 00 00 00 00 00 00 00 00 00 
       00000E52 00 00 00 00 00 00 00 00 00 00 
       00000E5C 00 00 00 00 00 00 00 00 00 00 
       00000E66 00 00 00 00 00 00 00 00 00 00 
       00000E70 00 00 00 00 00 00 00 00 00 00 
       00000E7A 00 00 00 00 00 00 00 00 00 00 
       00000E84 00 00 00 00 00 00 00 00 00 00 
       00000E8E 00 00 00 00 00 00 00 00 00 00 
       00000E98 00 00 00 00 00 00 00 00 00 00 
       00000EA2 00 00 00 00 00 00 00 00 00 00 
       00000EAC 00 00 00 00 00 00 00 00 00 00 
       00000EB6 00 00 00 00 00 00 00 00 00 00 
       00000EC0 00 00 00 00 00 00 00 00 00 00 
       00000ECA 00 00 00 00 00 00 00 00 00 00 
       00000ED4 00 00 00 00 00 00 00 00 00 00 
       00000EDE 00 00 00 00 00 00 00 00 00 00 
       00000EE8 00 00 00 00 00 00 00 00 00 00 
       00000EF2 00 00 00 00 00 00 00 00 00 00 
       00000EFC 00 00 00 00 00 00 00 00 00 00 
       00000F06 00 00 00 00 00 00 00 00 00 00 
       00000F10 00 00 00 00 00 00 00 00 00 00 
       00000F1A 00 00 00 00 00 00 00 00 00 00 
       00000F24 00 00 00 00 00 00 00 00 00 00 
       00000F2E 00 00 00 00 00 00 00 00 00 00 
       00000F38 00 00 00 00 00 00 00 00 00 00 
       00000F42 00 00 00 00 00 00 00 00 00 00 
       00000F4C 00 00 00 00 00 00 00 00 00 00 
       00000F56 00 00 00 00 00 00 00 00 00 00 
       00000F60 00 00 00 00 00 00 00 00 00 00 
       00000F6A 00 00 00 00 00 00 00 00 00 00 
       00000F74 00 00 00 00 00 00 00 00 00 00 
       00000F7E 00 00 00 00 00 00 00 00 00 00 
       00000F88 00 00 00 00 00 00 00 00 00 00 
       00000F92 00 00 00 00 00 00 00 00 00 00 
       00000F9C 00 00 00 00 00 00 00 00 00 00 
       00000FA6 00 00 00 00 00 00 00 00 00 00 
       00000FB0 00 00 00 00 00 00 00 00 00 00 
       00000FBA 00 00 00 00 00 00 00 00 00 00 
       00000FC4 00 00 00 00 00 00 00 00 00 00 
       00000FCE 00 00 00 00 00 00 00 00 00 00 
       00000FD8 00 00 00 00 00 00 00 00 00 00 
       00000FE2 00 00 00 00 00 00 00 00 00 00 
       00000FEC 00 00 00 00 00 00 00 00 00 00 
       00000FF6 00 00 00 00 00 00 00 00 00 00 
       00001000 00 00 00 00 00 00 00 00 00 00 
       0000100A 00 00 00 00 00 00 00 00 00 00 
       00001014 00 00 00 00 00 00 00 00 00 00 
       0000101E 00 00 00 00 00 00 00 00 00 00 
       00001028 00 00 00 00 00 00 00 00 00 00 
       00001032 00 00 00 00 00 00 00 00 00 00 
       0000103C 00 00 00 00 00 00 00 00 00 00 
       00001046 00 00 00 00 00 00 00 00 00 00 
       00001050 00 00 00 00 00 00 00 00 00 00 
       0000105A 00 00 00 00 00 00 00 00 00 00 
       00001064 00 00 00 00 00 00 00 00 00 00 
       0000106E 00 00 00 00 00 00 00 00 00 00 
       00001078 00 00 00 00 00 00 00 00 00 00 
       00001082 00 00 00 00 00 00 00 00 00 00 
       0000108C 00 00 00 00 00 00 00 00 00 00 
       00001096 00 00 00 00 00 00 00 00 00 00 
       000010A0 00 00 00 00 00 00 00 00 00 00 
       000010AA 00 00 00 00 00 00 00 00 00 00 
       000010B4 00 00 00 00 00 00 00 00 00 00 
       000010BE 00 00 00 00 00 00 00 00 00 00 
       000010C8 00 00 00 00 00 00 00 00 00 00 
       000010D2 00 00 00 00 00 00 00 00 00 00 
       000010DC 00 00 00 00 00 00 00 00 00 00 
       000010E6 00 00 00 00 00 00 00 00 00 00 
       000010F0 00 00 00 00 00 00 00 00 00 00 
       000010FA 00 00 00 00 00 00 00 00 00 00 
       00001104 00 00 00 00 00 00 00 00 00 00 
       0000110E 00 00 00 00 00 00 00 00 00 00 
       00001118 00 00 00 00 00 00 00 00 00 00 
       00001122 00 00 00 00 00 00 00 00 00 00 
       0000112C 00 00 00 00 00 00 00 00 00 00 
       00001136 00 00 00 00 00 00 00 00 00 00 
       00001140 00 00 00 00 00 00 00 00 00 00 
       0000114A 00 00 00 00 00 00 00 00 00 00 
       00001154 00 00 00 00 00 00 00 00 00 00 
       0000115E 00 00 00 00 00 00 00 00 00 00 
       00001168 00 00 00 00 00 00 00 00 00 00 
       00001172 00 00 00 00 00 00 00 00 00 00 
       0000117C 00 00 00 00 00 00 00 00 00 00 
       00001186 00 00 00 00 00 00 00 00 00 00 
       00001190 00 00 00 00 00 00 00 00 00 00 
       0000119A 00 00 00 00 00 00 00 00 00 00 
       000011A4 00 00 00 00 00 00 00 00 00 00 
       000011AE 00 00 00 00 00 00 00 00 00 00 
       000011B8 00 00 00 00 00 00 00 00 00 00 
       000011C2 00 00 00 00 00 00 00 00 00 00 
       000011CC 00 00 00 00 00 00 00 00 00 00 
       000011D6 00 00 00 00 00 00 00 00 00 00 
       000011E0 00 00 00 00 00 00 00 00 00 00 
       000011EA 00 00 00 00 00 00 00 00 00 00 
       000011F4 00 00 00 00 00 00 00 00 00 00 
       000011FE 00 00 00 00 00 00 00 00 00 00 
       00001208 00 00 00 00 00 00 00 00 00 00 
       00001212 00 00 00 00 00 00 00 00 00 00 
       0000121C 00 00 00 00 00 00 00 00 00 00 
       00001226 00 00 00 00 00 00 00 00 00 00 
       00001230 00 00 00 00 00 00 00 00 00 00 
       0000123A 00 00 00 00 00 00 00 00 00 00 
       00001244 00 00 00 00 00 00 00 00 00 00 
       0000124E 00 00 00 00 00 00 00 00 00 00 
       00001258 00 00 00 00 00 00 00 00 00 00 
       00001262 00 00 00 00 00 00 00 00 00 00 
       0000126C 00 00 00 00 00 00 00 00 00 00 
       00001276 00 00 00 00 00 00 00 00 00 00 
       00001280 00 00 00 00 00 00 00 00 00 00 
       0000128A 00 00 00 00 00 00 00 00 00 00 
       00001294 00 00 00 00 00 00 00 00 00 00 
       0000129E 00 00 00 00 00 00 00 00 00 00 
       000012A8 00 00 00 00 00 00 00 00 00 00 
       000012B2 00 00 00 00 00 00 00 00 00 00 
       000012BC 00 00 00 00 00 00 00 00 00 00 
       000012C6 00 00 00 00 00 00 00 00 00 00 
       000012D0 00 00 00 00 00 00 00 00 00 00 
       000012DA 00 00 00 00 00 00 00 00 00 00 
       000012E4 00 00 00 00 00 00 00 00 00 00 
       000012EE 00 00 00 00 00 00 00 00 00 00 
       000012F8 00 00 00 00 00 00 00 00 00 00 
       00001302 00 00 00 00 00 00 00 00 00 00 
       0000130C 00 00 00 00 00 00 00 00 00 00 
       00001316 00 00 00 00 00 00 00 00 00 00 
       00001320 00 00 00 00 00 00 00 00 00 00 
       0000132A 00 00 00 00 00 00 00 00 00 00 
       00001334 00 00 00 00 00 00 00 00 00 00 
       0000133E 00 00 00 00 00 00 00 00 00 00 
       00001348 00 00 00 00 00 00 00 00 00 00 
       00001352 00 00 00 00 00 00 00 00 00 00 
       0000135C 00 00 00 00 00 00 00 00 00 00 
       00001366 00 00 00 00 00 00 00 00 00 00 
       00001370 00 00 00 00 00 00 00 00 00 00 
       0000137A 00 00 00 00 00 00 00 00 00 00 
       00001384 00 00 00 00 00 00 00 00 00 00 
       0000138E 00 00 00 00 00 00 00 00 00 00 
       00001398 00 00 00 00 00 00 00 00 00 00 
       000013A2 00 00 00 00 00 00 00 00 00 00 
       000013AC 00 00 00 00 00 00 00 00 00 00 
       000013B6 00 00 00 00 00 00 00 00 00 00 
       000013C0 00 00 00 00 00 00 00 00 00 00 
       000013CA 00 00 00 00 00 00 00 00 00 00 
       000013D4 00 00 00 00 00 00 00 00 00 00 
       000013DE 00 00 00 00 00 00 00 00 00 00 
       000013E8 00 00 00 00 00 00 00 00 00 00 
       000013F2 00 00 00 00 00 00 00 00 00 00 
       000013FC 00 00 00 00 00 00 00 00 00 00 
       00001406 00 00 00 00 00 00 00 00 00 00 
       00001410 00 00 00 00 00 00 00 00 00 00 
       0000141A 00 00 00 00 00 00 00 00 00 00 
       00001424 00 00 00 00 00 00 00 00 00 00 
       0000142E 00 00 00 00 00 00 00 00 00 00 
       00001438 00 00 00 00 00 00 00 00 00 00 
       00001442 00 00 00 00 00 00 00 00 00 00 
       0000144C 00 00 00 00 00 00 00 00 00 00 
       00001456 00 00 00 00 00 00 00 00 00 00 
       00001460 00 00 00 00 00 00 00 00 00 00 
       0000146A 00 00 00 00 00 00 00 00 00 00 
       00001474 00 00 00 00 00 00 00 00 00 00 
       0000147E 00 00 00 00 00 00 00 00 00 00 
       00001488 00 00 00 00 00 00 00 00 00 00 
       00001492 00 00 00 00 00 00 00 00 00 00 
       0000149C 00 00 00 00 00 00 00 00 00 00 
       000014A6 00 00 00 00 00 00 00 00 00 00 
       000014B0 00 00 00 00 00 00 00 00 00 00 
       000014BA 00 00 00 00 00 00 00 00 00 00 
       000014C4 00 00 00 00 00 00 00 00 00 00 
       000014CE 00 00 00 00 00 00 00 00 00 00 
       000014D8 00 00 00 00 00 00 00 00 00 00 
       000014E2 00 00 00 00 00 00 00 00 00 00 
       000014EC 00 00 00 00 00 00 00 00 00 00 
       000014F6 00 00 00 00 00 00 00 00 00 00 
       00001500 00 00 00 00 00 00 00 00 00 00 
       0000150A 00 00 00 00 00 00 00 00 00 00 
       00001514 00 00 00 00 00 00 00 00 00 00 
       0000151E 00 00 00 00 00 00 00 00 00 00 
       00001528 00 00 00 00 00 00 00 00 00 00 
       00001532 00 00 00 00 00 00 00 00 00 00 
       0000153C 00 00 00 00 00 00 00 00 00 00 
       00001546 00 00 00 00 00 00 00 00 00 00 
       00001550 00 00 00 00 00 00 00 00 00 00 
       0000155A 00 00 00 00 00 00 00 00 00 00 
       00001564 00 00 00 00 00 00 00 00 00 00 
       0000156E 00 00 00 00 00 00 00 00 00 00 
       00001578 00 00 00 00 00 00 00 00 00 00 
       00001582 00 00 00 00 00 00 00 00 00 00 
       0000158C 00 00 00 00 00 00 00 00 00 00 
       00001596 00 00 00 00 00 00 00 00 00 00 
       000015A0 00 00 00 00 00 00 00 00 00 00 
       000015AA 00 00 00 00 00 00 00 00 00 00 
       000015B4 00 00 00 00 00 00 00 00 00 00 
       000015BE 00 00 00 00 00 00 00 00 00 00 
       000015C8 00 00 00 00 00 00 00 00 00 00 
       000015D2 00 00 00 00 00 00 00 00 00 00 
       000015DC 00 00 00 00 00 00 00 00 00 00 
       000015E6 00 00 00 00 00 00 00 00 00 00 
       000015F0 00 00 00 00 00 00 00 00 00 00 
       000015FA 00 00 00 00 00 00 00 00 00 00 
       00001604 00 00 00 00 00 00 00 00 00 00 
       0000160E 00 00 00 00 00 00 00 00 00 00 
       00001618 00 00 00 00 00 00 00 00 00 00 
       00001622 00 00 00 00 00 00 00 00 00 00 
       0000162C 00 00 00 00 00 00 00 00 00 00 
       00001636 00 00 00 00 00 00 00 00 00 00 
       00001640 00 00 00 00 00 00 00 00 00 00 
       0000164A 00 00 00 00 00 00 00 00 00 00 
       00001654 00 00 00 00 00 00 00 00 00 00 
       0000165E 00 00 00 00 00 00 00 00 00 00 
       00001668 00 00 00 00 00 00 00 00 00 00 
       00001672 00 00 00 00 00 00 00 00 00 00 
       0000167C 00 00 00 00 00 00 00 00 00 00 
       00001686 00 00 00 00 00 00 00 00 00 00 
       00001690 00 00 00 00 00 00 00 00 00 00 
       0000169A 00 00 00 00 00 00 00 00 00 00 
       000016A4 00 00 00 00 00 00 00 00 00 00 
       000016AE 00 00 00 00 00 00 00 00 00 00 
       000016B8 00 00 00 00 00 00 00 00 00 00 
       000016C2 00 00 00 00 00 00 00 00 00 00 
       000016CC 00 00 00 00 00 00 00 00 00 00 
       000016D6 00 00 00 00 00 00 00 00 00 00 
       000016E0 00 00 00 00 00 00 00 00 00 00 
       000016EA 00 00 00 00 00 00 00 00 00 00 
       000016F4 00 00 00 00 00 00 00 00 00 00 
       000016FE 00 00 00 00 00 00 00 00 00 00 
       00001708 00 00 00 00 00 00 00 00 00 00 
       00001712 00 00 00 00 00 00 00 00 00 00 
       0000171C 00 00 00 00 00 00 00 00 00 00 
       00001726 00 00 00 00 00 00 00 00 00 00 
       00001730 00 00 00 00 00 00 00 00 00 00 
       0000173A 00 00 00 00 00 00 00 00 00 00 
       00001744 00 00 00 00 00 00 00 00 00 00 
       0000174E 00 00 00 00 00 00 00 00 00 00 
       00001758 00 00 00 00 00 00 00 00 00 00 
       00001762 00 00 00 00 00 00 00 00 00 00 
       0000176C 00 00 00 00 00 00 00 00 00 00 
       00001776 00 00 00 00 00 00 00 00 00 00 
       00001780 00 00 00 00 00 00 00 00 00 00 
       0000178A 00 00 00 00 00 00 00 00 00 00 
       00001794 00 00 00 00 00 00 00 00 00 00 
       0000179E 00 00 00 00 00 00 00 00 00 00 
       000017A8 00 00 00 00 00 00 00 00 00 00 
       000017B2 00 00 00 00 00 00 00 00 00 00 
       000017BC 00 00 00 00 00 00 00 00 00 00 
       000017C6 00 00 00 00 00 00 00 00 00 00 
       000017D0 00 00 00 00 00 00 00 00 00 00 
       000017DA 00 00 00 00 00 00 00 00 00 00 
       000017E4 00 00 00 00 00 00 00 00 00 00 
       000017EE 00 00 00 00 00 00 00 00 00 00 
       000017F8 00 00 00 00 00 00 00 00 00 00 
       00001802 00 00 00 00 00 00 00 00 00 00 
       0000180C 00 00 00 00 00 00 00 00 00 00 
       00001816 00 00 00 00 00 00 00 00 00 00 
       00001820 00 00 00 00 00 00 00 00 00 00 
       0000182A 00 00 00 00 00 00 00 00 00 00 
       00001834 00 00 00 00 00 00 00 00 00 00 
       0000183E 00 00 00 00 00 00 00 00 00 00 
       00001848 00 00 00 00 00 00 00 00 00 00 
       00001852 00 00 00 00 00 00 00 00 00 00 
       0000185C 00 00 00 00 00 00 00 00 00 00 
       00001866 00 00 00 00 00 00 00 00 00 00 
       00001870 00 00 00 00 00 00 00 00 00 00 
       0000187A 00 00 00 00 00 00 00 00 00 00 
       00001884 00 00 00 00 00 00 00 00 00 00 
       0000188E 00 00 00 00 00 00 00 00 00 00 
       00001898 00 00 00 00 00 00 00 00 00 00 
       000018A2 00 00 00 00 00 00 00 00 00 00 
       000018AC 00 00 00 00 00 00 00 00 00 00 
       000018B6 00 00 00 00 00 00 00 00 00 00 
       000018C0 00 00 00 00 00 00 00 00 00 00 
       000018CA 00 00 00 00 00 00 00 00 00 00 
       000018D4 00 00 00 00 00 00 00 00 00 00 
       000018DE 00 00 00 00 00 00 00 00 00 00 
       000018E8 00 00 00 00 00 00 00 00 00 00 
       000018F2 00 00 00 00 00 00 00 00 00 00 
       000018FC 00 00 00 00 00 00 00 00 00 00 
       00001906 00 00 00 00 00 00 00 00 00 00 
       00001910 00 00 00 00 00 00 00 00 00 00 
       0000191A 00 00 00 00 00 00 00 00 00 00 
       00001924 00 00 00 00 00 00 00 00 00 00 
       0000192E 00 00 00 00 00 00 00 00 00 00 
       00001938 00 00 00 00 00 00 00 00 00 00 
       00001942 00 00 00 00 00 00 00 00 00 00 
       0000194C 00 00 00 00 00 00 00 00 00 00 
       00001956 00 00 00 00 00 00 00 00 00 00 
       00001960 00 00 00 00 00 00 00 00 00 00 
       0000196A 00 00 00 00 00 00 00 00 00 00 
       00001974 00 00 00 00 00 00 00 00 00 00 
       0000197E 00 00 00 00 00 00 00 00 00 00 
       00001988 00 00 00 00 00 00 00 00 00 00 
       00001992 00 00 00 00 00 00 00 00 00 00 
       0000199C 00 00 00 00 00 00 00 00 00 00 
       000019A6 00 00 00 00 00 00 00 00 00 00 
       000019B0 00 00 00 00 00 00 00 00 00 00 
       000019BA 00 00 00 00 00 00 00 00 00 00 
       000019C4 00 00 00 00 00 00 00 00 00 00 
       000019CE 00 00 00 00 00 00 00 00 00 00 
       000019D8 00 00 00 00 00 00 00 00 00 00 
       000019E2 00 00 00 00 00 00 00 00 00 00 
       000019EC 00 00 00 00 00 00 00 00 00 00 
       000019F6 00 00 00 00 00 00 00 00 00 00 
       00001A00 00 00 00 00 00 00 00 00 00 00 
       00001A0A 00 00 00 00 00 00 00 00 00 00 
       00001A14 00 00 00 00 00 00 00 00 00 00 
       00001A1E 00 00 00 00 00 00 00 00 00 00 
       00001A28 00 00 00 00 00 00 00 00 00 00 
       00001A32 00 00 00 00 00 00 00 00 00 00 
       00001A3C 00 00 00 00 00 00 00 00 00 00 
       00001A46 00 00 00 00 00 00 00 00 00 00 
       00001A50 00 00 00 00 00 00 00 00 00 00 
       00001A5A 00 00 00 00 00 00 00 00 00 00 
       00001A64 00 00 00 00 00 00 00 00 00 00 
       00001A6E 00 00 00 00 00 00 00 00 00 00 
       00001A78 00 00 00 00 00 00 00 00 00 00 
       00001A82 00 00 00 00 00 00 00 00 00 00 
       00001A8C 00 00 00 00 00 00 00 00 00 00 
       00001A96 00 00 00 00 00 00 00 00 00 00 
       00001AA0 00 00 00 00 00 00 00 00 00 00 
       00001AAA 00 00 00 00 00 00 00 00 00 00 
       00001AB4 00 00 00 00 00 00 00 00 00 00 
       00001ABE 00 00 00 00 00 00 00 00 00 00 
       00001AC8 00 00 00 00 00 00 00 00 00 00 
       00001AD2 00 00 00 00 00 00 00 00 00 00 
       00001ADC 00 00 00 00 00 00 00 00 00 00 
       00001AE6 00 00 00 00 00 00 00 00 00 00 
       00001AF0 00 00 00 00 00 00 00 00 00 00 
       00001AFA 00 00 00 00 00 00 00 00 00 00 
       00001B04 00 00 00 00 00 00 00 00 00 00 
       00001B0E 00 00 00 00 00 00 00 00 00 00 
       00001B18 00 00 00 00 00 00 00 00 00 00 
       00001B22 00 00 00 00 00 00 00 00 00 00 
       00001B2C 00 00 00 00 00 00 00 00 00 00 
       00001B36 00 00 00 00 00 00 00 00 00 00 
       00001B40 00 00 00 00 00 00 00 00 00 00 
       00001B4A 00 00 00 00 00 00 00 00 00 00 
       00001B54 00 00 00 00 00 00 00 00 00 00 
       00001B5E 00 00 00 00 00 00 00 00 00 00 
       00001B68 00 00 00 00 00 00 00 00 00 00 
       00001B72 00 00 00 00 00 00 00 00 00 00 
       00001B7C 00 00 00 00 00 00 00 00 00 00 
       00001B86 00 00 00 00 00 00 00 00 00 00 
       00001B90 00 00 00 00 00 00 00 00 00 00 
       00001B9A 00 00 00 00 00 00 00 00 00 00 
       00001BA4 00 00 00 00 00 00 00 00 00 00 
       00001BAE 00 00 00 00 00 00 00 00 00 00 
       00001BB8 00 00 00 00 00 00 00 00 00 00 
       00001BC2 00 00 00 00 00 00 00 00 00 00 
       00001BCC 00 00 00 00 00 00 00 00 00 00 
       00001BD6 00 00 00 00 00 00 00 00 00 00 
       00001BE0 00 00 00 00 00 00 00 00 00 00 
       00001BEA 00 00 00 00 00 00 00 00 00 00 
       00001BF4 00 00 00 00 00 00 00 00 00 00 
       00001BFE 00 00 00 00 00 00 00 00 00 00 
       00001C08 00 00 00 00 00 00 00 00 00 00 
       00001C12 00 00 00 00 00 00 00 00 00 00 
       00001C1C 00 00 00 00 00 00 00 00 00 00 
       00001C26 00 00 00 00 00 00 00 00 00 00 
       00001C30 00 00 00 00 00 00 00 00 00 00 
       00001C3A 00 00 00 00 00 00 00 00 00 00 
       00001C44 00 00 00 00 00 00 00 00 00 00 
       00001C4E 00 00 00 00 00 00 00 00 00 00 
       00001C58 00 00 00 00 00 00 00 00 00 00 
       00001C62 00 00 00 00 00 00 00 00 00 00 
       00001C6C 00 00 00 00 00 00 00 00 00 00 
       00001C76 00 00 00 00 00 00 00 00 00 00 
       00001C80 00 00 00 00 00 00 00 00 00 00 
       00001C8A 00 00 00 00 00 00 00 00 00 00 
       00001C94 00 00 00 00 00 00 00 00 00 00 
       00001C9E 00 00 00 00 00 00 00 00 00 00 
       00001CA8 00 00 00 00 00 00 00 00 00 00 
       00001CB2 00 00 00 00 00 00 00 00 00 00 
       00001CBC 00 00 00 00 00 00 00 00 00 00 
       00001CC6 00 00 00 00 00 00 00 00 00 00 
       00001CD0 00 00 00 00 00 00 00 00 00 00 
       00001CDA 00 00 00 00 00 00 00 00 00 00 
       00001CE4 00 00 00 00 00 00 00 00 00 00 
       00001CEE 00 00 00 00 00 00 00 00 00 00 
       00001CF8 00 00 00 00 00 00 00 00 00 00 
       00001D02 00 00 00 00 00 00 00 00 00 00 
       00001D0C 00 00 00 00 00 00 00 00 00 00 
       00001D16 00 00 00 00 00 00 00 00 00 00 
       00001D20 00 00 00 00 00 00 00 00 00 00 
       00001D2A 00 00 00 00 00 00 00 00 00 00 
       00001D34 00 00 00 00 00 00 00 00 00 00 
       00001D3E 00 00 00 00 00 00 00 00 00 00 
       00001D48 00 00 00 00 00 00 00 00 00 00 
       00001D52 00 00 00 00 00 00 00 00 00 00 
       00001D5C 00 00 00 00 00 00 00 00 00 00 
       00001D66 00 00 00 00 00 00 00 00 00 00 
       00001D70 00 00 00 00 00 00 00 00 00 00 
       00001D7A 00 00 00 00 00 00 00 00 00 00 
       00001D84 00 00 00 00 00 00 00 00 00 00 
       00001D8E 00 00 00 00 00 00 00 00 00 00 
       00001D98 00 00 00 00 00 00 00 00 00 00 
       00001DA2 00 00 00 00 00 00 00 00 00 00 
       00001DAC 00 00 00 00 00 00 00 00 00 00 
       00001DB6 00 00 00 00 00 00 00 00 00 00 
       00001DC0 00 00 00 00 00 00 00 00 00 00 
       00001DCA 00 00 00 00 00 00 00 00 00 00 
       00001DD4 00 00 00 00 00 00 00 00 00 00 
       00001DDE 00 00 00 00 00 00 00 00 00 00 
       00001DE8 00 00 00 00 00 00 00 00 00 00 
       00001DF2 00 00 00 00 00 00 00 00 00 00 
       00001DFC 00 00 00 00 00 00 00 00 00 00 
       00001E06 00 00 00 00 00 00 00 00 00 00 
       00001E10 00 00 00 00 00 00 00 00 00 00 
       00001E1A 00 00 00 00 00 00 00 00 00 00 
       00001E24 00 00 00 00 00 00 00 00 00 00 
       00001E2E 00 00 00 00 00 00 00 00 00 00 
       00001E38 00 00 00 00 00 00 00 00 00 00 
       00001E42 00 00 00 00 00 00 00 00 00 00 
       00001E4C 00 00 00 00 00 00 00 00 00 00 
       00001E56 00 00 00 00 00 00 00 00 00 00 
       00001E60 00 00 00 00 00 00 00 00 00 00 
       00001E6A 00 00 00 00 00 00 00 00 00 00 
       00001E74 00 00 00 00 00 00 00 00 00 00 
       00001E7E 00 00 00 00 00 00 00 00 00 00 
       00001E88 00 00 00 00 00 00 00 00 00 00 
       00001E92 00 00 00 00 00 00 00 00 00 00 
       00001E9C 00 00 00 00 00 00 00 00 00 00 
       00001EA6 00 00 00 00 00 00 00 00 00 00 
       00001EB0 00 00 00 00 00 00 00 00 00 00 
       00001EBA 00 00 00 00 00 00 00 00 00 00 
       00001EC4 00 00 00 00 00 00 00 00 00 00 
       00001ECE 00 00 00 00 00 00 00 00 00 00 
       00001ED8 00 00 00 00 00 00 00 00 00 00 
       00001EE2 00 00 00 00 00 00 00 00 00 00 
       00001EEC 00 00 00 00 00 00 00 00 00 00 
       00001EF6 00 00 00 00 00 00 00 00 00 00 
       00001F00 00 00 00 00 00 00 00 00 00 00 
       00001F0A 00 00 00 00 00 00 00 00 00 00 
       00001F14 00 00 00 00 00 00 00 00 00 00 
       00001F1E 00 00 00 00 00 00 00 00 00 00 
       00001F28 00 00 00 00 00 00 00 00 00 00 
       00001F32 00 00 00 00 00 00 00 00 00 00 
       00001F3C 00 00 00 00 00 00 00 00 00 00 
       00001F46 00 00 00 00 00 00 00 00 00 00 
       00001F50 00 00 00 00 00 00 00 00 00 00 
       00001F5A 00 00 00 00 00 00 00 00 00 00 
       00001F64 00 00 00 00 00 00 00 00 00 00 
       00001F6E 00 00 00 00 00 00 00 00 00 00 
       00001F78 00 00 00 00 00 00 00 00 00 00 
       00001F82 00 00 00 00 00 00 00 00 00 00 
       00001F8C 00 00 00 00 00 00 00 00 00 00 
       00001F96 00 00 00 00 00 00 00 00 00 00 
       00001FA0 00 00 00 00 00 00 00 00 00 00 
       00001FAA 00 00 00 00 00 00 00 00 00 00 
       00001FB4 00 00 00 00 00 00 00 00 00 00 
       00001FBE 00 00 00 00 00 00 00 00 00 00 
       00001FC8 00 00 00 00 00 00 00 00 00 00 
       00001FD2 00 00 00 00 00 00 00 00 00 00 
       00001FDC 00 00 00 00 00 00 00 00 00 00 
       00001FE6 00 00 00 00 00 00 00 00 00 00 
       00001FF0 00 00 00 00 00 00 00 00 00 00 
       00001FFA 00 00 00 00 00 00 00 00 00 00 
       00002004 00 00 00 00 00 00 00 00 00 00 
       0000200E 00 00 00 00 00 00 00 00 00 00 
       00002018 00 00 00 00 00 00 00 00 00 00 
       00002022 00 00 00 00 00 00 00 00 00 00 
       0000202C 00 00 00 00 00 00 00 00 00 00 
       00002036 00 00 00 00 00 00 00 00 00 00 
       00002040 00 00 00 00 00 00 00 00 00 00 
       0000204A 00 00 00 00 00 00 00 00 00 00 
       00002054 00 00 00 00 00 00 00 00 00 00 
       0000205E 00 00 00 00 00 00 00 00 00 00 
       00002068 00 00 00 00 00 00 00 00 00 00 
       00002072 00 00 00 00 00 00 00 00 00 00 
       0000207C 00 00 00 00 00 00 00 00 00 00 
       00002086 00 00 00 00 00 00 00 00 00 00 
       00002090 00 00 00 00 00 00 00 00 00 00 
       0000209A 00 00 00 00 00 00 00 00 00 00 
       000020A4 00 00 00 00 00 00 00 00 00 00 
       000020AE 00 00 00 00 00 00 00 00 00 00 
       000020B8 00 00 00 00 00 00 00 00 00 00 
       000020C2 00 00 00 00 00 00 00 00 00 00 
       000020CC 00 00 00 00 00 00 00 00 00 00 
       000020D6 00 00 00 00 00 00 00 00 00 00 
       000020E0 00 00 00 00 00 00 00 00 00 00 
       000020EA 00 00 00 00 00 00 00 00 00 00 
       000020F4 00 00 00 00 00 00 00 00 00 00 
       000020FE 00 00 00 00 00 00 00 00 00 00 
       00002108 00 00 00 00 00 00 00 00 00 00 
       00002112 00 00 00 00 00 00 00 00 00 00 
       0000211C 00 00 00 00 00 00 00 00 00 00 
       00002126 00 00 00 00 00 00 00 00 00 00 
       00002130 00 00 00 00 00 00 00 00 00 00 
       0000213A 00 00 00 00 00 00 00 00 00 00 
       00002144 00 00 00 00 00 00 00 00 00 00 
       0000214E 00 00 00 00 00 00 00 00 00 00 
       00002158 00 00 00 00 00 00 00 00 00 00 
       00002162 00 00 00 00 00 00 00 00 00 00 
       0000216C 00 00 00 00 00 00 00 00 00 00 
       00002176 00 00 00 00 00 00 00 00 00 00 
       00002180 00 00 00 00 00 00 00 00 00 00 
       0000218A 00 00 00 00 00 00 00 00 00 00 
       00002194 00 00 00 00 00 00 00 00 00 00 
       0000219E 00 00 00 00 00 00 00 00 00 00 
       000021A8 00 00 00 00 00 00 00 00 00 00 
       000021B2 00 00 00 00 00 00 00 00 00 00 
       000021BC 00 00 00 00 00 00 00 00 00 00 
       000021C6 00 00 00 00 00 00 00 00 00 00 
       000021D0 00 00 00 00 00 00 00 00 00 00 
       000021DA 00 00 00 00 00 00 00 00 00 00 
       000021E4 00 00 00 00 00 00 00 00 00 00 
       000021EE 00 00 00 00 00 00 00 00 00 00 
       000021F8 00 00 00 00 00 00 00 00 00 00 
       00002202 00 00 00 00 00 00 00 00 00 00 
       0000220C 00 00 00 00 00 00 00 00 00 00 
       00002216 00 00 00 00 00 00 00 00 00 00 
       00002220 00 00 00 00 00 00 00 00 00 00 
       0000222A 00 00 00 00 00 00 00 00 00 00 
       00002234 00 00 00 00 00 00 00 00 00 00 
       0000223E 00 00 00 00 00 00 00 00 00 00 
       00002248 00 00 00 00 00 00 00 00 00 00 
       00002252 00 00 00 00 00 00 00 00 00 00 
       0000225C 00 00 00 00 00 00 00 00 00 00 
       00002266 00 00 00 00 00 00 00 00 00 00 
       00002270 00 00 00 00 00 00 00 00 00 00 
       0000227A 00 00 00 00 00 00 00 00 00 00 
       00002284 00 00 00 00 00 00 00 00 00 00 
       0000228E 00 00 00 00 00 00 00 00 00 00 
       00002298 00 00 00 00 00 00 00 00 00 00 
       000022A2 00 00 00 00 00 00 00 00 00 00 
       000022AC 00 00 00 00 00 00 00 00 00 00 
       000022B6 00 00 00 00 00 00 00 00 00 00 
       000022C0 00 00 00 00 00 00 00 00 00 00 
       000022CA 00 00 00 00 00 00 00 00 00 00 
       000022D4 00 00 00 00 00 00 00 00 00 00 
       000022DE 00 00 00 00 00 00 00 00 00 00 
       000022E8 00 00 00 00 00 00 00 00 00 00 
       000022F2 00 00 00 00 00 00 00 00 00 00 
       000022FC 00 00 00 00 00 00 00 00 00 00 
       00002306 00 00 00 00 00 00 00 00 00 00 
       00002310 00 00 00 00 00 00 00 00 00 00 
       0000231A 00 00 00 00 00 00 00 00 00 00 
       00002324 00 00 00 00 00 00 00 00 00 00 
       0000232E 00 00 00 00 00 00 00 00 00 00 
       00002338 00 00 00 00 00 00 00 00 00 00 
       00002342 00 00 00 00 00 00 00 00 00 00 
       0000234C 00 00 00 00 00 00 00 00 00 00 
       00002356 00 00 00 00 00 00 00 00 00 00 
       00002360 00 00 00 00 00 00 00 00 00 00 
       0000236A 00 00 00 00 00 00 00 00 00 00 
       00002374 00 00 00 00 00 00 00 00 00 00 
       0000237E 00 00 00 00 00 00 00 00 00 00 
       00002388 00 00 00 00 00 00 00 00 00 00 
       00002392 00 00 00 00 00 00 00 00 00 00 
       0000239C 00 00 00 00 00 00 00 00 00 00 
       000023A6 00 00 00 00 00 00 00 00 00 00 
       000023B0 00 00 00 00 00 00 00 00 00 00 
       000023BA 00 00 00 00 00 00 00 00 00 00 
       000023C4 00 00 00 00 00 00 00 00 00 00 
       000023CE 00 00 00 00 00 00 00 00 00 00 
       000023D8 00 00 00 00 00 00 00 00 00 00 
       000023E2 00 00 00 00 00 00 00 00 00 00 
       000023EC 00 00 00 00 00 00 00 00 00 00 
       000023F6 00 00 00 00 00 00 00 00 00 00 
       00002400 00 00 00 00 00 00 00 00 00 00 
       0000240A 00 00 00 00 00 00 00 00 00 00 
       00002414 00 00 00 00 00 00 00 00 00 00 
       0000241E 00 00 00 00 00 00 00 00 00 00 
       00002428 00 00 00 00 00 00 00 00 00 00 
       00002432 00 00 00 00 00 00 00 00 00 00 
       0000243C 00 00 00 00 00 00 00 00 00 00 
       00002446 00 00 00 00 00 00 00 00 00 00 
       00002450 00 00 00 00 00 00 00 00 00 00 
       0000245A 00 00 00 00 00 00 00 00 00 00 
       00002464 00 00 00 00 00 00 00 00 00 00 
       0000246E 00 00 00 00 00 00 00 00 00 00 
       00002478 00 00 00 00 00 00 00 00 00 00 
       00002482 00 00 00 00 00 00 00 00 00 00 
       0000248C 00 00 00 00 00 00 00 00 00 00 
       00002496 00 00 00 00 00 00 00 00 00 00 
       000024A0 00 00 00 00 00 00 00 00 00 00 
       000024AA 00 00 00 00 00 00 00 00 00 00 
       000024B4 00 00 00 00 00 00 00 00 00 00 
       000024BE 00 00 00 00 00 00 00 00 00 00 
       000024C8 00 00 00 00 00 00 00 00 00 00 
       000024D2 00 00 00 00 00 00 00 00 00 00 
       000024DC 00 00 00 00 00 00 00 00 00 00 
       000024E6 00 00 00 00 00 00 00 00 00 00 
       000024F0 00 00 00 00 00 00 00 00 00 00 
       000024FA 00 00 00 00 00 00 00 00 00 00 
       00002504 00 00 00 00 00 00 00 00 00 00 
       0000250E 00 00 00 00 00 00 00 00 00 00 
       00002518 00 00 00 00 00 00 00 00 00 00 
       00002522 00 00 00 00 00 00 00 00 00 00 
       0000252C 00 00 00 00 00 00 00 00 00 00 
       00002536 00 00 00 00 00 00 00 00 00 00 
       00002540 00 00 00 00 00 00 00 00 00 00 
       0000254A 00 00 00 00 00 00 00 00 00 00 
       00002554 00 00 00 00 00 00 00 00 00 00 
       0000255E 00 00 00 00 00 00 00 00 00 00 
       00002568 00 00 00 00 00 00 00 00 00 00 
       00002572 00 00 00 00 00 00 00 00 00 00 
       0000257C 00 00 00 00 00 00 00 00 00 00 
       00002586 00 00 00 00 00 00 00 00 00 00 
       00002590 00 00 00 00 00 00 00 00 00 00 
       0000259A 00 00 00 00 00 00 00 00 00 00 
       000025A4 00 00 00 00 00 00 00 00 00 00 
       000025AE 00 00 00 00 00 00 00 00 00 00 
       000025B8 00 00 00 00 00 00 00 00 00 00 
       000025C2 00 00 00 00 00 00 00 00 00 00 
       000025CC 00 00 00 00 00 00 00 00 00 00 
       000025D6 00 00 00 00 00 00 00 00 00 00 
       000025E0 00 00 00 00 00 00 00 00 00 00 
       000025EA 00 00 00 00 00 00 00 00 00 00 
       000025F4 00 00 00 00 00 00 00 00 00 00 
       000025FE 00 00 00 00 00 00 00 00 00 00 
       00002608 00 00 00 00 00 00 00 00 00 00 
       00002612 00 00 00 00 00 00 00 00 00 00 
       0000261C 00 00 00 00 00 00 00 00 00 00 
       00002626 00 00 00 00 00 00 00 00 00 00 
       00002630 00 00 00 00 00 00 00 00 00 00 
       0000263A 00 00 00 00 00 00 00 00 00 00 
       00002644 00 00 00 00 00 00 00 00 00 00 
       0000264E 00 00 00 00 00 00 00 00 00 00 
       00002658 00 00 00 00 00 00 00 00 00 00 
       00002662 00 00 00 00 00 00 00 00 00 00 
       0000266C 00 00 00 00 00 00 00 00 00 00 
       00002676 00 00 00 00 00 00 00 00 00 00 
       00002680 00 00 00 00 00 00 00 00 00 00 
       0000268A 00 00 00 00 00 00 00 00 00 00 
       00002694 00 00 00 00 00 00 00 00 00 00 
       0000269E 00 00 00 00 00 00 00 00 00 00 
       000026A8 00 00 00 00 00 00 00 00 00 00 
       000026B2 00 00 00 00 00 00 00 00 00 00 
       000026BC 00 00 00 00 00 00 00 00 00 00 
       000026C6 00 00 00 00 00 00 00 00 00 00 
       000026D0 00 00 00 00 00 00 00 00 00 00 
       000026DA 00 00 00 00 00 00 00 00 00 00 
       000026E4 00 00 00 00 00 00 00 00 00 00 
       000026EE 00 00 00 00 00 00 00 00 00 00 
       000026F8 00 00 00 00 00 00 00 00 00 00 
       00002702 00 00 00 00 00 00 00 00 00 00 
       0000270C 00 00 00 00 00 00 00 00 00 00 
       00002716 00 00 00 00 00 00 00 00 00 00 
       00002720 00 00 00 00 00 00 00 00 00 00 
       0000272A 00 00 00 00 00 00 00 00 00 00 
       00002734 00 00 00 00 00 00 00 00 00 00 
       0000273E 00 00 00 00 00 00 00 00 00 00 
       00002748 00 00 00 00 00 00 00 00 00 00 
       00002752 00 00 00 00 00 00 00 00 00 00 
       0000275C 00 00 00 00 00 00 00 00 00 00 
       00002766 00 00 00 00 00 00 00 00 00 00 
       00002770 00 00 00 00 00 00 00 00 00 00 
       0000277A 00 00 00 00 00 00 
